[0.014s] Invoking command in '/home/leon/Dev/TUM/autonome-systeme/project/Autonomous-Systems-Sub-Terrain-Challenge-GR04/ros2_ws/build/simulation': AMENT_PREFIX_PATH=/home/leon/Dev/TUM/autonome-systeme/project/Autonomous-Systems-Sub-Terrain-Challenge-GR04/ros2_ws/install/mav_msgs:${AMENT_PREFIX_PATH} CMAKE_PREFIX_PATH=/home/leon/Dev/TUM/autonome-systeme/project/Autonomous-Systems-Sub-Terrain-Challenge-GR04/ros2_ws/install/mav_msgs:/opt/ros/jazzy/opt/gz_math_vendor:/opt/ros/jazzy/opt/gz_utils_vendor:/opt/ros/jazzy/opt/gz_cmake_vendor:/opt/ros/jazzy DEBUGINFOD_URLS=https://debuginfod.ubuntu.com LD_LIBRARY_PATH=/home/leon/Dev/TUM/autonome-systeme/project/Autonomous-Systems-Sub-Terrain-Challenge-GR04/ros2_ws/install/mav_msgs/lib:${LD_LIBRARY_PATH} PYTHONPATH=/home/leon/Dev/TUM/autonome-systeme/project/Autonomous-Systems-Sub-Terrain-Challenge-GR04/ros2_ws/install/mav_msgs/lib/python3.12/site-packages:${PYTHONPATH} /usr/bin/cmake /home/leon/Dev/TUM/autonome-systeme/project/Autonomous-Systems-Sub-Terrain-Challenge-GR04/ros2_ws/src/simulation -DCMAKE_INSTALL_PREFIX=/home/leon/Dev/TUM/autonome-systeme/project/Autonomous-Systems-Sub-Terrain-Challenge-GR04/ros2_ws/install/simulation
[0.076s] -- The C compiler identification is GNU 13.3.0
[0.138s] -- The CXX compiler identification is GNU 13.3.0
[0.153s] -- Detecting C compiler ABI info
[0.243s] -- Detecting C compiler ABI info - done
[0.253s] -- Check for working C compiler: /usr/bin/ccache - skipped
[0.254s] -- Detecting C compile features
[0.254s] -- Detecting C compile features - done
[0.259s] -- Detecting CXX compiler ABI info
[0.359s] -- Detecting CXX compiler ABI info - done
[0.366s] -- Check for working CXX compiler: /usr/bin/ccache - skipped
[0.367s] -- Detecting CXX compile features
[0.367s] -- Detecting CXX compile features - done
[0.370s] -- Found ament_cmake: 2.5.4 (/opt/ros/jazzy/share/ament_cmake/cmake)
[0.523s] -- Found Python3: /usr/bin/python3 (found version "3.12.3") found components: Interpreter 
[0.635s] -- Found rclcpp: 28.1.13 (/opt/ros/jazzy/share/rclcpp/cmake)
[0.674s] -- Found rosidl_generator_c: 4.6.6 (/opt/ros/jazzy/share/rosidl_generator_c/cmake)
[0.685s] -- Found rosidl_generator_cpp: 4.6.6 (/opt/ros/jazzy/share/rosidl_generator_cpp/cmake)
[0.701s] -- Using all available rosidl_typesupport_c: rosidl_typesupport_fastrtps_c;rosidl_typesupport_introspection_c
[0.720s] -- Using all available rosidl_typesupport_cpp: rosidl_typesupport_fastrtps_cpp;rosidl_typesupport_introspection_cpp
[0.826s] -- Found rmw_implementation_cmake: 7.3.2 (/opt/ros/jazzy/share/rmw_implementation_cmake/cmake)
[0.832s] -- Found rmw_fastrtps_cpp: 8.4.3 (/opt/ros/jazzy/share/rmw_fastrtps_cpp/cmake)
[0.935s] -- Found OpenSSL: /usr/lib/x86_64-linux-gnu/libcrypto.so (found version "3.0.13")  
[0.961s] -- Found FastRTPS: /opt/ros/jazzy/include (Required is at least version "2.13") 
[0.993s] -- Using RMW implementation 'rmw_fastrtps_cpp' as default
[1.088s] -- Found std_msgs: 5.3.6 (/opt/ros/jazzy/share/std_msgs/cmake)
[1.102s] -- Found geometry_msgs: 5.3.6 (/opt/ros/jazzy/share/geometry_msgs/cmake)
[1.120s] -- Found tf2: 0.36.16 (/opt/ros/jazzy/share/tf2/cmake)
[1.126s] -- Found tf2_ros: 0.36.16 (/opt/ros/jazzy/share/tf2_ros/cmake)
[1.277s] -- Found tf2_geometry_msgs: 0.36.16 (/opt/ros/jazzy/share/tf2_geometry_msgs/cmake)
[1.301s] -- Found eigen3_cmake_module: 0.3.0 (/opt/ros/jazzy/share/eigen3_cmake_module/cmake)
[1.303s] -- Found Eigen3: TRUE (found version "3.4.0") 
[1.303s] -- Ensuring Eigen3 include directory is part of orocos-kdl CMake target
[1.306s] -- Found mav_msgs: 3.3.3 (/home/leon/Dev/TUM/autonome-systeme/project/Autonomous-Systems-Sub-Terrain-Challenge-GR04/ros2_ws/install/mav_msgs/share/mav_msgs/cmake)
[1.362s] -- Found trajectory_msgs: 5.3.6 (/opt/ros/jazzy/share/trajectory_msgs/cmake)
[1.382s] -- Found visualization_msgs: 5.3.6 (/opt/ros/jazzy/share/visualization_msgs/cmake)
[1.443s] -- Found cv_bridge: 4.1.0 (/opt/ros/jazzy/share/cv_bridge/cmake)
[1.461s] -- Found OpenCV: /usr (found version "4.6.0") 
[1.493s] -- Performing Test CMAKE_HAVE_LIBC_PTHREAD
[1.631s] -- Performing Test CMAKE_HAVE_LIBC_PTHREAD - Success
[1.632s] -- Found Threads: TRUE  
[1.736s] -- Configuring done (1.7s)
[1.771s] -- Generating done (0.0s)
[1.778s] -- Build files have been written to: /home/leon/Dev/TUM/autonome-systeme/project/Autonomous-Systems-Sub-Terrain-Challenge-GR04/ros2_ws/build/simulation
[1.799s] Invoked command in '/home/leon/Dev/TUM/autonome-systeme/project/Autonomous-Systems-Sub-Terrain-Challenge-GR04/ros2_ws/build/simulation' returned '0': AMENT_PREFIX_PATH=/home/leon/Dev/TUM/autonome-systeme/project/Autonomous-Systems-Sub-Terrain-Challenge-GR04/ros2_ws/install/mav_msgs:${AMENT_PREFIX_PATH} CMAKE_PREFIX_PATH=/home/leon/Dev/TUM/autonome-systeme/project/Autonomous-Systems-Sub-Terrain-Challenge-GR04/ros2_ws/install/mav_msgs:/opt/ros/jazzy/opt/gz_math_vendor:/opt/ros/jazzy/opt/gz_utils_vendor:/opt/ros/jazzy/opt/gz_cmake_vendor:/opt/ros/jazzy DEBUGINFOD_URLS=https://debuginfod.ubuntu.com LD_LIBRARY_PATH=/home/leon/Dev/TUM/autonome-systeme/project/Autonomous-Systems-Sub-Terrain-Challenge-GR04/ros2_ws/install/mav_msgs/lib:${LD_LIBRARY_PATH} PYTHONPATH=/home/leon/Dev/TUM/autonome-systeme/project/Autonomous-Systems-Sub-Terrain-Challenge-GR04/ros2_ws/install/mav_msgs/lib/python3.12/site-packages:${PYTHONPATH} /usr/bin/cmake /home/leon/Dev/TUM/autonome-systeme/project/Autonomous-Systems-Sub-Terrain-Challenge-GR04/ros2_ws/src/simulation -DCMAKE_INSTALL_PREFIX=/home/leon/Dev/TUM/autonome-systeme/project/Autonomous-Systems-Sub-Terrain-Challenge-GR04/ros2_ws/install/simulation
[1.800s] Invoking command in '/home/leon/Dev/TUM/autonome-systeme/project/Autonomous-Systems-Sub-Terrain-Challenge-GR04/ros2_ws/build/simulation': AMENT_PREFIX_PATH=/home/leon/Dev/TUM/autonome-systeme/project/Autonomous-Systems-Sub-Terrain-Challenge-GR04/ros2_ws/install/mav_msgs:${AMENT_PREFIX_PATH} CMAKE_PREFIX_PATH=/home/leon/Dev/TUM/autonome-systeme/project/Autonomous-Systems-Sub-Terrain-Challenge-GR04/ros2_ws/install/mav_msgs:/opt/ros/jazzy/opt/gz_math_vendor:/opt/ros/jazzy/opt/gz_utils_vendor:/opt/ros/jazzy/opt/gz_cmake_vendor:/opt/ros/jazzy DEBUGINFOD_URLS=https://debuginfod.ubuntu.com LD_LIBRARY_PATH=/home/leon/Dev/TUM/autonome-systeme/project/Autonomous-Systems-Sub-Terrain-Challenge-GR04/ros2_ws/install/mav_msgs/lib:${LD_LIBRARY_PATH} PYTHONPATH=/home/leon/Dev/TUM/autonome-systeme/project/Autonomous-Systems-Sub-Terrain-Challenge-GR04/ros2_ws/install/mav_msgs/lib/python3.12/site-packages:${PYTHONPATH} /usr/bin/cmake --build /home/leon/Dev/TUM/autonome-systeme/project/Autonomous-Systems-Sub-Terrain-Challenge-GR04/ros2_ws/build/simulation -- -j12 -l12
[1.866s] [ 11%] [32mBuilding CXX object CMakeFiles/state_estimate_corruptor_node.dir/src/state_estimate_corruptor_node.cpp.o[0m
[1.866s] [ 11%] [34m[1mCreating directories for 'libsocket'[0m
[1.891s] [ 16%] [34m[1mPerforming download step (git clone) for 'libsocket'[0m
[1.920s] Cloning into 'libsocket'...
[3.072s] Already on 'master'
[3.072s] Your branch is up to date with 'origin/master'.
[3.150s] [ 22%] [34m[1mNo update step for 'libsocket'[0m
[3.178s] [ 27%] [34m[1mNo patch step for 'libsocket'[0m
[3.209s] [ 33%] [34m[1mPerforming configure step for 'libsocket'[0m
[3.222s] [33mCMake Warning (dev) at CMakeLists.txt:1 (PROJECT):
[3.222s]   cmake_minimum_required() should be called prior to this top-level project()
[3.222s]   call.  Please see the cmake-commands(7) manual for usage documentation of
[3.223s]   both commands.
[3.223s] This warning is for project developers.  Use -Wno-dev to suppress it.
[3.223s] [0m
[3.275s] -- The C compiler identification is GNU 13.3.0
[3.351s] -- The CXX compiler identification is GNU 13.3.0
[3.369s] -- Detecting C compiler ABI info
[3.462s] -- Detecting C compiler ABI info - done
[3.469s] -- Check for working C compiler: /usr/bin/ccache - skipped
[3.469s] -- Detecting C compile features
[3.470s] -- Detecting C compile features - done
[3.477s] -- Detecting CXX compiler ABI info
[3.582s] -- Detecting CXX compiler ABI info - done
[3.598s] -- Check for working CXX compiler: /usr/bin/ccache - skipped
[3.599s] -- Detecting CXX compile features
[3.599s] -- Detecting CXX compile features - done
[3.600s] [0mCMake Deprecation Warning at CMakeLists.txt:2 (CMAKE_MINIMUM_REQUIRED):
[3.600s]   Compatibility with CMake < 3.5 will be removed from a future version of
[3.600s]   CMake.
[3.600s] 
[3.600s]   Update the VERSION argument <min> value or use a ...<max> suffix to tell
[3.602s]   CMake that the project does not need compatibility with older versions.
[3.602s] 
[3.602s] [0m
[3.603s] [0mCMake Deprecation Warning at C/CMakeLists.txt:1 (CMAKE_MINIMUM_REQUIRED):
[3.603s]   Compatibility with CMake < 3.5 will be removed from a future version of
[3.603s]   CMake.
[3.603s] 
[3.603s]   Update the VERSION argument <min> value or use a ...<max> suffix to tell
[3.603s]   CMake that the project does not need compatibility with older versions.
[3.603s] 
[3.603s] [0m
[3.603s] [0mCMake Deprecation Warning at headers/CMakeLists.txt:1 (CMAKE_MINIMUM_REQUIRED):
[3.603s]   Compatibility with CMake < 3.5 will be removed from a future version of
[3.603s]   CMake.
[3.603s] 
[3.603s]   Update the VERSION argument <min> value or use a ...<max> suffix to tell
[3.603s]   CMake that the project does not need compatibility with older versions.
[3.603s] 
[3.604s] [0m
[3.604s] [0mCMake Deprecation Warning at C++/CMakeLists.txt:1 (cmake_minimum_required):
[3.604s]   Compatibility with CMake < 3.5 will be removed from a future version of
[3.604s]   CMake.
[3.604s] 
[3.604s]   Update the VERSION argument <min> value or use a ...<max> suffix to tell
[3.604s]   CMake that the project does not need compatibility with older versions.
[3.604s] 
[3.604s] [0m
[3.612s] -- Configuring done (0.4s)
[3.626s] -- Generating done (0.0s)
[3.628s] -- Build files have been written to: /home/leon/Dev/TUM/autonome-systeme/project/Autonomous-Systems-Sub-Terrain-Challenge-GR04/ros2_ws/build/simulation/libsocket-prefix/src/libsocket-build
[3.654s] [ 38%] [34m[1mPerforming build step for 'libsocket'[0m
[3.711s] [  4%] [32mBuilding C object C/CMakeFiles/socket_o.dir/unix/libunixsocket.c.o[0m
[3.716s] [ 12%] [32mBuilding CXX object C++/CMakeFiles/socket++_o.dir/dgramoverstream.cpp.o[0m
[3.716s] [ 12%] [32mBuilding CXX object C++/CMakeFiles/socket++_o.dir/dgramclient.cpp.o[0m
[3.720s] [ 20%] [32mBuilding CXX object C++/CMakeFiles/socket++_o.dir/unixclientdgram.cpp.o[0m
[3.720s] [ 25%] [32mBuilding CXX object C++/CMakeFiles/socket++_o.dir/inetserverdgram.cpp.o[0m
[3.721s] [ 29%] [32mBuilding C object C/CMakeFiles/socket_o.dir/inet/libinetsocket.c.o[0m
[3.722s] [ 29%] [32mBuilding CXX object C++/CMakeFiles/socket++_o.dir/inetbase.cpp.o[0m
[3.727s] [ 33%] [32mBuilding CXX object C++/CMakeFiles/socket++_o.dir/framing.cpp.o[0m
[3.727s] [ 37%] [32mBuilding CXX object C++/CMakeFiles/socket++_o.dir/streamclient.cpp.o[0m
[3.728s] [ 41%] [32mBuilding CXX object C++/CMakeFiles/socket++_o.dir/inetclientstream.cpp.o[0m
[3.732s] [ 45%] [32mBuilding CXX object C++/CMakeFiles/socket++_o.dir/select.cpp.o[0m
[4.051s] [ 50%] [32mBuilding CXX object C++/CMakeFiles/socket++_o.dir/unixdgram.cpp.o[0m
[4.261s] [ 54%] [32mBuilding CXX object C++/CMakeFiles/socket++_o.dir/unixserverstream.cpp.o[0m
[4.266s] [ 54%] Built target socket_o
[4.300s] [ 58%] [32mBuilding CXX object C++/CMakeFiles/socket++_o.dir/exception.cpp.o[0m
[4.310s] [ 62%] [32mBuilding CXX object C++/CMakeFiles/socket++_o.dir/inetclientdgram.cpp.o[0m
[4.361s] [ 66%] [32mBuilding CXX object C++/CMakeFiles/socket++_o.dir/inetdgram.cpp.o[0m
[4.400s] [ 70%] [32mBuilding CXX object C++/CMakeFiles/socket++_o.dir/inetserverstream.cpp.o[0m
[4.427s] [ 75%] [32mBuilding CXX object C++/CMakeFiles/socket++_o.dir/socket.cpp.o[0m
[4.546s] [ 79%] [32m[1mLinking C static library libsocket_int.a[0m
[4.660s] [ 83%] [32mBuilding CXX object C++/CMakeFiles/socket++_o.dir/unixbase.cpp.o[0m
[4.663s] [ 87%] [32m[1mLinking C shared library libsocket.so[0m
[4.785s] [ 91%] [32mBuilding CXX object C++/CMakeFiles/socket++_o.dir/unixclientstream.cpp.o[0m
[4.814s] [ 91%] Built target socket
[4.828s] [ 95%] [32mBuilding CXX object C++/CMakeFiles/socket++_o.dir/unixserverdgram.cpp.o[0m
[4.911s] [ 95%] Built target socket_int
[5.226s] [ 95%] Built target socket++_o
[5.254s] [100%] [32m[1mLinking CXX shared library libsocket++.so[0m
[5.359s] [100%] Built target socket++
[5.393s] [ 44%] [34m[1mPerforming install step for 'libsocket'[0m
[5.453s] [  8%] Built target socket_o
[5.473s] [ 87%] Built target socket++_o
[5.483s] [ 91%] Built target socket_int
[5.484s] [ 95%] Built target socket
[5.516s] [100%] Built target socket++
[5.564s] [36mInstall the project...[0m
[5.582s] -- Install configuration: "Release"
[5.582s] -- Installing: /home/leon/Dev/TUM/autonome-systeme/project/Autonomous-Systems-Sub-Terrain-Challenge-GR04/ros2_ws/install/simulation/lib/libsocket.so
[5.584s] -- Installing: /home/leon/Dev/TUM/autonome-systeme/project/Autonomous-Systems-Sub-Terrain-Challenge-GR04/ros2_ws/install/simulation/include/libsocket/unixdgram.hpp
[5.584s] -- Installing: /home/leon/Dev/TUM/autonome-systeme/project/Autonomous-Systems-Sub-Terrain-Challenge-GR04/ros2_ws/install/simulation/include/libsocket/exception.hpp
[5.584s] -- Installing: /home/leon/Dev/TUM/autonome-systeme/project/Autonomous-Systems-Sub-Terrain-Challenge-GR04/ros2_ws/install/simulation/include/libsocket/inetclientdgram.hpp
[5.585s] -- Installing: /home/leon/Dev/TUM/autonome-systeme/project/Autonomous-Systems-Sub-Terrain-Challenge-GR04/ros2_ws/install/simulation/include/libsocket/libinetsocket.h
[5.588s] -- Installing: /home/leon/Dev/TUM/autonome-systeme/project/Autonomous-Systems-Sub-Terrain-Challenge-GR04/ros2_ws/install/simulation/include/libsocket/unixserverstream.hpp
[5.588s] -- Installing: /home/leon/Dev/TUM/autonome-systeme/project/Autonomous-Systems-Sub-Terrain-Challenge-GR04/ros2_ws/install/simulation/include/libsocket/dgramclient.hpp
[5.589s] -- Installing: /home/leon/Dev/TUM/autonome-systeme/project/Autonomous-Systems-Sub-Terrain-Challenge-GR04/ros2_ws/install/simulation/include/libsocket/streamclient.hpp
[5.589s] -- Installing: /home/leon/Dev/TUM/autonome-systeme/project/Autonomous-Systems-Sub-Terrain-Challenge-GR04/ros2_ws/install/simulation/include/libsocket/inetserverstream.hpp
[5.589s] -- Installing: /home/leon/Dev/TUM/autonome-systeme/project/Autonomous-Systems-Sub-Terrain-Challenge-GR04/ros2_ws/install/simulation/include/libsocket/unixclientdgram.hpp
[5.589s] -- Installing: /home/leon/Dev/TUM/autonome-systeme/project/Autonomous-Systems-Sub-Terrain-Challenge-GR04/ros2_ws/install/simulation/include/libsocket/socket.hpp
[5.589s] -- Installing: /home/leon/Dev/TUM/autonome-systeme/project/Autonomous-Systems-Sub-Terrain-Challenge-GR04/ros2_ws/install/simulation/include/libsocket/inetbase.hpp
[5.589s] -- Installing: /home/leon/Dev/TUM/autonome-systeme/project/Autonomous-Systems-Sub-Terrain-Challenge-GR04/ros2_ws/install/simulation/include/libsocket/inetserverdgram.hpp
[5.589s] -- Installing: /home/leon/Dev/TUM/autonome-systeme/project/Autonomous-Systems-Sub-Terrain-Challenge-GR04/ros2_ws/install/simulation/include/libsocket/unixclientstream.hpp
[5.589s] -- Installing: /home/leon/Dev/TUM/autonome-systeme/project/Autonomous-Systems-Sub-Terrain-Challenge-GR04/ros2_ws/install/simulation/include/libsocket/libunixsocket.h
[5.589s] -- Installing: /home/leon/Dev/TUM/autonome-systeme/project/Autonomous-Systems-Sub-Terrain-Challenge-GR04/ros2_ws/install/simulation/include/libsocket/select.hpp
[5.590s] -- Installing: /home/leon/Dev/TUM/autonome-systeme/project/Autonomous-Systems-Sub-Terrain-Challenge-GR04/ros2_ws/install/simulation/include/libsocket/inetclientstream.hpp
[5.590s] -- Installing: /home/leon/Dev/TUM/autonome-systeme/project/Autonomous-Systems-Sub-Terrain-Challenge-GR04/ros2_ws/install/simulation/include/libsocket/unixbase.hpp
[5.590s] -- Installing: /home/leon/Dev/TUM/autonome-systeme/project/Autonomous-Systems-Sub-Terrain-Challenge-GR04/ros2_ws/install/simulation/include/libsocket/unixserverdgram.hpp
[5.590s] -- Installing: /home/leon/Dev/TUM/autonome-systeme/project/Autonomous-Systems-Sub-Terrain-Challenge-GR04/ros2_ws/install/simulation/include/libsocket/inetdgram.hpp
[5.590s] -- Installing: /home/leon/Dev/TUM/autonome-systeme/project/Autonomous-Systems-Sub-Terrain-Challenge-GR04/ros2_ws/install/simulation/include/libsocket/dgramoverstream.hpp
[5.590s] -- Installing: /home/leon/Dev/TUM/autonome-systeme/project/Autonomous-Systems-Sub-Terrain-Challenge-GR04/ros2_ws/install/simulation/include/libsocket/framing.hpp
[5.590s] -- Installing: /home/leon/Dev/TUM/autonome-systeme/project/Autonomous-Systems-Sub-Terrain-Challenge-GR04/ros2_ws/install/simulation/include/libsocket/epoll.hpp
[5.590s] -- Installing: /home/leon/Dev/TUM/autonome-systeme/project/Autonomous-Systems-Sub-Terrain-Challenge-GR04/ros2_ws/install/simulation/lib/libsocket++.so
[5.611s] [ 50%] [34m[1mCompleted 'libsocket'[0m
[5.666s] [ 50%] Built target libsocket
[5.688s] [ 61%] [32mBuilding CXX object CMakeFiles/w_to_unity.dir/src/w_to_unity.cpp.o[0m
[5.688s] [ 61%] [32mBuilding CXX object tcpimage/CMakeFiles/tcpstreamreader.dir/TCPStreamReader.cpp.o[0m
[6.426s] [ 66%] [32m[1mLinking CXX static library libtcpstreamreader.a[0m
[6.563s] [ 66%] Built target tcpstreamreader
[6.597s] [ 72%] [32mBuilding CXX object tcpimage/CMakeFiles/tcpimage.dir/TCPImageServer.cpp.o[0m
[7.147s] [ 77%] [32m[1mLinking CXX static library libtcpimage.a[0m
[7.263s] [ 77%] Built target tcpimage
[7.298s] [ 83%] [32mBuilding CXX object CMakeFiles/unity_ros.dir/src/unity_ros.cpp.o[0m
[18.406s] [ 88%] [32m[1mLinking CXX executable w_to_unity[0m
[18.885s] [ 88%] Built target w_to_unity
[21.583s] [ 94%] [32m[1mLinking CXX executable state_estimate_corruptor_node[0m
[22.207s] [ 94%] Built target state_estimate_corruptor_node
[27.214s] [100%] [32m[1mLinking CXX executable unity_ros[0m
[28.306s] [100%] Built target unity_ros
[28.325s] Invoked command in '/home/leon/Dev/TUM/autonome-systeme/project/Autonomous-Systems-Sub-Terrain-Challenge-GR04/ros2_ws/build/simulation' returned '0': AMENT_PREFIX_PATH=/home/leon/Dev/TUM/autonome-systeme/project/Autonomous-Systems-Sub-Terrain-Challenge-GR04/ros2_ws/install/mav_msgs:${AMENT_PREFIX_PATH} CMAKE_PREFIX_PATH=/home/leon/Dev/TUM/autonome-systeme/project/Autonomous-Systems-Sub-Terrain-Challenge-GR04/ros2_ws/install/mav_msgs:/opt/ros/jazzy/opt/gz_math_vendor:/opt/ros/jazzy/opt/gz_utils_vendor:/opt/ros/jazzy/opt/gz_cmake_vendor:/opt/ros/jazzy DEBUGINFOD_URLS=https://debuginfod.ubuntu.com LD_LIBRARY_PATH=/home/leon/Dev/TUM/autonome-systeme/project/Autonomous-Systems-Sub-Terrain-Challenge-GR04/ros2_ws/install/mav_msgs/lib:${LD_LIBRARY_PATH} PYTHONPATH=/home/leon/Dev/TUM/autonome-systeme/project/Autonomous-Systems-Sub-Terrain-Challenge-GR04/ros2_ws/install/mav_msgs/lib/python3.12/site-packages:${PYTHONPATH} /usr/bin/cmake --build /home/leon/Dev/TUM/autonome-systeme/project/Autonomous-Systems-Sub-Terrain-Challenge-GR04/ros2_ws/build/simulation -- -j12 -l12
[28.327s] Invoking command in '/home/leon/Dev/TUM/autonome-systeme/project/Autonomous-Systems-Sub-Terrain-Challenge-GR04/ros2_ws/build/simulation': AMENT_PREFIX_PATH=/home/leon/Dev/TUM/autonome-systeme/project/Autonomous-Systems-Sub-Terrain-Challenge-GR04/ros2_ws/install/mav_msgs:${AMENT_PREFIX_PATH} CMAKE_PREFIX_PATH=/home/leon/Dev/TUM/autonome-systeme/project/Autonomous-Systems-Sub-Terrain-Challenge-GR04/ros2_ws/install/mav_msgs:/opt/ros/jazzy/opt/gz_math_vendor:/opt/ros/jazzy/opt/gz_utils_vendor:/opt/ros/jazzy/opt/gz_cmake_vendor:/opt/ros/jazzy DEBUGINFOD_URLS=https://debuginfod.ubuntu.com LD_LIBRARY_PATH=/home/leon/Dev/TUM/autonome-systeme/project/Autonomous-Systems-Sub-Terrain-Challenge-GR04/ros2_ws/install/mav_msgs/lib:${LD_LIBRARY_PATH} PYTHONPATH=/home/leon/Dev/TUM/autonome-systeme/project/Autonomous-Systems-Sub-Terrain-Challenge-GR04/ros2_ws/install/mav_msgs/lib/python3.12/site-packages:${PYTHONPATH} /usr/bin/cmake --install /home/leon/Dev/TUM/autonome-systeme/project/Autonomous-Systems-Sub-Terrain-Challenge-GR04/ros2_ws/build/simulation
[28.334s] -- Install configuration: ""
[28.335s] -- Installing: /home/leon/Dev/TUM/autonome-systeme/project/Autonomous-Systems-Sub-Terrain-Challenge-GR04/ros2_ws/install/simulation/lib/simulation/w_to_unity
[28.341s] -- Set non-toolchain portion of runtime path of "/home/leon/Dev/TUM/autonome-systeme/project/Autonomous-Systems-Sub-Terrain-Challenge-GR04/ros2_ws/install/simulation/lib/simulation/w_to_unity" to ""
[28.341s] -- Installing: /home/leon/Dev/TUM/autonome-systeme/project/Autonomous-Systems-Sub-Terrain-Challenge-GR04/ros2_ws/install/simulation/lib/simulation/state_estimate_corruptor_node
[28.353s] -- Set non-toolchain portion of runtime path of "/home/leon/Dev/TUM/autonome-systeme/project/Autonomous-Systems-Sub-Terrain-Challenge-GR04/ros2_ws/install/simulation/lib/simulation/state_estimate_corruptor_node" to ""
[28.353s] -- Installing: /home/leon/Dev/TUM/autonome-systeme/project/Autonomous-Systems-Sub-Terrain-Challenge-GR04/ros2_ws/install/simulation/lib/simulation/unity_ros
[28.363s] -- Set non-toolchain portion of runtime path of "/home/leon/Dev/TUM/autonome-systeme/project/Autonomous-Systems-Sub-Terrain-Challenge-GR04/ros2_ws/install/simulation/lib/simulation/unity_ros" to ""
[28.363s] -- Installing: /home/leon/Dev/TUM/autonome-systeme/project/Autonomous-Systems-Sub-Terrain-Challenge-GR04/ros2_ws/install/simulation/share/simulation/launch
[28.363s] -- Installing: /home/leon/Dev/TUM/autonome-systeme/project/Autonomous-Systems-Sub-Terrain-Challenge-GR04/ros2_ws/install/simulation/share/simulation/launch/simulation.launch.py
[28.363s] -- Installing: /home/leon/Dev/TUM/autonome-systeme/project/Autonomous-Systems-Sub-Terrain-Challenge-GR04/ros2_ws/install/simulation/share/simulation/launch/unity_sim.launch.py
[28.364s] -- Installing: /home/leon/Dev/TUM/autonome-systeme/project/Autonomous-Systems-Sub-Terrain-Challenge-GR04/ros2_ws/install/simulation/share/simulation/launch/unity_ros.launch.py
[28.364s] -- Installing: /home/leon/Dev/TUM/autonome-systeme/project/Autonomous-Systems-Sub-Terrain-Challenge-GR04/ros2_ws/install/simulation/share/ament_index/resource_index/package_run_dependencies/simulation
[28.364s] -- Installing: /home/leon/Dev/TUM/autonome-systeme/project/Autonomous-Systems-Sub-Terrain-Challenge-GR04/ros2_ws/install/simulation/share/ament_index/resource_index/parent_prefix_path/simulation
[28.365s] -- Installing: /home/leon/Dev/TUM/autonome-systeme/project/Autonomous-Systems-Sub-Terrain-Challenge-GR04/ros2_ws/install/simulation/share/simulation/environment/ament_prefix_path.sh
[28.365s] -- Installing: /home/leon/Dev/TUM/autonome-systeme/project/Autonomous-Systems-Sub-Terrain-Challenge-GR04/ros2_ws/install/simulation/share/simulation/environment/ament_prefix_path.dsv
[28.365s] -- Installing: /home/leon/Dev/TUM/autonome-systeme/project/Autonomous-Systems-Sub-Terrain-Challenge-GR04/ros2_ws/install/simulation/share/simulation/environment/path.sh
[28.365s] -- Installing: /home/leon/Dev/TUM/autonome-systeme/project/Autonomous-Systems-Sub-Terrain-Challenge-GR04/ros2_ws/install/simulation/share/simulation/environment/path.dsv
[28.365s] -- Installing: /home/leon/Dev/TUM/autonome-systeme/project/Autonomous-Systems-Sub-Terrain-Challenge-GR04/ros2_ws/install/simulation/share/simulation/local_setup.bash
[28.365s] -- Installing: /home/leon/Dev/TUM/autonome-systeme/project/Autonomous-Systems-Sub-Terrain-Challenge-GR04/ros2_ws/install/simulation/share/simulation/local_setup.sh
[28.366s] -- Installing: /home/leon/Dev/TUM/autonome-systeme/project/Autonomous-Systems-Sub-Terrain-Challenge-GR04/ros2_ws/install/simulation/share/simulation/local_setup.zsh
[28.366s] -- Installing: /home/leon/Dev/TUM/autonome-systeme/project/Autonomous-Systems-Sub-Terrain-Challenge-GR04/ros2_ws/install/simulation/share/simulation/local_setup.dsv
[28.366s] -- Installing: /home/leon/Dev/TUM/autonome-systeme/project/Autonomous-Systems-Sub-Terrain-Challenge-GR04/ros2_ws/install/simulation/share/simulation/package.dsv
[28.366s] -- Installing: /home/leon/Dev/TUM/autonome-systeme/project/Autonomous-Systems-Sub-Terrain-Challenge-GR04/ros2_ws/install/simulation/share/ament_index/resource_index/packages/simulation
[28.366s] -- Installing: /home/leon/Dev/TUM/autonome-systeme/project/Autonomous-Systems-Sub-Terrain-Challenge-GR04/ros2_ws/install/simulation/share/simulation/cmake/ament_cmake_export_dependencies-extras.cmake
[28.367s] -- Installing: /home/leon/Dev/TUM/autonome-systeme/project/Autonomous-Systems-Sub-Terrain-Challenge-GR04/ros2_ws/install/simulation/share/simulation/cmake/simulationConfig.cmake
[28.367s] -- Installing: /home/leon/Dev/TUM/autonome-systeme/project/Autonomous-Systems-Sub-Terrain-Challenge-GR04/ros2_ws/install/simulation/share/simulation/cmake/simulationConfig-version.cmake
[28.367s] -- Installing: /home/leon/Dev/TUM/autonome-systeme/project/Autonomous-Systems-Sub-Terrain-Challenge-GR04/ros2_ws/install/simulation/share/simulation/package.xml
[28.371s] Invoked command in '/home/leon/Dev/TUM/autonome-systeme/project/Autonomous-Systems-Sub-Terrain-Challenge-GR04/ros2_ws/build/simulation' returned '0': AMENT_PREFIX_PATH=/home/leon/Dev/TUM/autonome-systeme/project/Autonomous-Systems-Sub-Terrain-Challenge-GR04/ros2_ws/install/mav_msgs:${AMENT_PREFIX_PATH} CMAKE_PREFIX_PATH=/home/leon/Dev/TUM/autonome-systeme/project/Autonomous-Systems-Sub-Terrain-Challenge-GR04/ros2_ws/install/mav_msgs:/opt/ros/jazzy/opt/gz_math_vendor:/opt/ros/jazzy/opt/gz_utils_vendor:/opt/ros/jazzy/opt/gz_cmake_vendor:/opt/ros/jazzy DEBUGINFOD_URLS=https://debuginfod.ubuntu.com LD_LIBRARY_PATH=/home/leon/Dev/TUM/autonome-systeme/project/Autonomous-Systems-Sub-Terrain-Challenge-GR04/ros2_ws/install/mav_msgs/lib:${LD_LIBRARY_PATH} PYTHONPATH=/home/leon/Dev/TUM/autonome-systeme/project/Autonomous-Systems-Sub-Terrain-Challenge-GR04/ros2_ws/install/mav_msgs/lib/python3.12/site-packages:${PYTHONPATH} /usr/bin/cmake --install /home/leon/Dev/TUM/autonome-systeme/project/Autonomous-Systems-Sub-Terrain-Challenge-GR04/ros2_ws/build/simulation
