[0.129s] DEBUG:colcon:Command line arguments: ['/usr/bin/colcon', 'build']
[0.129s] DEBUG:colcon:Parsed command line arguments: Namespace(log_base=None, log_level=None, verb_name='build', build_base='build', install_base='install', merge_install=False, symlink_install=False, test_result_base=None, continue_on_error=False, executor='parallel', parallel_workers=12, event_handlers=None, ignore_user_meta=False, metas=['./colcon.meta'], base_paths=['.'], packages_ignore=None, packages_ignore_regex=None, paths=None, packages_up_to=None, packages_up_to_regex=None, packages_above=None, packages_above_and_dependencies=None, packages_above_depth=None, packages_select_by_dep=None, packages_skip_by_dep=None, packages_skip_up_to=None, packages_select_build_failed=False, packages_skip_build_finished=False, packages_select_test_failures=False, packages_skip_test_passed=False, packages_select=None, packages_skip=None, packages_select_regex=None, packages_skip_regex=None, packages_start=None, packages_end=None, allow_overriding=[], cmake_args=None, cmake_target=None, cmake_target_skip_unavailable=False, cmake_clean_cache=False, cmake_clean_first=False, cmake_force_configure=False, ament_cmake_args=None, catkin_cmake_args=None, catkin_skip_building_tests=False, verb_parser=<colcon_defaults.argument_parser.defaults.DefaultArgumentsDecorator object at 0x75b6baa95370>, verb_extension=<colcon_core.verb.build.BuildVerb object at 0x75b6baa16540>, main=<bound method BuildVerb.main of <colcon_core.verb.build.BuildVerb object at 0x75b6baa16540>>)
[0.176s] Level 1:colcon.colcon_core.package_discovery:discover_packages(colcon_meta) check parameters
[0.176s] Level 1:colcon.colcon_core.package_discovery:discover_packages(recursive) check parameters
[0.176s] Level 1:colcon.colcon_core.package_discovery:discover_packages(ignore) check parameters
[0.176s] Level 1:colcon.colcon_core.package_discovery:discover_packages(path) check parameters
[0.176s] Level 1:colcon.colcon_core.package_discovery:discover_packages(colcon_meta) discover
[0.177s] Level 1:colcon.colcon_core.package_discovery:discover_packages(recursive) discover
[0.177s] INFO:colcon.colcon_core.package_discovery:Crawling recursively for packages in '/home/leon/Dev/TUM/autonome-systeme/project/Autonomous-Systems-Sub-Terrain-Challenge-GR04/ros2_ws'
[0.177s] Level 1:colcon.colcon_core.package_identification:_identify(.) by extensions ['ignore', 'ignore_ament_install']
[0.178s] Level 1:colcon.colcon_core.package_identification:_identify(.) by extension 'ignore'
[0.179s] Level 1:colcon.colcon_core.package_identification:_identify(.) by extension 'ignore_ament_install'
[0.179s] Level 1:colcon.colcon_core.package_identification:_identify(.) by extensions ['colcon_pkg']
[0.179s] Level 1:colcon.colcon_core.package_identification:_identify(.) by extension 'colcon_pkg'
[0.179s] Level 1:colcon.colcon_core.package_identification:_identify(.) by extensions ['colcon_meta']
[0.179s] Level 1:colcon.colcon_core.package_identification:_identify(.) by extension 'colcon_meta'
[0.179s] Level 1:colcon.colcon_core.package_identification:_identify(.) by extensions ['ros']
[0.179s] Level 1:colcon.colcon_core.package_identification:_identify(.) by extension 'ros'
[0.200s] Level 1:colcon.colcon_core.package_identification:_identify(.) by extensions ['cmake', 'python']
[0.200s] Level 1:colcon.colcon_core.package_identification:_identify(.) by extension 'cmake'
[0.200s] Level 1:colcon.colcon_core.package_identification:_identify(.) by extension 'python'
[0.200s] Level 1:colcon.colcon_core.package_identification:_identify(.) by extensions ['python_setup_py']
[0.200s] Level 1:colcon.colcon_core.package_identification:_identify(.) by extension 'python_setup_py'
[0.200s] Level 1:colcon.colcon_core.package_identification:_identify(build) by extensions ['ignore', 'ignore_ament_install']
[0.201s] Level 1:colcon.colcon_core.package_identification:_identify(build) by extension 'ignore'
[0.201s] Level 1:colcon.colcon_core.package_identification:_identify(build) ignored
[0.201s] Level 1:colcon.colcon_core.package_identification:_identify(install) by extensions ['ignore', 'ignore_ament_install']
[0.201s] Level 1:colcon.colcon_core.package_identification:_identify(install) by extension 'ignore'
[0.201s] Level 1:colcon.colcon_core.package_identification:_identify(install) ignored
[0.201s] Level 1:colcon.colcon_core.package_identification:_identify(log) by extensions ['ignore', 'ignore_ament_install']
[0.201s] Level 1:colcon.colcon_core.package_identification:_identify(log) by extension 'ignore'
[0.201s] Level 1:colcon.colcon_core.package_identification:_identify(log) ignored
[0.201s] Level 1:colcon.colcon_core.package_identification:_identify(src) by extensions ['ignore', 'ignore_ament_install']
[0.201s] Level 1:colcon.colcon_core.package_identification:_identify(src) by extension 'ignore'
[0.201s] Level 1:colcon.colcon_core.package_identification:_identify(src) by extension 'ignore_ament_install'
[0.201s] Level 1:colcon.colcon_core.package_identification:_identify(src) by extensions ['colcon_pkg']
[0.201s] Level 1:colcon.colcon_core.package_identification:_identify(src) by extension 'colcon_pkg'
[0.201s] Level 1:colcon.colcon_core.package_identification:_identify(src) by extensions ['colcon_meta']
[0.201s] Level 1:colcon.colcon_core.package_identification:_identify(src) by extension 'colcon_meta'
[0.201s] Level 1:colcon.colcon_core.package_identification:_identify(src) by extensions ['ros']
[0.201s] Level 1:colcon.colcon_core.package_identification:_identify(src) by extension 'ros'
[0.201s] Level 1:colcon.colcon_core.package_identification:_identify(src) by extensions ['cmake', 'python']
[0.201s] Level 1:colcon.colcon_core.package_identification:_identify(src) by extension 'cmake'
[0.201s] Level 1:colcon.colcon_core.package_identification:_identify(src) by extension 'python'
[0.201s] Level 1:colcon.colcon_core.package_identification:_identify(src) by extensions ['python_setup_py']
[0.201s] Level 1:colcon.colcon_core.package_identification:_identify(src) by extension 'python_setup_py'
[0.201s] Level 1:colcon.colcon_core.package_identification:_identify(src/controller_pkg) by extensions ['ignore', 'ignore_ament_install']
[0.201s] Level 1:colcon.colcon_core.package_identification:_identify(src/controller_pkg) by extension 'ignore'
[0.201s] Level 1:colcon.colcon_core.package_identification:_identify(src/controller_pkg) by extension 'ignore_ament_install'
[0.201s] Level 1:colcon.colcon_core.package_identification:_identify(src/controller_pkg) by extensions ['colcon_pkg']
[0.202s] Level 1:colcon.colcon_core.package_identification:_identify(src/controller_pkg) by extension 'colcon_pkg'
[0.202s] Level 1:colcon.colcon_core.package_identification:_identify(src/controller_pkg) by extensions ['colcon_meta']
[0.202s] Level 1:colcon.colcon_core.package_identification:_identify(src/controller_pkg) by extension 'colcon_meta'
[0.202s] Level 1:colcon.colcon_core.package_identification:_identify(src/controller_pkg) by extensions ['ros']
[0.202s] Level 1:colcon.colcon_core.package_identification:_identify(src/controller_pkg) by extension 'ros'
[0.205s] DEBUG:colcon.colcon_core.package_identification:Package 'src/controller_pkg' with type 'ros.ament_cmake' and name 'controller_pkg'
[0.205s] Level 1:colcon.colcon_core.package_identification:_identify(src/mav_msgs) by extensions ['ignore', 'ignore_ament_install']
[0.205s] Level 1:colcon.colcon_core.package_identification:_identify(src/mav_msgs) by extension 'ignore'
[0.205s] Level 1:colcon.colcon_core.package_identification:_identify(src/mav_msgs) by extension 'ignore_ament_install'
[0.205s] Level 1:colcon.colcon_core.package_identification:_identify(src/mav_msgs) by extensions ['colcon_pkg']
[0.205s] Level 1:colcon.colcon_core.package_identification:_identify(src/mav_msgs) by extension 'colcon_pkg'
[0.205s] Level 1:colcon.colcon_core.package_identification:_identify(src/mav_msgs) by extensions ['colcon_meta']
[0.205s] Level 1:colcon.colcon_core.package_identification:_identify(src/mav_msgs) by extension 'colcon_meta'
[0.205s] Level 1:colcon.colcon_core.package_identification:_identify(src/mav_msgs) by extensions ['ros']
[0.205s] Level 1:colcon.colcon_core.package_identification:_identify(src/mav_msgs) by extension 'ros'
[0.206s] DEBUG:colcon.colcon_core.package_identification:Package 'src/mav_msgs' with type 'ros.ament_cmake' and name 'mav_msgs'
[0.206s] Level 1:colcon.colcon_core.package_identification:_identify(src/mav_planning_msgs) by extensions ['ignore', 'ignore_ament_install']
[0.206s] Level 1:colcon.colcon_core.package_identification:_identify(src/mav_planning_msgs) by extension 'ignore'
[0.206s] Level 1:colcon.colcon_core.package_identification:_identify(src/mav_planning_msgs) by extension 'ignore_ament_install'
[0.206s] Level 1:colcon.colcon_core.package_identification:_identify(src/mav_planning_msgs) by extensions ['colcon_pkg']
[0.206s] Level 1:colcon.colcon_core.package_identification:_identify(src/mav_planning_msgs) by extension 'colcon_pkg'
[0.206s] Level 1:colcon.colcon_core.package_identification:_identify(src/mav_planning_msgs) by extensions ['colcon_meta']
[0.206s] Level 1:colcon.colcon_core.package_identification:_identify(src/mav_planning_msgs) by extension 'colcon_meta'
[0.206s] Level 1:colcon.colcon_core.package_identification:_identify(src/mav_planning_msgs) by extensions ['ros']
[0.206s] Level 1:colcon.colcon_core.package_identification:_identify(src/mav_planning_msgs) by extension 'ros'
[0.207s] DEBUG:colcon.colcon_core.package_identification:Package 'src/mav_planning_msgs' with type 'ros.ament_cmake' and name 'mav_planning_msgs'
[0.207s] Level 1:colcon.colcon_core.package_identification:_identify(src/simulation) by extensions ['ignore', 'ignore_ament_install']
[0.207s] Level 1:colcon.colcon_core.package_identification:_identify(src/simulation) by extension 'ignore'
[0.207s] Level 1:colcon.colcon_core.package_identification:_identify(src/simulation) by extension 'ignore_ament_install'
[0.207s] Level 1:colcon.colcon_core.package_identification:_identify(src/simulation) by extensions ['colcon_pkg']
[0.207s] Level 1:colcon.colcon_core.package_identification:_identify(src/simulation) by extension 'colcon_pkg'
[0.207s] Level 1:colcon.colcon_core.package_identification:_identify(src/simulation) by extensions ['colcon_meta']
[0.207s] Level 1:colcon.colcon_core.package_identification:_identify(src/simulation) by extension 'colcon_meta'
[0.207s] Level 1:colcon.colcon_core.package_identification:_identify(src/simulation) by extensions ['ros']
[0.207s] Level 1:colcon.colcon_core.package_identification:_identify(src/simulation) by extension 'ros'
[0.208s] DEBUG:colcon.colcon_core.package_identification:Package 'src/simulation' with type 'ros.ament_cmake' and name 'simulation'
[0.208s] Level 1:colcon.colcon_core.package_discovery:discover_packages(recursive) using defaults
[0.208s] Level 1:colcon.colcon_core.package_discovery:discover_packages(ignore) discover
[0.208s] Level 1:colcon.colcon_core.package_discovery:discover_packages(ignore) using defaults
[0.208s] Level 1:colcon.colcon_core.package_discovery:discover_packages(path) discover
[0.208s] Level 1:colcon.colcon_core.package_discovery:discover_packages(path) using defaults
[0.223s] Level 1:colcon.colcon_core.package_discovery:discover_packages(prefix_path) check parameters
[0.223s] Level 1:colcon.colcon_core.package_discovery:discover_packages(prefix_path) discover
[0.227s] DEBUG:colcon.colcon_installed_package_information.package_discovery:Found 285 installed packages in /opt/ros/jazzy
[0.227s] Level 1:colcon.colcon_core.package_discovery:discover_packages(prefix_path) using defaults
[0.265s] Level 5:colcon.colcon_core.verb:set package 'mav_msgs' build argument 'cmake_args' from command line to 'None'
[0.265s] Level 5:colcon.colcon_core.verb:set package 'mav_msgs' build argument 'cmake_target' from command line to 'None'
[0.265s] Level 5:colcon.colcon_core.verb:set package 'mav_msgs' build argument 'cmake_target_skip_unavailable' from command line to 'False'
[0.265s] Level 5:colcon.colcon_core.verb:set package 'mav_msgs' build argument 'cmake_clean_cache' from command line to 'False'
[0.265s] Level 5:colcon.colcon_core.verb:set package 'mav_msgs' build argument 'cmake_clean_first' from command line to 'False'
[0.265s] Level 5:colcon.colcon_core.verb:set package 'mav_msgs' build argument 'cmake_force_configure' from command line to 'False'
[0.265s] Level 5:colcon.colcon_core.verb:set package 'mav_msgs' build argument 'ament_cmake_args' from command line to 'None'
[0.265s] Level 5:colcon.colcon_core.verb:set package 'mav_msgs' build argument 'catkin_cmake_args' from command line to 'None'
[0.265s] Level 5:colcon.colcon_core.verb:set package 'mav_msgs' build argument 'catkin_skip_building_tests' from command line to 'False'
[0.265s] DEBUG:colcon.colcon_core.verb:Building package 'mav_msgs' with the following arguments: {'ament_cmake_args': None, 'build_base': '/home/leon/Dev/TUM/autonome-systeme/project/Autonomous-Systems-Sub-Terrain-Challenge-GR04/ros2_ws/build/mav_msgs', 'catkin_cmake_args': None, 'catkin_skip_building_tests': False, 'cmake_args': None, 'cmake_clean_cache': False, 'cmake_clean_first': False, 'cmake_force_configure': False, 'cmake_target': None, 'cmake_target_skip_unavailable': False, 'install_base': '/home/leon/Dev/TUM/autonome-systeme/project/Autonomous-Systems-Sub-Terrain-Challenge-GR04/ros2_ws/install/mav_msgs', 'merge_install': False, 'path': '/home/leon/Dev/TUM/autonome-systeme/project/Autonomous-Systems-Sub-Terrain-Challenge-GR04/ros2_ws/src/mav_msgs', 'symlink_install': False, 'test_result_base': None}
[0.265s] Level 5:colcon.colcon_core.verb:set package 'controller_pkg' build argument 'cmake_args' from command line to 'None'
[0.265s] Level 5:colcon.colcon_core.verb:set package 'controller_pkg' build argument 'cmake_target' from command line to 'None'
[0.265s] Level 5:colcon.colcon_core.verb:set package 'controller_pkg' build argument 'cmake_target_skip_unavailable' from command line to 'False'
[0.265s] Level 5:colcon.colcon_core.verb:set package 'controller_pkg' build argument 'cmake_clean_cache' from command line to 'False'
[0.265s] Level 5:colcon.colcon_core.verb:set package 'controller_pkg' build argument 'cmake_clean_first' from command line to 'False'
[0.265s] Level 5:colcon.colcon_core.verb:set package 'controller_pkg' build argument 'cmake_force_configure' from command line to 'False'
[0.265s] Level 5:colcon.colcon_core.verb:set package 'controller_pkg' build argument 'ament_cmake_args' from command line to 'None'
[0.265s] Level 5:colcon.colcon_core.verb:set package 'controller_pkg' build argument 'catkin_cmake_args' from command line to 'None'
[0.265s] Level 5:colcon.colcon_core.verb:set package 'controller_pkg' build argument 'catkin_skip_building_tests' from command line to 'False'
[0.265s] DEBUG:colcon.colcon_core.verb:Building package 'controller_pkg' with the following arguments: {'ament_cmake_args': None, 'build_base': '/home/leon/Dev/TUM/autonome-systeme/project/Autonomous-Systems-Sub-Terrain-Challenge-GR04/ros2_ws/build/controller_pkg', 'catkin_cmake_args': None, 'catkin_skip_building_tests': False, 'cmake_args': None, 'cmake_clean_cache': False, 'cmake_clean_first': False, 'cmake_force_configure': False, 'cmake_target': None, 'cmake_target_skip_unavailable': False, 'install_base': '/home/leon/Dev/TUM/autonome-systeme/project/Autonomous-Systems-Sub-Terrain-Challenge-GR04/ros2_ws/install/controller_pkg', 'merge_install': False, 'path': '/home/leon/Dev/TUM/autonome-systeme/project/Autonomous-Systems-Sub-Terrain-Challenge-GR04/ros2_ws/src/controller_pkg', 'symlink_install': False, 'test_result_base': None}
[0.266s] Level 5:colcon.colcon_core.verb:set package 'mav_planning_msgs' build argument 'cmake_args' from command line to 'None'
[0.266s] Level 5:colcon.colcon_core.verb:set package 'mav_planning_msgs' build argument 'cmake_target' from command line to 'None'
[0.266s] Level 5:colcon.colcon_core.verb:set package 'mav_planning_msgs' build argument 'cmake_target_skip_unavailable' from command line to 'False'
[0.266s] Level 5:colcon.colcon_core.verb:set package 'mav_planning_msgs' build argument 'cmake_clean_cache' from command line to 'False'
[0.266s] Level 5:colcon.colcon_core.verb:set package 'mav_planning_msgs' build argument 'cmake_clean_first' from command line to 'False'
[0.266s] Level 5:colcon.colcon_core.verb:set package 'mav_planning_msgs' build argument 'cmake_force_configure' from command line to 'False'
[0.266s] Level 5:colcon.colcon_core.verb:set package 'mav_planning_msgs' build argument 'ament_cmake_args' from command line to 'None'
[0.266s] Level 5:colcon.colcon_core.verb:set package 'mav_planning_msgs' build argument 'catkin_cmake_args' from command line to 'None'
[0.266s] Level 5:colcon.colcon_core.verb:set package 'mav_planning_msgs' build argument 'catkin_skip_building_tests' from command line to 'False'
[0.266s] DEBUG:colcon.colcon_core.verb:Building package 'mav_planning_msgs' with the following arguments: {'ament_cmake_args': None, 'build_base': '/home/leon/Dev/TUM/autonome-systeme/project/Autonomous-Systems-Sub-Terrain-Challenge-GR04/ros2_ws/build/mav_planning_msgs', 'catkin_cmake_args': None, 'catkin_skip_building_tests': False, 'cmake_args': None, 'cmake_clean_cache': False, 'cmake_clean_first': False, 'cmake_force_configure': False, 'cmake_target': None, 'cmake_target_skip_unavailable': False, 'install_base': '/home/leon/Dev/TUM/autonome-systeme/project/Autonomous-Systems-Sub-Terrain-Challenge-GR04/ros2_ws/install/mav_planning_msgs', 'merge_install': False, 'path': '/home/leon/Dev/TUM/autonome-systeme/project/Autonomous-Systems-Sub-Terrain-Challenge-GR04/ros2_ws/src/mav_planning_msgs', 'symlink_install': False, 'test_result_base': None}
[0.266s] Level 5:colcon.colcon_core.verb:set package 'simulation' build argument 'cmake_args' from command line to 'None'
[0.266s] Level 5:colcon.colcon_core.verb:set package 'simulation' build argument 'cmake_target' from command line to 'None'
[0.266s] Level 5:colcon.colcon_core.verb:set package 'simulation' build argument 'cmake_target_skip_unavailable' from command line to 'False'
[0.266s] Level 5:colcon.colcon_core.verb:set package 'simulation' build argument 'cmake_clean_cache' from command line to 'False'
[0.266s] Level 5:colcon.colcon_core.verb:set package 'simulation' build argument 'cmake_clean_first' from command line to 'False'
[0.266s] Level 5:colcon.colcon_core.verb:set package 'simulation' build argument 'cmake_force_configure' from command line to 'False'
[0.266s] Level 5:colcon.colcon_core.verb:set package 'simulation' build argument 'ament_cmake_args' from command line to 'None'
[0.266s] Level 5:colcon.colcon_core.verb:set package 'simulation' build argument 'catkin_cmake_args' from command line to 'None'
[0.266s] Level 5:colcon.colcon_core.verb:set package 'simulation' build argument 'catkin_skip_building_tests' from command line to 'False'
[0.266s] DEBUG:colcon.colcon_core.verb:Building package 'simulation' with the following arguments: {'ament_cmake_args': None, 'build_base': '/home/leon/Dev/TUM/autonome-systeme/project/Autonomous-Systems-Sub-Terrain-Challenge-GR04/ros2_ws/build/simulation', 'catkin_cmake_args': None, 'catkin_skip_building_tests': False, 'cmake_args': None, 'cmake_clean_cache': False, 'cmake_clean_first': False, 'cmake_force_configure': False, 'cmake_target': None, 'cmake_target_skip_unavailable': False, 'install_base': '/home/leon/Dev/TUM/autonome-systeme/project/Autonomous-Systems-Sub-Terrain-Challenge-GR04/ros2_ws/install/simulation', 'merge_install': False, 'path': '/home/leon/Dev/TUM/autonome-systeme/project/Autonomous-Systems-Sub-Terrain-Challenge-GR04/ros2_ws/src/simulation', 'symlink_install': False, 'test_result_base': None}
[0.266s] INFO:colcon.colcon_core.executor:Executing jobs using 'parallel' executor
[0.267s] DEBUG:colcon.colcon_parallel_executor.executor.parallel:run_until_complete
[0.267s] INFO:colcon.colcon_ros.task.ament_cmake.build:Building ROS package in '/home/leon/Dev/TUM/autonome-systeme/project/Autonomous-Systems-Sub-Terrain-Challenge-GR04/ros2_ws/src/mav_msgs' with build type 'ament_cmake'
[0.267s] INFO:colcon.colcon_cmake.task.cmake.build:Building CMake package in '/home/leon/Dev/TUM/autonome-systeme/project/Autonomous-Systems-Sub-Terrain-Challenge-GR04/ros2_ws/src/mav_msgs'
[0.270s] INFO:colcon.colcon_core.plugin_system:Skipping extension 'colcon_core.shell.bat': Not used on non-Windows systems
[0.271s] INFO:colcon.colcon_core.shell:Skip shell extension 'powershell' for command environment: Not usable outside of PowerShell
[0.271s] DEBUG:colcon.colcon_core.shell:Skip shell extension 'dsv' for command environment
[0.278s] DEBUG:colcon.colcon_core.event_handler.log_command:Invoking command in '/home/leon/Dev/TUM/autonome-systeme/project/Autonomous-Systems-Sub-Terrain-Challenge-GR04/ros2_ws/build/mav_msgs': CMAKE_PREFIX_PATH=${CMAKE_PREFIX_PATH}:/opt/ros/jazzy DEBUGINFOD_URLS=https://debuginfod.ubuntu.com /usr/bin/cmake /home/leon/Dev/TUM/autonome-systeme/project/Autonomous-Systems-Sub-Terrain-Challenge-GR04/ros2_ws/src/mav_msgs -DCMAKE_INSTALL_PREFIX=/home/leon/Dev/TUM/autonome-systeme/project/Autonomous-Systems-Sub-Terrain-Challenge-GR04/ros2_ws/install/mav_msgs
[3.981s] DEBUG:colcon.colcon_core.event_handler.log_command:Invoked command in '/home/leon/Dev/TUM/autonome-systeme/project/Autonomous-Systems-Sub-Terrain-Challenge-GR04/ros2_ws/build/mav_msgs' returned '0': CMAKE_PREFIX_PATH=${CMAKE_PREFIX_PATH}:/opt/ros/jazzy DEBUGINFOD_URLS=https://debuginfod.ubuntu.com /usr/bin/cmake /home/leon/Dev/TUM/autonome-systeme/project/Autonomous-Systems-Sub-Terrain-Challenge-GR04/ros2_ws/src/mav_msgs -DCMAKE_INSTALL_PREFIX=/home/leon/Dev/TUM/autonome-systeme/project/Autonomous-Systems-Sub-Terrain-Challenge-GR04/ros2_ws/install/mav_msgs
[3.982s] DEBUG:colcon.colcon_core.event_handler.log_command:Invoking command in '/home/leon/Dev/TUM/autonome-systeme/project/Autonomous-Systems-Sub-Terrain-Challenge-GR04/ros2_ws/build/mav_msgs': CMAKE_PREFIX_PATH=${CMAKE_PREFIX_PATH}:/opt/ros/jazzy DEBUGINFOD_URLS=https://debuginfod.ubuntu.com /usr/bin/cmake --build /home/leon/Dev/TUM/autonome-systeme/project/Autonomous-Systems-Sub-Terrain-Challenge-GR04/ros2_ws/build/mav_msgs -- -j12 -l12
[12.090s] DEBUG:colcon.colcon_core.event_handler.log_command:Invoked command in '/home/leon/Dev/TUM/autonome-systeme/project/Autonomous-Systems-Sub-Terrain-Challenge-GR04/ros2_ws/build/mav_msgs' returned '0': CMAKE_PREFIX_PATH=${CMAKE_PREFIX_PATH}:/opt/ros/jazzy DEBUGINFOD_URLS=https://debuginfod.ubuntu.com /usr/bin/cmake --build /home/leon/Dev/TUM/autonome-systeme/project/Autonomous-Systems-Sub-Terrain-Challenge-GR04/ros2_ws/build/mav_msgs -- -j12 -l12
[12.101s] DEBUG:colcon.colcon_core.event_handler.log_command:Invoking command in '/home/leon/Dev/TUM/autonome-systeme/project/Autonomous-Systems-Sub-Terrain-Challenge-GR04/ros2_ws/build/mav_msgs': CMAKE_PREFIX_PATH=${CMAKE_PREFIX_PATH}:/opt/ros/jazzy DEBUGINFOD_URLS=https://debuginfod.ubuntu.com /usr/bin/cmake --install /home/leon/Dev/TUM/autonome-systeme/project/Autonomous-Systems-Sub-Terrain-Challenge-GR04/ros2_ws/build/mav_msgs
[12.225s] Level 1:colcon.colcon_core.environment:create_environment_scripts_only(mav_msgs)
[12.225s] DEBUG:colcon.colcon_core.event_handler.log_command:Invoked command in '/home/leon/Dev/TUM/autonome-systeme/project/Autonomous-Systems-Sub-Terrain-Challenge-GR04/ros2_ws/build/mav_msgs' returned '0': CMAKE_PREFIX_PATH=${CMAKE_PREFIX_PATH}:/opt/ros/jazzy DEBUGINFOD_URLS=https://debuginfod.ubuntu.com /usr/bin/cmake --install /home/leon/Dev/TUM/autonome-systeme/project/Autonomous-Systems-Sub-Terrain-Challenge-GR04/ros2_ws/build/mav_msgs
[12.231s] Level 1:colcon.colcon_core.environment:checking '/home/leon/Dev/TUM/autonome-systeme/project/Autonomous-Systems-Sub-Terrain-Challenge-GR04/ros2_ws/install/mav_msgs' for CMake module files
[12.231s] Level 1:colcon.colcon_core.environment:checking '/home/leon/Dev/TUM/autonome-systeme/project/Autonomous-Systems-Sub-Terrain-Challenge-GR04/ros2_ws/install/mav_msgs' for CMake config files
[12.232s] Level 1:colcon.colcon_core.shell:create_environment_hook('mav_msgs', 'cmake_prefix_path')
[12.232s] INFO:colcon.colcon_core.shell:Creating environment hook '/home/leon/Dev/TUM/autonome-systeme/project/Autonomous-Systems-Sub-Terrain-Challenge-GR04/ros2_ws/install/mav_msgs/share/mav_msgs/hook/cmake_prefix_path.ps1'
[12.233s] INFO:colcon.colcon_core.shell:Creating environment descriptor '/home/leon/Dev/TUM/autonome-systeme/project/Autonomous-Systems-Sub-Terrain-Challenge-GR04/ros2_ws/install/mav_msgs/share/mav_msgs/hook/cmake_prefix_path.dsv'
[12.233s] INFO:colcon.colcon_core.shell:Creating environment hook '/home/leon/Dev/TUM/autonome-systeme/project/Autonomous-Systems-Sub-Terrain-Challenge-GR04/ros2_ws/install/mav_msgs/share/mav_msgs/hook/cmake_prefix_path.sh'
[12.234s] Level 1:colcon.colcon_core.environment:checking '/home/leon/Dev/TUM/autonome-systeme/project/Autonomous-Systems-Sub-Terrain-Challenge-GR04/ros2_ws/install/mav_msgs/lib'
[12.234s] Level 1:colcon.colcon_core.shell:create_environment_hook('mav_msgs', 'ld_library_path_lib')
[12.234s] INFO:colcon.colcon_core.shell:Creating environment hook '/home/leon/Dev/TUM/autonome-systeme/project/Autonomous-Systems-Sub-Terrain-Challenge-GR04/ros2_ws/install/mav_msgs/share/mav_msgs/hook/ld_library_path_lib.ps1'
[12.235s] INFO:colcon.colcon_core.shell:Creating environment descriptor '/home/leon/Dev/TUM/autonome-systeme/project/Autonomous-Systems-Sub-Terrain-Challenge-GR04/ros2_ws/install/mav_msgs/share/mav_msgs/hook/ld_library_path_lib.dsv'
[12.235s] INFO:colcon.colcon_core.shell:Creating environment hook '/home/leon/Dev/TUM/autonome-systeme/project/Autonomous-Systems-Sub-Terrain-Challenge-GR04/ros2_ws/install/mav_msgs/share/mav_msgs/hook/ld_library_path_lib.sh'
[12.235s] Level 1:colcon.colcon_core.environment:checking '/home/leon/Dev/TUM/autonome-systeme/project/Autonomous-Systems-Sub-Terrain-Challenge-GR04/ros2_ws/install/mav_msgs/bin'
[12.235s] Level 1:colcon.colcon_core.environment:checking '/home/leon/Dev/TUM/autonome-systeme/project/Autonomous-Systems-Sub-Terrain-Challenge-GR04/ros2_ws/install/mav_msgs/lib/pkgconfig/mav_msgs.pc'
[12.236s] Level 1:colcon.colcon_core.environment:checking '/home/leon/Dev/TUM/autonome-systeme/project/Autonomous-Systems-Sub-Terrain-Challenge-GR04/ros2_ws/install/mav_msgs/lib/python3.12/site-packages'
[12.236s] Level 1:colcon.colcon_core.shell:create_environment_hook('mav_msgs', 'pythonpath')
[12.236s] INFO:colcon.colcon_core.shell:Creating environment hook '/home/leon/Dev/TUM/autonome-systeme/project/Autonomous-Systems-Sub-Terrain-Challenge-GR04/ros2_ws/install/mav_msgs/share/mav_msgs/hook/pythonpath.ps1'
[12.236s] INFO:colcon.colcon_core.shell:Creating environment descriptor '/home/leon/Dev/TUM/autonome-systeme/project/Autonomous-Systems-Sub-Terrain-Challenge-GR04/ros2_ws/install/mav_msgs/share/mav_msgs/hook/pythonpath.dsv'
[12.237s] INFO:colcon.colcon_core.shell:Creating environment hook '/home/leon/Dev/TUM/autonome-systeme/project/Autonomous-Systems-Sub-Terrain-Challenge-GR04/ros2_ws/install/mav_msgs/share/mav_msgs/hook/pythonpath.sh'
[12.237s] Level 1:colcon.colcon_core.environment:checking '/home/leon/Dev/TUM/autonome-systeme/project/Autonomous-Systems-Sub-Terrain-Challenge-GR04/ros2_ws/install/mav_msgs/bin'
[12.237s] INFO:colcon.colcon_core.shell:Creating package script '/home/leon/Dev/TUM/autonome-systeme/project/Autonomous-Systems-Sub-Terrain-Challenge-GR04/ros2_ws/install/mav_msgs/share/mav_msgs/package.ps1'
[12.238s] INFO:colcon.colcon_core.shell:Creating package descriptor '/home/leon/Dev/TUM/autonome-systeme/project/Autonomous-Systems-Sub-Terrain-Challenge-GR04/ros2_ws/install/mav_msgs/share/mav_msgs/package.dsv'
[12.239s] INFO:colcon.colcon_core.shell:Creating package script '/home/leon/Dev/TUM/autonome-systeme/project/Autonomous-Systems-Sub-Terrain-Challenge-GR04/ros2_ws/install/mav_msgs/share/mav_msgs/package.sh'
[12.240s] INFO:colcon.colcon_core.shell:Creating package script '/home/leon/Dev/TUM/autonome-systeme/project/Autonomous-Systems-Sub-Terrain-Challenge-GR04/ros2_ws/install/mav_msgs/share/mav_msgs/package.bash'
[12.240s] INFO:colcon.colcon_core.shell:Creating package script '/home/leon/Dev/TUM/autonome-systeme/project/Autonomous-Systems-Sub-Terrain-Challenge-GR04/ros2_ws/install/mav_msgs/share/mav_msgs/package.zsh'
[12.241s] Level 1:colcon.colcon_core.environment:create_file_with_runtime_dependencies(/home/leon/Dev/TUM/autonome-systeme/project/Autonomous-Systems-Sub-Terrain-Challenge-GR04/ros2_ws/install/mav_msgs/share/colcon-core/packages/mav_msgs)
[12.242s] Level 1:colcon.colcon_core.environment:create_environment_scripts_only(mav_msgs)
[12.242s] Level 1:colcon.colcon_core.environment:checking '/home/leon/Dev/TUM/autonome-systeme/project/Autonomous-Systems-Sub-Terrain-Challenge-GR04/ros2_ws/install/mav_msgs' for CMake module files
[12.243s] Level 1:colcon.colcon_core.environment:checking '/home/leon/Dev/TUM/autonome-systeme/project/Autonomous-Systems-Sub-Terrain-Challenge-GR04/ros2_ws/install/mav_msgs' for CMake config files
[12.243s] Level 1:colcon.colcon_core.shell:create_environment_hook('mav_msgs', 'cmake_prefix_path')
[12.243s] INFO:colcon.colcon_core.shell:Creating environment hook '/home/leon/Dev/TUM/autonome-systeme/project/Autonomous-Systems-Sub-Terrain-Challenge-GR04/ros2_ws/install/mav_msgs/share/mav_msgs/hook/cmake_prefix_path.ps1'
[12.244s] INFO:colcon.colcon_core.shell:Creating environment descriptor '/home/leon/Dev/TUM/autonome-systeme/project/Autonomous-Systems-Sub-Terrain-Challenge-GR04/ros2_ws/install/mav_msgs/share/mav_msgs/hook/cmake_prefix_path.dsv'
[12.244s] INFO:colcon.colcon_core.shell:Creating environment hook '/home/leon/Dev/TUM/autonome-systeme/project/Autonomous-Systems-Sub-Terrain-Challenge-GR04/ros2_ws/install/mav_msgs/share/mav_msgs/hook/cmake_prefix_path.sh'
[12.244s] Level 1:colcon.colcon_core.environment:checking '/home/leon/Dev/TUM/autonome-systeme/project/Autonomous-Systems-Sub-Terrain-Challenge-GR04/ros2_ws/install/mav_msgs/lib'
[12.244s] Level 1:colcon.colcon_core.shell:create_environment_hook('mav_msgs', 'ld_library_path_lib')
[12.245s] INFO:colcon.colcon_core.shell:Creating environment hook '/home/leon/Dev/TUM/autonome-systeme/project/Autonomous-Systems-Sub-Terrain-Challenge-GR04/ros2_ws/install/mav_msgs/share/mav_msgs/hook/ld_library_path_lib.ps1'
[12.245s] INFO:colcon.colcon_core.shell:Creating environment descriptor '/home/leon/Dev/TUM/autonome-systeme/project/Autonomous-Systems-Sub-Terrain-Challenge-GR04/ros2_ws/install/mav_msgs/share/mav_msgs/hook/ld_library_path_lib.dsv'
[12.245s] INFO:colcon.colcon_core.shell:Creating environment hook '/home/leon/Dev/TUM/autonome-systeme/project/Autonomous-Systems-Sub-Terrain-Challenge-GR04/ros2_ws/install/mav_msgs/share/mav_msgs/hook/ld_library_path_lib.sh'
[12.246s] Level 1:colcon.colcon_core.environment:checking '/home/leon/Dev/TUM/autonome-systeme/project/Autonomous-Systems-Sub-Terrain-Challenge-GR04/ros2_ws/install/mav_msgs/bin'
[12.246s] Level 1:colcon.colcon_core.environment:checking '/home/leon/Dev/TUM/autonome-systeme/project/Autonomous-Systems-Sub-Terrain-Challenge-GR04/ros2_ws/install/mav_msgs/lib/pkgconfig/mav_msgs.pc'
[12.246s] Level 1:colcon.colcon_core.environment:checking '/home/leon/Dev/TUM/autonome-systeme/project/Autonomous-Systems-Sub-Terrain-Challenge-GR04/ros2_ws/install/mav_msgs/lib/python3.12/site-packages'
[12.246s] Level 1:colcon.colcon_core.shell:create_environment_hook('mav_msgs', 'pythonpath')
[12.246s] INFO:colcon.colcon_core.shell:Creating environment hook '/home/leon/Dev/TUM/autonome-systeme/project/Autonomous-Systems-Sub-Terrain-Challenge-GR04/ros2_ws/install/mav_msgs/share/mav_msgs/hook/pythonpath.ps1'
[12.246s] INFO:colcon.colcon_core.shell:Creating environment descriptor '/home/leon/Dev/TUM/autonome-systeme/project/Autonomous-Systems-Sub-Terrain-Challenge-GR04/ros2_ws/install/mav_msgs/share/mav_msgs/hook/pythonpath.dsv'
[12.247s] INFO:colcon.colcon_core.shell:Creating environment hook '/home/leon/Dev/TUM/autonome-systeme/project/Autonomous-Systems-Sub-Terrain-Challenge-GR04/ros2_ws/install/mav_msgs/share/mav_msgs/hook/pythonpath.sh'
[12.247s] Level 1:colcon.colcon_core.environment:checking '/home/leon/Dev/TUM/autonome-systeme/project/Autonomous-Systems-Sub-Terrain-Challenge-GR04/ros2_ws/install/mav_msgs/bin'
[12.247s] INFO:colcon.colcon_core.shell:Creating package script '/home/leon/Dev/TUM/autonome-systeme/project/Autonomous-Systems-Sub-Terrain-Challenge-GR04/ros2_ws/install/mav_msgs/share/mav_msgs/package.ps1'
[12.248s] INFO:colcon.colcon_core.shell:Creating package descriptor '/home/leon/Dev/TUM/autonome-systeme/project/Autonomous-Systems-Sub-Terrain-Challenge-GR04/ros2_ws/install/mav_msgs/share/mav_msgs/package.dsv'
[12.249s] INFO:colcon.colcon_core.shell:Creating package script '/home/leon/Dev/TUM/autonome-systeme/project/Autonomous-Systems-Sub-Terrain-Challenge-GR04/ros2_ws/install/mav_msgs/share/mav_msgs/package.sh'
[12.250s] INFO:colcon.colcon_core.shell:Creating package script '/home/leon/Dev/TUM/autonome-systeme/project/Autonomous-Systems-Sub-Terrain-Challenge-GR04/ros2_ws/install/mav_msgs/share/mav_msgs/package.bash'
[12.250s] INFO:colcon.colcon_core.shell:Creating package script '/home/leon/Dev/TUM/autonome-systeme/project/Autonomous-Systems-Sub-Terrain-Challenge-GR04/ros2_ws/install/mav_msgs/share/mav_msgs/package.zsh'
[12.250s] Level 1:colcon.colcon_core.environment:create_file_with_runtime_dependencies(/home/leon/Dev/TUM/autonome-systeme/project/Autonomous-Systems-Sub-Terrain-Challenge-GR04/ros2_ws/install/mav_msgs/share/colcon-core/packages/mav_msgs)
[12.251s] INFO:colcon.colcon_ros.task.ament_cmake.build:Building ROS package in '/home/leon/Dev/TUM/autonome-systeme/project/Autonomous-Systems-Sub-Terrain-Challenge-GR04/ros2_ws/src/controller_pkg' with build type 'ament_cmake'
[12.251s] INFO:colcon.colcon_cmake.task.cmake.build:Building CMake package in '/home/leon/Dev/TUM/autonome-systeme/project/Autonomous-Systems-Sub-Terrain-Challenge-GR04/ros2_ws/src/controller_pkg'
[12.251s] INFO:colcon.colcon_core.shell:Skip shell extension 'powershell' for command environment: Not usable outside of PowerShell
[12.251s] DEBUG:colcon.colcon_core.shell:Skip shell extension 'dsv' for command environment
[12.254s] INFO:colcon.colcon_ros.task.ament_cmake.build:Building ROS package in '/home/leon/Dev/TUM/autonome-systeme/project/Autonomous-Systems-Sub-Terrain-Challenge-GR04/ros2_ws/src/mav_planning_msgs' with build type 'ament_cmake'
[12.254s] INFO:colcon.colcon_cmake.task.cmake.build:Building CMake package in '/home/leon/Dev/TUM/autonome-systeme/project/Autonomous-Systems-Sub-Terrain-Challenge-GR04/ros2_ws/src/mav_planning_msgs'
[12.254s] INFO:colcon.colcon_core.shell:Skip shell extension 'powershell' for command environment: Not usable outside of PowerShell
[12.254s] DEBUG:colcon.colcon_core.shell:Skip shell extension 'dsv' for command environment
[12.257s] INFO:colcon.colcon_ros.task.ament_cmake.build:Building ROS package in '/home/leon/Dev/TUM/autonome-systeme/project/Autonomous-Systems-Sub-Terrain-Challenge-GR04/ros2_ws/src/simulation' with build type 'ament_cmake'
[12.257s] INFO:colcon.colcon_cmake.task.cmake.build:Building CMake package in '/home/leon/Dev/TUM/autonome-systeme/project/Autonomous-Systems-Sub-Terrain-Challenge-GR04/ros2_ws/src/simulation'
[12.257s] INFO:colcon.colcon_core.shell:Skip shell extension 'powershell' for command environment: Not usable outside of PowerShell
[12.257s] DEBUG:colcon.colcon_core.shell:Skip shell extension 'dsv' for command environment
[12.266s] DEBUG:colcon.colcon_core.event_handler.log_command:Invoking command in '/home/leon/Dev/TUM/autonome-systeme/project/Autonomous-Systems-Sub-Terrain-Challenge-GR04/ros2_ws/build/controller_pkg': AMENT_PREFIX_PATH=/home/leon/Dev/TUM/autonome-systeme/project/Autonomous-Systems-Sub-Terrain-Challenge-GR04/ros2_ws/install/mav_msgs:${AMENT_PREFIX_PATH} CMAKE_PREFIX_PATH=/home/leon/Dev/TUM/autonome-systeme/project/Autonomous-Systems-Sub-Terrain-Challenge-GR04/ros2_ws/install/mav_msgs:/opt/ros/jazzy/opt/gz_math_vendor:/opt/ros/jazzy/opt/gz_utils_vendor:/opt/ros/jazzy/opt/gz_cmake_vendor:/opt/ros/jazzy DEBUGINFOD_URLS=https://debuginfod.ubuntu.com LD_LIBRARY_PATH=/home/leon/Dev/TUM/autonome-systeme/project/Autonomous-Systems-Sub-Terrain-Challenge-GR04/ros2_ws/install/mav_msgs/lib:${LD_LIBRARY_PATH} PYTHONPATH=/home/leon/Dev/TUM/autonome-systeme/project/Autonomous-Systems-Sub-Terrain-Challenge-GR04/ros2_ws/install/mav_msgs/lib/python3.12/site-packages:${PYTHONPATH} /usr/bin/cmake /home/leon/Dev/TUM/autonome-systeme/project/Autonomous-Systems-Sub-Terrain-Challenge-GR04/ros2_ws/src/controller_pkg -DCMAKE_INSTALL_PREFIX=/home/leon/Dev/TUM/autonome-systeme/project/Autonomous-Systems-Sub-Terrain-Challenge-GR04/ros2_ws/install/controller_pkg
[12.269s] DEBUG:colcon.colcon_core.event_handler.log_command:Invoking command in '/home/leon/Dev/TUM/autonome-systeme/project/Autonomous-Systems-Sub-Terrain-Challenge-GR04/ros2_ws/build/mav_planning_msgs': AMENT_PREFIX_PATH=/home/leon/Dev/TUM/autonome-systeme/project/Autonomous-Systems-Sub-Terrain-Challenge-GR04/ros2_ws/install/mav_msgs:${AMENT_PREFIX_PATH} CMAKE_PREFIX_PATH=/home/leon/Dev/TUM/autonome-systeme/project/Autonomous-Systems-Sub-Terrain-Challenge-GR04/ros2_ws/install/mav_msgs:/opt/ros/jazzy/opt/gz_math_vendor:/opt/ros/jazzy/opt/gz_utils_vendor:/opt/ros/jazzy/opt/gz_cmake_vendor:/opt/ros/jazzy DEBUGINFOD_URLS=https://debuginfod.ubuntu.com LD_LIBRARY_PATH=/home/leon/Dev/TUM/autonome-systeme/project/Autonomous-Systems-Sub-Terrain-Challenge-GR04/ros2_ws/install/mav_msgs/lib:${LD_LIBRARY_PATH} PYTHONPATH=/home/leon/Dev/TUM/autonome-systeme/project/Autonomous-Systems-Sub-Terrain-Challenge-GR04/ros2_ws/install/mav_msgs/lib/python3.12/site-packages:${PYTHONPATH} /usr/bin/cmake /home/leon/Dev/TUM/autonome-systeme/project/Autonomous-Systems-Sub-Terrain-Challenge-GR04/ros2_ws/src/mav_planning_msgs -DCMAKE_INSTALL_PREFIX=/home/leon/Dev/TUM/autonome-systeme/project/Autonomous-Systems-Sub-Terrain-Challenge-GR04/ros2_ws/install/mav_planning_msgs
[12.271s] DEBUG:colcon.colcon_core.event_handler.log_command:Invoking command in '/home/leon/Dev/TUM/autonome-systeme/project/Autonomous-Systems-Sub-Terrain-Challenge-GR04/ros2_ws/build/simulation': AMENT_PREFIX_PATH=/home/leon/Dev/TUM/autonome-systeme/project/Autonomous-Systems-Sub-Terrain-Challenge-GR04/ros2_ws/install/mav_msgs:${AMENT_PREFIX_PATH} CMAKE_PREFIX_PATH=/home/leon/Dev/TUM/autonome-systeme/project/Autonomous-Systems-Sub-Terrain-Challenge-GR04/ros2_ws/install/mav_msgs:/opt/ros/jazzy/opt/gz_math_vendor:/opt/ros/jazzy/opt/gz_utils_vendor:/opt/ros/jazzy/opt/gz_cmake_vendor:/opt/ros/jazzy DEBUGINFOD_URLS=https://debuginfod.ubuntu.com LD_LIBRARY_PATH=/home/leon/Dev/TUM/autonome-systeme/project/Autonomous-Systems-Sub-Terrain-Challenge-GR04/ros2_ws/install/mav_msgs/lib:${LD_LIBRARY_PATH} PYTHONPATH=/home/leon/Dev/TUM/autonome-systeme/project/Autonomous-Systems-Sub-Terrain-Challenge-GR04/ros2_ws/install/mav_msgs/lib/python3.12/site-packages:${PYTHONPATH} /usr/bin/cmake /home/leon/Dev/TUM/autonome-systeme/project/Autonomous-Systems-Sub-Terrain-Challenge-GR04/ros2_ws/src/simulation -DCMAKE_INSTALL_PREFIX=/home/leon/Dev/TUM/autonome-systeme/project/Autonomous-Systems-Sub-Terrain-Challenge-GR04/ros2_ws/install/simulation
[13.791s] DEBUG:colcon.colcon_core.event_handler.log_command:Invoked command in '/home/leon/Dev/TUM/autonome-systeme/project/Autonomous-Systems-Sub-Terrain-Challenge-GR04/ros2_ws/build/controller_pkg' returned '0': AMENT_PREFIX_PATH=/home/leon/Dev/TUM/autonome-systeme/project/Autonomous-Systems-Sub-Terrain-Challenge-GR04/ros2_ws/install/mav_msgs:${AMENT_PREFIX_PATH} CMAKE_PREFIX_PATH=/home/leon/Dev/TUM/autonome-systeme/project/Autonomous-Systems-Sub-Terrain-Challenge-GR04/ros2_ws/install/mav_msgs:/opt/ros/jazzy/opt/gz_math_vendor:/opt/ros/jazzy/opt/gz_utils_vendor:/opt/ros/jazzy/opt/gz_cmake_vendor:/opt/ros/jazzy DEBUGINFOD_URLS=https://debuginfod.ubuntu.com LD_LIBRARY_PATH=/home/leon/Dev/TUM/autonome-systeme/project/Autonomous-Systems-Sub-Terrain-Challenge-GR04/ros2_ws/install/mav_msgs/lib:${LD_LIBRARY_PATH} PYTHONPATH=/home/leon/Dev/TUM/autonome-systeme/project/Autonomous-Systems-Sub-Terrain-Challenge-GR04/ros2_ws/install/mav_msgs/lib/python3.12/site-packages:${PYTHONPATH} /usr/bin/cmake /home/leon/Dev/TUM/autonome-systeme/project/Autonomous-Systems-Sub-Terrain-Challenge-GR04/ros2_ws/src/controller_pkg -DCMAKE_INSTALL_PREFIX=/home/leon/Dev/TUM/autonome-systeme/project/Autonomous-Systems-Sub-Terrain-Challenge-GR04/ros2_ws/install/controller_pkg
[13.793s] DEBUG:colcon.colcon_core.event_handler.log_command:Invoking command in '/home/leon/Dev/TUM/autonome-systeme/project/Autonomous-Systems-Sub-Terrain-Challenge-GR04/ros2_ws/build/controller_pkg': AMENT_PREFIX_PATH=/home/leon/Dev/TUM/autonome-systeme/project/Autonomous-Systems-Sub-Terrain-Challenge-GR04/ros2_ws/install/mav_msgs:${AMENT_PREFIX_PATH} CMAKE_PREFIX_PATH=/home/leon/Dev/TUM/autonome-systeme/project/Autonomous-Systems-Sub-Terrain-Challenge-GR04/ros2_ws/install/mav_msgs:/opt/ros/jazzy/opt/gz_math_vendor:/opt/ros/jazzy/opt/gz_utils_vendor:/opt/ros/jazzy/opt/gz_cmake_vendor:/opt/ros/jazzy DEBUGINFOD_URLS=https://debuginfod.ubuntu.com LD_LIBRARY_PATH=/home/leon/Dev/TUM/autonome-systeme/project/Autonomous-Systems-Sub-Terrain-Challenge-GR04/ros2_ws/install/mav_msgs/lib:${LD_LIBRARY_PATH} PYTHONPATH=/home/leon/Dev/TUM/autonome-systeme/project/Autonomous-Systems-Sub-Terrain-Challenge-GR04/ros2_ws/install/mav_msgs/lib/python3.12/site-packages:${PYTHONPATH} /usr/bin/cmake --build /home/leon/Dev/TUM/autonome-systeme/project/Autonomous-Systems-Sub-Terrain-Challenge-GR04/ros2_ws/build/controller_pkg -- -j12 -l12
[14.056s] DEBUG:colcon.colcon_core.event_handler.log_command:Invoked command in '/home/leon/Dev/TUM/autonome-systeme/project/Autonomous-Systems-Sub-Terrain-Challenge-GR04/ros2_ws/build/simulation' returned '0': AMENT_PREFIX_PATH=/home/leon/Dev/TUM/autonome-systeme/project/Autonomous-Systems-Sub-Terrain-Challenge-GR04/ros2_ws/install/mav_msgs:${AMENT_PREFIX_PATH} CMAKE_PREFIX_PATH=/home/leon/Dev/TUM/autonome-systeme/project/Autonomous-Systems-Sub-Terrain-Challenge-GR04/ros2_ws/install/mav_msgs:/opt/ros/jazzy/opt/gz_math_vendor:/opt/ros/jazzy/opt/gz_utils_vendor:/opt/ros/jazzy/opt/gz_cmake_vendor:/opt/ros/jazzy DEBUGINFOD_URLS=https://debuginfod.ubuntu.com LD_LIBRARY_PATH=/home/leon/Dev/TUM/autonome-systeme/project/Autonomous-Systems-Sub-Terrain-Challenge-GR04/ros2_ws/install/mav_msgs/lib:${LD_LIBRARY_PATH} PYTHONPATH=/home/leon/Dev/TUM/autonome-systeme/project/Autonomous-Systems-Sub-Terrain-Challenge-GR04/ros2_ws/install/mav_msgs/lib/python3.12/site-packages:${PYTHONPATH} /usr/bin/cmake /home/leon/Dev/TUM/autonome-systeme/project/Autonomous-Systems-Sub-Terrain-Challenge-GR04/ros2_ws/src/simulation -DCMAKE_INSTALL_PREFIX=/home/leon/Dev/TUM/autonome-systeme/project/Autonomous-Systems-Sub-Terrain-Challenge-GR04/ros2_ws/install/simulation
[14.057s] DEBUG:colcon.colcon_core.event_handler.log_command:Invoking command in '/home/leon/Dev/TUM/autonome-systeme/project/Autonomous-Systems-Sub-Terrain-Challenge-GR04/ros2_ws/build/simulation': AMENT_PREFIX_PATH=/home/leon/Dev/TUM/autonome-systeme/project/Autonomous-Systems-Sub-Terrain-Challenge-GR04/ros2_ws/install/mav_msgs:${AMENT_PREFIX_PATH} CMAKE_PREFIX_PATH=/home/leon/Dev/TUM/autonome-systeme/project/Autonomous-Systems-Sub-Terrain-Challenge-GR04/ros2_ws/install/mav_msgs:/opt/ros/jazzy/opt/gz_math_vendor:/opt/ros/jazzy/opt/gz_utils_vendor:/opt/ros/jazzy/opt/gz_cmake_vendor:/opt/ros/jazzy DEBUGINFOD_URLS=https://debuginfod.ubuntu.com LD_LIBRARY_PATH=/home/leon/Dev/TUM/autonome-systeme/project/Autonomous-Systems-Sub-Terrain-Challenge-GR04/ros2_ws/install/mav_msgs/lib:${LD_LIBRARY_PATH} PYTHONPATH=/home/leon/Dev/TUM/autonome-systeme/project/Autonomous-Systems-Sub-Terrain-Challenge-GR04/ros2_ws/install/mav_msgs/lib/python3.12/site-packages:${PYTHONPATH} /usr/bin/cmake --build /home/leon/Dev/TUM/autonome-systeme/project/Autonomous-Systems-Sub-Terrain-Challenge-GR04/ros2_ws/build/simulation -- -j12 -l12
[17.599s] DEBUG:colcon.colcon_core.event_handler.log_command:Invoked command in '/home/leon/Dev/TUM/autonome-systeme/project/Autonomous-Systems-Sub-Terrain-Challenge-GR04/ros2_ws/build/mav_planning_msgs' returned '0': AMENT_PREFIX_PATH=/home/leon/Dev/TUM/autonome-systeme/project/Autonomous-Systems-Sub-Terrain-Challenge-GR04/ros2_ws/install/mav_msgs:${AMENT_PREFIX_PATH} CMAKE_PREFIX_PATH=/home/leon/Dev/TUM/autonome-systeme/project/Autonomous-Systems-Sub-Terrain-Challenge-GR04/ros2_ws/install/mav_msgs:/opt/ros/jazzy/opt/gz_math_vendor:/opt/ros/jazzy/opt/gz_utils_vendor:/opt/ros/jazzy/opt/gz_cmake_vendor:/opt/ros/jazzy DEBUGINFOD_URLS=https://debuginfod.ubuntu.com LD_LIBRARY_PATH=/home/leon/Dev/TUM/autonome-systeme/project/Autonomous-Systems-Sub-Terrain-Challenge-GR04/ros2_ws/install/mav_msgs/lib:${LD_LIBRARY_PATH} PYTHONPATH=/home/leon/Dev/TUM/autonome-systeme/project/Autonomous-Systems-Sub-Terrain-Challenge-GR04/ros2_ws/install/mav_msgs/lib/python3.12/site-packages:${PYTHONPATH} /usr/bin/cmake /home/leon/Dev/TUM/autonome-systeme/project/Autonomous-Systems-Sub-Terrain-Challenge-GR04/ros2_ws/src/mav_planning_msgs -DCMAKE_INSTALL_PREFIX=/home/leon/Dev/TUM/autonome-systeme/project/Autonomous-Systems-Sub-Terrain-Challenge-GR04/ros2_ws/install/mav_planning_msgs
[17.600s] DEBUG:colcon.colcon_core.event_handler.log_command:Invoking command in '/home/leon/Dev/TUM/autonome-systeme/project/Autonomous-Systems-Sub-Terrain-Challenge-GR04/ros2_ws/build/mav_planning_msgs': AMENT_PREFIX_PATH=/home/leon/Dev/TUM/autonome-systeme/project/Autonomous-Systems-Sub-Terrain-Challenge-GR04/ros2_ws/install/mav_msgs:${AMENT_PREFIX_PATH} CMAKE_PREFIX_PATH=/home/leon/Dev/TUM/autonome-systeme/project/Autonomous-Systems-Sub-Terrain-Challenge-GR04/ros2_ws/install/mav_msgs:/opt/ros/jazzy/opt/gz_math_vendor:/opt/ros/jazzy/opt/gz_utils_vendor:/opt/ros/jazzy/opt/gz_cmake_vendor:/opt/ros/jazzy DEBUGINFOD_URLS=https://debuginfod.ubuntu.com LD_LIBRARY_PATH=/home/leon/Dev/TUM/autonome-systeme/project/Autonomous-Systems-Sub-Terrain-Challenge-GR04/ros2_ws/install/mav_msgs/lib:${LD_LIBRARY_PATH} PYTHONPATH=/home/leon/Dev/TUM/autonome-systeme/project/Autonomous-Systems-Sub-Terrain-Challenge-GR04/ros2_ws/install/mav_msgs/lib/python3.12/site-packages:${PYTHONPATH} /usr/bin/cmake --build /home/leon/Dev/TUM/autonome-systeme/project/Autonomous-Systems-Sub-Terrain-Challenge-GR04/ros2_ws/build/mav_planning_msgs -- -j12 -l12
[20.381s] DEBUG:colcon.colcon_core.event_handler.log_command:Invoked command in '/home/leon/Dev/TUM/autonome-systeme/project/Autonomous-Systems-Sub-Terrain-Challenge-GR04/ros2_ws/build/controller_pkg' returned '0': AMENT_PREFIX_PATH=/home/leon/Dev/TUM/autonome-systeme/project/Autonomous-Systems-Sub-Terrain-Challenge-GR04/ros2_ws/install/mav_msgs:${AMENT_PREFIX_PATH} CMAKE_PREFIX_PATH=/home/leon/Dev/TUM/autonome-systeme/project/Autonomous-Systems-Sub-Terrain-Challenge-GR04/ros2_ws/install/mav_msgs:/opt/ros/jazzy/opt/gz_math_vendor:/opt/ros/jazzy/opt/gz_utils_vendor:/opt/ros/jazzy/opt/gz_cmake_vendor:/opt/ros/jazzy DEBUGINFOD_URLS=https://debuginfod.ubuntu.com LD_LIBRARY_PATH=/home/leon/Dev/TUM/autonome-systeme/project/Autonomous-Systems-Sub-Terrain-Challenge-GR04/ros2_ws/install/mav_msgs/lib:${LD_LIBRARY_PATH} PYTHONPATH=/home/leon/Dev/TUM/autonome-systeme/project/Autonomous-Systems-Sub-Terrain-Challenge-GR04/ros2_ws/install/mav_msgs/lib/python3.12/site-packages:${PYTHONPATH} /usr/bin/cmake --build /home/leon/Dev/TUM/autonome-systeme/project/Autonomous-Systems-Sub-Terrain-Challenge-GR04/ros2_ws/build/controller_pkg -- -j12 -l12
[20.384s] DEBUG:colcon.colcon_core.event_handler.log_command:Invoking command in '/home/leon/Dev/TUM/autonome-systeme/project/Autonomous-Systems-Sub-Terrain-Challenge-GR04/ros2_ws/build/controller_pkg': AMENT_PREFIX_PATH=/home/leon/Dev/TUM/autonome-systeme/project/Autonomous-Systems-Sub-Terrain-Challenge-GR04/ros2_ws/install/mav_msgs:${AMENT_PREFIX_PATH} CMAKE_PREFIX_PATH=/home/leon/Dev/TUM/autonome-systeme/project/Autonomous-Systems-Sub-Terrain-Challenge-GR04/ros2_ws/install/mav_msgs:/opt/ros/jazzy/opt/gz_math_vendor:/opt/ros/jazzy/opt/gz_utils_vendor:/opt/ros/jazzy/opt/gz_cmake_vendor:/opt/ros/jazzy DEBUGINFOD_URLS=https://debuginfod.ubuntu.com LD_LIBRARY_PATH=/home/leon/Dev/TUM/autonome-systeme/project/Autonomous-Systems-Sub-Terrain-Challenge-GR04/ros2_ws/install/mav_msgs/lib:${LD_LIBRARY_PATH} PYTHONPATH=/home/leon/Dev/TUM/autonome-systeme/project/Autonomous-Systems-Sub-Terrain-Challenge-GR04/ros2_ws/install/mav_msgs/lib/python3.12/site-packages:${PYTHONPATH} /usr/bin/cmake --install /home/leon/Dev/TUM/autonome-systeme/project/Autonomous-Systems-Sub-Terrain-Challenge-GR04/ros2_ws/build/controller_pkg
[20.423s] Level 1:colcon.colcon_core.environment:create_environment_scripts_only(controller_pkg)
[20.424s] DEBUG:colcon.colcon_core.event_handler.log_command:Invoked command in '/home/leon/Dev/TUM/autonome-systeme/project/Autonomous-Systems-Sub-Terrain-Challenge-GR04/ros2_ws/build/controller_pkg' returned '0': AMENT_PREFIX_PATH=/home/leon/Dev/TUM/autonome-systeme/project/Autonomous-Systems-Sub-Terrain-Challenge-GR04/ros2_ws/install/mav_msgs:${AMENT_PREFIX_PATH} CMAKE_PREFIX_PATH=/home/leon/Dev/TUM/autonome-systeme/project/Autonomous-Systems-Sub-Terrain-Challenge-GR04/ros2_ws/install/mav_msgs:/opt/ros/jazzy/opt/gz_math_vendor:/opt/ros/jazzy/opt/gz_utils_vendor:/opt/ros/jazzy/opt/gz_cmake_vendor:/opt/ros/jazzy DEBUGINFOD_URLS=https://debuginfod.ubuntu.com LD_LIBRARY_PATH=/home/leon/Dev/TUM/autonome-systeme/project/Autonomous-Systems-Sub-Terrain-Challenge-GR04/ros2_ws/install/mav_msgs/lib:${LD_LIBRARY_PATH} PYTHONPATH=/home/leon/Dev/TUM/autonome-systeme/project/Autonomous-Systems-Sub-Terrain-Challenge-GR04/ros2_ws/install/mav_msgs/lib/python3.12/site-packages:${PYTHONPATH} /usr/bin/cmake --install /home/leon/Dev/TUM/autonome-systeme/project/Autonomous-Systems-Sub-Terrain-Challenge-GR04/ros2_ws/build/controller_pkg
[20.424s] Level 1:colcon.colcon_core.environment:checking '/home/leon/Dev/TUM/autonome-systeme/project/Autonomous-Systems-Sub-Terrain-Challenge-GR04/ros2_ws/install/controller_pkg' for CMake module files
[20.425s] Level 1:colcon.colcon_core.environment:checking '/home/leon/Dev/TUM/autonome-systeme/project/Autonomous-Systems-Sub-Terrain-Challenge-GR04/ros2_ws/install/controller_pkg' for CMake config files
[20.425s] Level 1:colcon.colcon_core.shell:create_environment_hook('controller_pkg', 'cmake_prefix_path')
[20.425s] INFO:colcon.colcon_core.shell:Creating environment hook '/home/leon/Dev/TUM/autonome-systeme/project/Autonomous-Systems-Sub-Terrain-Challenge-GR04/ros2_ws/install/controller_pkg/share/controller_pkg/hook/cmake_prefix_path.ps1'
[20.426s] INFO:colcon.colcon_core.shell:Creating environment descriptor '/home/leon/Dev/TUM/autonome-systeme/project/Autonomous-Systems-Sub-Terrain-Challenge-GR04/ros2_ws/install/controller_pkg/share/controller_pkg/hook/cmake_prefix_path.dsv'
[20.426s] INFO:colcon.colcon_core.shell:Creating environment hook '/home/leon/Dev/TUM/autonome-systeme/project/Autonomous-Systems-Sub-Terrain-Challenge-GR04/ros2_ws/install/controller_pkg/share/controller_pkg/hook/cmake_prefix_path.sh'
[20.427s] Level 1:colcon.colcon_core.environment:checking '/home/leon/Dev/TUM/autonome-systeme/project/Autonomous-Systems-Sub-Terrain-Challenge-GR04/ros2_ws/install/controller_pkg/lib'
[20.427s] Level 1:colcon.colcon_core.shell:create_environment_hook('controller_pkg', 'ld_library_path_lib')
[20.427s] INFO:colcon.colcon_core.shell:Creating environment hook '/home/leon/Dev/TUM/autonome-systeme/project/Autonomous-Systems-Sub-Terrain-Challenge-GR04/ros2_ws/install/controller_pkg/share/controller_pkg/hook/ld_library_path_lib.ps1'
[20.427s] INFO:colcon.colcon_core.shell:Creating environment descriptor '/home/leon/Dev/TUM/autonome-systeme/project/Autonomous-Systems-Sub-Terrain-Challenge-GR04/ros2_ws/install/controller_pkg/share/controller_pkg/hook/ld_library_path_lib.dsv'
[20.428s] INFO:colcon.colcon_core.shell:Creating environment hook '/home/leon/Dev/TUM/autonome-systeme/project/Autonomous-Systems-Sub-Terrain-Challenge-GR04/ros2_ws/install/controller_pkg/share/controller_pkg/hook/ld_library_path_lib.sh'
[20.428s] Level 1:colcon.colcon_core.environment:checking '/home/leon/Dev/TUM/autonome-systeme/project/Autonomous-Systems-Sub-Terrain-Challenge-GR04/ros2_ws/install/controller_pkg/bin'
[20.428s] Level 1:colcon.colcon_core.environment:checking '/home/leon/Dev/TUM/autonome-systeme/project/Autonomous-Systems-Sub-Terrain-Challenge-GR04/ros2_ws/install/controller_pkg/lib/pkgconfig/controller_pkg.pc'
[20.428s] Level 1:colcon.colcon_core.environment:checking '/home/leon/Dev/TUM/autonome-systeme/project/Autonomous-Systems-Sub-Terrain-Challenge-GR04/ros2_ws/install/controller_pkg/lib/python3.12/site-packages'
[20.428s] Level 1:colcon.colcon_core.environment:checking '/home/leon/Dev/TUM/autonome-systeme/project/Autonomous-Systems-Sub-Terrain-Challenge-GR04/ros2_ws/install/controller_pkg/bin'
[20.429s] INFO:colcon.colcon_core.shell:Creating package script '/home/leon/Dev/TUM/autonome-systeme/project/Autonomous-Systems-Sub-Terrain-Challenge-GR04/ros2_ws/install/controller_pkg/share/controller_pkg/package.ps1'
[20.429s] INFO:colcon.colcon_core.shell:Creating package descriptor '/home/leon/Dev/TUM/autonome-systeme/project/Autonomous-Systems-Sub-Terrain-Challenge-GR04/ros2_ws/install/controller_pkg/share/controller_pkg/package.dsv'
[20.430s] INFO:colcon.colcon_core.shell:Creating package script '/home/leon/Dev/TUM/autonome-systeme/project/Autonomous-Systems-Sub-Terrain-Challenge-GR04/ros2_ws/install/controller_pkg/share/controller_pkg/package.sh'
[20.431s] INFO:colcon.colcon_core.shell:Creating package script '/home/leon/Dev/TUM/autonome-systeme/project/Autonomous-Systems-Sub-Terrain-Challenge-GR04/ros2_ws/install/controller_pkg/share/controller_pkg/package.bash'
[20.431s] INFO:colcon.colcon_core.shell:Creating package script '/home/leon/Dev/TUM/autonome-systeme/project/Autonomous-Systems-Sub-Terrain-Challenge-GR04/ros2_ws/install/controller_pkg/share/controller_pkg/package.zsh'
[20.432s] Level 1:colcon.colcon_core.environment:create_file_with_runtime_dependencies(/home/leon/Dev/TUM/autonome-systeme/project/Autonomous-Systems-Sub-Terrain-Challenge-GR04/ros2_ws/install/controller_pkg/share/colcon-core/packages/controller_pkg)
[20.432s] Level 1:colcon.colcon_core.environment:create_environment_scripts_only(controller_pkg)
[20.433s] Level 1:colcon.colcon_core.environment:checking '/home/leon/Dev/TUM/autonome-systeme/project/Autonomous-Systems-Sub-Terrain-Challenge-GR04/ros2_ws/install/controller_pkg' for CMake module files
[20.433s] Level 1:colcon.colcon_core.environment:checking '/home/leon/Dev/TUM/autonome-systeme/project/Autonomous-Systems-Sub-Terrain-Challenge-GR04/ros2_ws/install/controller_pkg' for CMake config files
[20.434s] Level 1:colcon.colcon_core.shell:create_environment_hook('controller_pkg', 'cmake_prefix_path')
[20.434s] INFO:colcon.colcon_core.shell:Creating environment hook '/home/leon/Dev/TUM/autonome-systeme/project/Autonomous-Systems-Sub-Terrain-Challenge-GR04/ros2_ws/install/controller_pkg/share/controller_pkg/hook/cmake_prefix_path.ps1'
[20.434s] INFO:colcon.colcon_core.shell:Creating environment descriptor '/home/leon/Dev/TUM/autonome-systeme/project/Autonomous-Systems-Sub-Terrain-Challenge-GR04/ros2_ws/install/controller_pkg/share/controller_pkg/hook/cmake_prefix_path.dsv'
[20.435s] INFO:colcon.colcon_core.shell:Creating environment hook '/home/leon/Dev/TUM/autonome-systeme/project/Autonomous-Systems-Sub-Terrain-Challenge-GR04/ros2_ws/install/controller_pkg/share/controller_pkg/hook/cmake_prefix_path.sh'
[20.435s] Level 1:colcon.colcon_core.environment:checking '/home/leon/Dev/TUM/autonome-systeme/project/Autonomous-Systems-Sub-Terrain-Challenge-GR04/ros2_ws/install/controller_pkg/lib'
[20.436s] Level 1:colcon.colcon_core.shell:create_environment_hook('controller_pkg', 'ld_library_path_lib')
[20.436s] INFO:colcon.colcon_core.shell:Creating environment hook '/home/leon/Dev/TUM/autonome-systeme/project/Autonomous-Systems-Sub-Terrain-Challenge-GR04/ros2_ws/install/controller_pkg/share/controller_pkg/hook/ld_library_path_lib.ps1'
[20.436s] INFO:colcon.colcon_core.shell:Creating environment descriptor '/home/leon/Dev/TUM/autonome-systeme/project/Autonomous-Systems-Sub-Terrain-Challenge-GR04/ros2_ws/install/controller_pkg/share/controller_pkg/hook/ld_library_path_lib.dsv'
[20.437s] INFO:colcon.colcon_core.shell:Creating environment hook '/home/leon/Dev/TUM/autonome-systeme/project/Autonomous-Systems-Sub-Terrain-Challenge-GR04/ros2_ws/install/controller_pkg/share/controller_pkg/hook/ld_library_path_lib.sh'
[20.437s] Level 1:colcon.colcon_core.environment:checking '/home/leon/Dev/TUM/autonome-systeme/project/Autonomous-Systems-Sub-Terrain-Challenge-GR04/ros2_ws/install/controller_pkg/bin'
[20.437s] Level 1:colcon.colcon_core.environment:checking '/home/leon/Dev/TUM/autonome-systeme/project/Autonomous-Systems-Sub-Terrain-Challenge-GR04/ros2_ws/install/controller_pkg/lib/pkgconfig/controller_pkg.pc'
[20.437s] Level 1:colcon.colcon_core.environment:checking '/home/leon/Dev/TUM/autonome-systeme/project/Autonomous-Systems-Sub-Terrain-Challenge-GR04/ros2_ws/install/controller_pkg/lib/python3.12/site-packages'
[20.438s] Level 1:colcon.colcon_core.environment:checking '/home/leon/Dev/TUM/autonome-systeme/project/Autonomous-Systems-Sub-Terrain-Challenge-GR04/ros2_ws/install/controller_pkg/bin'
[20.438s] INFO:colcon.colcon_core.shell:Creating package script '/home/leon/Dev/TUM/autonome-systeme/project/Autonomous-Systems-Sub-Terrain-Challenge-GR04/ros2_ws/install/controller_pkg/share/controller_pkg/package.ps1'
[20.439s] INFO:colcon.colcon_core.shell:Creating package descriptor '/home/leon/Dev/TUM/autonome-systeme/project/Autonomous-Systems-Sub-Terrain-Challenge-GR04/ros2_ws/install/controller_pkg/share/controller_pkg/package.dsv'
[20.439s] INFO:colcon.colcon_core.shell:Creating package script '/home/leon/Dev/TUM/autonome-systeme/project/Autonomous-Systems-Sub-Terrain-Challenge-GR04/ros2_ws/install/controller_pkg/share/controller_pkg/package.sh'
[20.440s] INFO:colcon.colcon_core.shell:Creating package script '/home/leon/Dev/TUM/autonome-systeme/project/Autonomous-Systems-Sub-Terrain-Challenge-GR04/ros2_ws/install/controller_pkg/share/controller_pkg/package.bash'
[20.440s] INFO:colcon.colcon_core.shell:Creating package script '/home/leon/Dev/TUM/autonome-systeme/project/Autonomous-Systems-Sub-Terrain-Challenge-GR04/ros2_ws/install/controller_pkg/share/controller_pkg/package.zsh'
[20.440s] Level 1:colcon.colcon_core.environment:create_file_with_runtime_dependencies(/home/leon/Dev/TUM/autonome-systeme/project/Autonomous-Systems-Sub-Terrain-Challenge-GR04/ros2_ws/install/controller_pkg/share/colcon-core/packages/controller_pkg)
[31.101s] DEBUG:colcon.colcon_core.event_handler.log_command:Invoked command in '/home/leon/Dev/TUM/autonome-systeme/project/Autonomous-Systems-Sub-Terrain-Challenge-GR04/ros2_ws/build/mav_planning_msgs' returned '0': AMENT_PREFIX_PATH=/home/leon/Dev/TUM/autonome-systeme/project/Autonomous-Systems-Sub-Terrain-Challenge-GR04/ros2_ws/install/mav_msgs:${AMENT_PREFIX_PATH} CMAKE_PREFIX_PATH=/home/leon/Dev/TUM/autonome-systeme/project/Autonomous-Systems-Sub-Terrain-Challenge-GR04/ros2_ws/install/mav_msgs:/opt/ros/jazzy/opt/gz_math_vendor:/opt/ros/jazzy/opt/gz_utils_vendor:/opt/ros/jazzy/opt/gz_cmake_vendor:/opt/ros/jazzy DEBUGINFOD_URLS=https://debuginfod.ubuntu.com LD_LIBRARY_PATH=/home/leon/Dev/TUM/autonome-systeme/project/Autonomous-Systems-Sub-Terrain-Challenge-GR04/ros2_ws/install/mav_msgs/lib:${LD_LIBRARY_PATH} PYTHONPATH=/home/leon/Dev/TUM/autonome-systeme/project/Autonomous-Systems-Sub-Terrain-Challenge-GR04/ros2_ws/install/mav_msgs/lib/python3.12/site-packages:${PYTHONPATH} /usr/bin/cmake --build /home/leon/Dev/TUM/autonome-systeme/project/Autonomous-Systems-Sub-Terrain-Challenge-GR04/ros2_ws/build/mav_planning_msgs -- -j12 -l12
[31.105s] DEBUG:colcon.colcon_core.event_handler.log_command:Invoking command in '/home/leon/Dev/TUM/autonome-systeme/project/Autonomous-Systems-Sub-Terrain-Challenge-GR04/ros2_ws/build/mav_planning_msgs': AMENT_PREFIX_PATH=/home/leon/Dev/TUM/autonome-systeme/project/Autonomous-Systems-Sub-Terrain-Challenge-GR04/ros2_ws/install/mav_msgs:${AMENT_PREFIX_PATH} CMAKE_PREFIX_PATH=/home/leon/Dev/TUM/autonome-systeme/project/Autonomous-Systems-Sub-Terrain-Challenge-GR04/ros2_ws/install/mav_msgs:/opt/ros/jazzy/opt/gz_math_vendor:/opt/ros/jazzy/opt/gz_utils_vendor:/opt/ros/jazzy/opt/gz_cmake_vendor:/opt/ros/jazzy DEBUGINFOD_URLS=https://debuginfod.ubuntu.com LD_LIBRARY_PATH=/home/leon/Dev/TUM/autonome-systeme/project/Autonomous-Systems-Sub-Terrain-Challenge-GR04/ros2_ws/install/mav_msgs/lib:${LD_LIBRARY_PATH} PYTHONPATH=/home/leon/Dev/TUM/autonome-systeme/project/Autonomous-Systems-Sub-Terrain-Challenge-GR04/ros2_ws/install/mav_msgs/lib/python3.12/site-packages:${PYTHONPATH} /usr/bin/cmake --install /home/leon/Dev/TUM/autonome-systeme/project/Autonomous-Systems-Sub-Terrain-Challenge-GR04/ros2_ws/build/mav_planning_msgs
[31.283s] Level 1:colcon.colcon_core.environment:create_environment_scripts_only(mav_planning_msgs)
[31.284s] Level 1:colcon.colcon_core.environment:checking '/home/leon/Dev/TUM/autonome-systeme/project/Autonomous-Systems-Sub-Terrain-Challenge-GR04/ros2_ws/install/mav_planning_msgs' for CMake module files
[31.284s] DEBUG:colcon.colcon_core.event_handler.log_command:Invoked command in '/home/leon/Dev/TUM/autonome-systeme/project/Autonomous-Systems-Sub-Terrain-Challenge-GR04/ros2_ws/build/mav_planning_msgs' returned '0': AMENT_PREFIX_PATH=/home/leon/Dev/TUM/autonome-systeme/project/Autonomous-Systems-Sub-Terrain-Challenge-GR04/ros2_ws/install/mav_msgs:${AMENT_PREFIX_PATH} CMAKE_PREFIX_PATH=/home/leon/Dev/TUM/autonome-systeme/project/Autonomous-Systems-Sub-Terrain-Challenge-GR04/ros2_ws/install/mav_msgs:/opt/ros/jazzy/opt/gz_math_vendor:/opt/ros/jazzy/opt/gz_utils_vendor:/opt/ros/jazzy/opt/gz_cmake_vendor:/opt/ros/jazzy DEBUGINFOD_URLS=https://debuginfod.ubuntu.com LD_LIBRARY_PATH=/home/leon/Dev/TUM/autonome-systeme/project/Autonomous-Systems-Sub-Terrain-Challenge-GR04/ros2_ws/install/mav_msgs/lib:${LD_LIBRARY_PATH} PYTHONPATH=/home/leon/Dev/TUM/autonome-systeme/project/Autonomous-Systems-Sub-Terrain-Challenge-GR04/ros2_ws/install/mav_msgs/lib/python3.12/site-packages:${PYTHONPATH} /usr/bin/cmake --install /home/leon/Dev/TUM/autonome-systeme/project/Autonomous-Systems-Sub-Terrain-Challenge-GR04/ros2_ws/build/mav_planning_msgs
[31.285s] Level 1:colcon.colcon_core.environment:checking '/home/leon/Dev/TUM/autonome-systeme/project/Autonomous-Systems-Sub-Terrain-Challenge-GR04/ros2_ws/install/mav_planning_msgs' for CMake config files
[31.286s] Level 1:colcon.colcon_core.shell:create_environment_hook('mav_planning_msgs', 'cmake_prefix_path')
[31.286s] INFO:colcon.colcon_core.shell:Creating environment hook '/home/leon/Dev/TUM/autonome-systeme/project/Autonomous-Systems-Sub-Terrain-Challenge-GR04/ros2_ws/install/mav_planning_msgs/share/mav_planning_msgs/hook/cmake_prefix_path.ps1'
[31.287s] INFO:colcon.colcon_core.shell:Creating environment descriptor '/home/leon/Dev/TUM/autonome-systeme/project/Autonomous-Systems-Sub-Terrain-Challenge-GR04/ros2_ws/install/mav_planning_msgs/share/mav_planning_msgs/hook/cmake_prefix_path.dsv'
[31.287s] INFO:colcon.colcon_core.shell:Creating environment hook '/home/leon/Dev/TUM/autonome-systeme/project/Autonomous-Systems-Sub-Terrain-Challenge-GR04/ros2_ws/install/mav_planning_msgs/share/mav_planning_msgs/hook/cmake_prefix_path.sh'
[31.288s] Level 1:colcon.colcon_core.environment:checking '/home/leon/Dev/TUM/autonome-systeme/project/Autonomous-Systems-Sub-Terrain-Challenge-GR04/ros2_ws/install/mav_planning_msgs/lib'
[31.288s] Level 1:colcon.colcon_core.shell:create_environment_hook('mav_planning_msgs', 'ld_library_path_lib')
[31.288s] INFO:colcon.colcon_core.shell:Creating environment hook '/home/leon/Dev/TUM/autonome-systeme/project/Autonomous-Systems-Sub-Terrain-Challenge-GR04/ros2_ws/install/mav_planning_msgs/share/mav_planning_msgs/hook/ld_library_path_lib.ps1'
[31.288s] INFO:colcon.colcon_core.shell:Creating environment descriptor '/home/leon/Dev/TUM/autonome-systeme/project/Autonomous-Systems-Sub-Terrain-Challenge-GR04/ros2_ws/install/mav_planning_msgs/share/mav_planning_msgs/hook/ld_library_path_lib.dsv'
[31.289s] INFO:colcon.colcon_core.shell:Creating environment hook '/home/leon/Dev/TUM/autonome-systeme/project/Autonomous-Systems-Sub-Terrain-Challenge-GR04/ros2_ws/install/mav_planning_msgs/share/mav_planning_msgs/hook/ld_library_path_lib.sh'
[31.289s] Level 1:colcon.colcon_core.environment:checking '/home/leon/Dev/TUM/autonome-systeme/project/Autonomous-Systems-Sub-Terrain-Challenge-GR04/ros2_ws/install/mav_planning_msgs/bin'
[31.289s] Level 1:colcon.colcon_core.environment:checking '/home/leon/Dev/TUM/autonome-systeme/project/Autonomous-Systems-Sub-Terrain-Challenge-GR04/ros2_ws/install/mav_planning_msgs/lib/pkgconfig/mav_planning_msgs.pc'
[31.289s] Level 1:colcon.colcon_core.environment:checking '/home/leon/Dev/TUM/autonome-systeme/project/Autonomous-Systems-Sub-Terrain-Challenge-GR04/ros2_ws/install/mav_planning_msgs/lib/python3.12/site-packages'
[31.290s] Level 1:colcon.colcon_core.shell:create_environment_hook('mav_planning_msgs', 'pythonpath')
[31.290s] INFO:colcon.colcon_core.shell:Creating environment hook '/home/leon/Dev/TUM/autonome-systeme/project/Autonomous-Systems-Sub-Terrain-Challenge-GR04/ros2_ws/install/mav_planning_msgs/share/mav_planning_msgs/hook/pythonpath.ps1'
[31.290s] INFO:colcon.colcon_core.shell:Creating environment descriptor '/home/leon/Dev/TUM/autonome-systeme/project/Autonomous-Systems-Sub-Terrain-Challenge-GR04/ros2_ws/install/mav_planning_msgs/share/mav_planning_msgs/hook/pythonpath.dsv'
[31.291s] INFO:colcon.colcon_core.shell:Creating environment hook '/home/leon/Dev/TUM/autonome-systeme/project/Autonomous-Systems-Sub-Terrain-Challenge-GR04/ros2_ws/install/mav_planning_msgs/share/mav_planning_msgs/hook/pythonpath.sh'
[31.291s] Level 1:colcon.colcon_core.environment:checking '/home/leon/Dev/TUM/autonome-systeme/project/Autonomous-Systems-Sub-Terrain-Challenge-GR04/ros2_ws/install/mav_planning_msgs/bin'
[31.292s] INFO:colcon.colcon_core.shell:Creating package script '/home/leon/Dev/TUM/autonome-systeme/project/Autonomous-Systems-Sub-Terrain-Challenge-GR04/ros2_ws/install/mav_planning_msgs/share/mav_planning_msgs/package.ps1'
[31.292s] INFO:colcon.colcon_core.shell:Creating package descriptor '/home/leon/Dev/TUM/autonome-systeme/project/Autonomous-Systems-Sub-Terrain-Challenge-GR04/ros2_ws/install/mav_planning_msgs/share/mav_planning_msgs/package.dsv'
[31.293s] INFO:colcon.colcon_core.shell:Creating package script '/home/leon/Dev/TUM/autonome-systeme/project/Autonomous-Systems-Sub-Terrain-Challenge-GR04/ros2_ws/install/mav_planning_msgs/share/mav_planning_msgs/package.sh'
[31.294s] INFO:colcon.colcon_core.shell:Creating package script '/home/leon/Dev/TUM/autonome-systeme/project/Autonomous-Systems-Sub-Terrain-Challenge-GR04/ros2_ws/install/mav_planning_msgs/share/mav_planning_msgs/package.bash'
[31.294s] INFO:colcon.colcon_core.shell:Creating package script '/home/leon/Dev/TUM/autonome-systeme/project/Autonomous-Systems-Sub-Terrain-Challenge-GR04/ros2_ws/install/mav_planning_msgs/share/mav_planning_msgs/package.zsh'
[31.295s] Level 1:colcon.colcon_core.environment:create_file_with_runtime_dependencies(/home/leon/Dev/TUM/autonome-systeme/project/Autonomous-Systems-Sub-Terrain-Challenge-GR04/ros2_ws/install/mav_planning_msgs/share/colcon-core/packages/mav_planning_msgs)
[31.296s] Level 1:colcon.colcon_core.environment:create_environment_scripts_only(mav_planning_msgs)
[31.297s] Level 1:colcon.colcon_core.environment:checking '/home/leon/Dev/TUM/autonome-systeme/project/Autonomous-Systems-Sub-Terrain-Challenge-GR04/ros2_ws/install/mav_planning_msgs' for CMake module files
[31.297s] Level 1:colcon.colcon_core.environment:checking '/home/leon/Dev/TUM/autonome-systeme/project/Autonomous-Systems-Sub-Terrain-Challenge-GR04/ros2_ws/install/mav_planning_msgs' for CMake config files
[31.299s] Level 1:colcon.colcon_core.shell:create_environment_hook('mav_planning_msgs', 'cmake_prefix_path')
[31.300s] INFO:colcon.colcon_core.shell:Creating environment hook '/home/leon/Dev/TUM/autonome-systeme/project/Autonomous-Systems-Sub-Terrain-Challenge-GR04/ros2_ws/install/mav_planning_msgs/share/mav_planning_msgs/hook/cmake_prefix_path.ps1'
[31.300s] INFO:colcon.colcon_core.shell:Creating environment descriptor '/home/leon/Dev/TUM/autonome-systeme/project/Autonomous-Systems-Sub-Terrain-Challenge-GR04/ros2_ws/install/mav_planning_msgs/share/mav_planning_msgs/hook/cmake_prefix_path.dsv'
[31.301s] INFO:colcon.colcon_core.shell:Creating environment hook '/home/leon/Dev/TUM/autonome-systeme/project/Autonomous-Systems-Sub-Terrain-Challenge-GR04/ros2_ws/install/mav_planning_msgs/share/mav_planning_msgs/hook/cmake_prefix_path.sh'
[31.301s] Level 1:colcon.colcon_core.environment:checking '/home/leon/Dev/TUM/autonome-systeme/project/Autonomous-Systems-Sub-Terrain-Challenge-GR04/ros2_ws/install/mav_planning_msgs/lib'
[31.301s] Level 1:colcon.colcon_core.shell:create_environment_hook('mav_planning_msgs', 'ld_library_path_lib')
[31.302s] INFO:colcon.colcon_core.shell:Creating environment hook '/home/leon/Dev/TUM/autonome-systeme/project/Autonomous-Systems-Sub-Terrain-Challenge-GR04/ros2_ws/install/mav_planning_msgs/share/mav_planning_msgs/hook/ld_library_path_lib.ps1'
[31.302s] INFO:colcon.colcon_core.shell:Creating environment descriptor '/home/leon/Dev/TUM/autonome-systeme/project/Autonomous-Systems-Sub-Terrain-Challenge-GR04/ros2_ws/install/mav_planning_msgs/share/mav_planning_msgs/hook/ld_library_path_lib.dsv'
[31.303s] INFO:colcon.colcon_core.shell:Creating environment hook '/home/leon/Dev/TUM/autonome-systeme/project/Autonomous-Systems-Sub-Terrain-Challenge-GR04/ros2_ws/install/mav_planning_msgs/share/mav_planning_msgs/hook/ld_library_path_lib.sh'
[31.304s] Level 1:colcon.colcon_core.environment:checking '/home/leon/Dev/TUM/autonome-systeme/project/Autonomous-Systems-Sub-Terrain-Challenge-GR04/ros2_ws/install/mav_planning_msgs/bin'
[31.304s] Level 1:colcon.colcon_core.environment:checking '/home/leon/Dev/TUM/autonome-systeme/project/Autonomous-Systems-Sub-Terrain-Challenge-GR04/ros2_ws/install/mav_planning_msgs/lib/pkgconfig/mav_planning_msgs.pc'
[31.304s] Level 1:colcon.colcon_core.environment:checking '/home/leon/Dev/TUM/autonome-systeme/project/Autonomous-Systems-Sub-Terrain-Challenge-GR04/ros2_ws/install/mav_planning_msgs/lib/python3.12/site-packages'
[31.304s] Level 1:colcon.colcon_core.shell:create_environment_hook('mav_planning_msgs', 'pythonpath')
[31.304s] INFO:colcon.colcon_core.shell:Creating environment hook '/home/leon/Dev/TUM/autonome-systeme/project/Autonomous-Systems-Sub-Terrain-Challenge-GR04/ros2_ws/install/mav_planning_msgs/share/mav_planning_msgs/hook/pythonpath.ps1'
[31.305s] INFO:colcon.colcon_core.shell:Creating environment descriptor '/home/leon/Dev/TUM/autonome-systeme/project/Autonomous-Systems-Sub-Terrain-Challenge-GR04/ros2_ws/install/mav_planning_msgs/share/mav_planning_msgs/hook/pythonpath.dsv'
[31.305s] INFO:colcon.colcon_core.shell:Creating environment hook '/home/leon/Dev/TUM/autonome-systeme/project/Autonomous-Systems-Sub-Terrain-Challenge-GR04/ros2_ws/install/mav_planning_msgs/share/mav_planning_msgs/hook/pythonpath.sh'
[31.306s] Level 1:colcon.colcon_core.environment:checking '/home/leon/Dev/TUM/autonome-systeme/project/Autonomous-Systems-Sub-Terrain-Challenge-GR04/ros2_ws/install/mav_planning_msgs/bin'
[31.306s] INFO:colcon.colcon_core.shell:Creating package script '/home/leon/Dev/TUM/autonome-systeme/project/Autonomous-Systems-Sub-Terrain-Challenge-GR04/ros2_ws/install/mav_planning_msgs/share/mav_planning_msgs/package.ps1'
[31.307s] INFO:colcon.colcon_core.shell:Creating package descriptor '/home/leon/Dev/TUM/autonome-systeme/project/Autonomous-Systems-Sub-Terrain-Challenge-GR04/ros2_ws/install/mav_planning_msgs/share/mav_planning_msgs/package.dsv'
[31.308s] INFO:colcon.colcon_core.shell:Creating package script '/home/leon/Dev/TUM/autonome-systeme/project/Autonomous-Systems-Sub-Terrain-Challenge-GR04/ros2_ws/install/mav_planning_msgs/share/mav_planning_msgs/package.sh'
[31.308s] INFO:colcon.colcon_core.shell:Creating package script '/home/leon/Dev/TUM/autonome-systeme/project/Autonomous-Systems-Sub-Terrain-Challenge-GR04/ros2_ws/install/mav_planning_msgs/share/mav_planning_msgs/package.bash'
[31.309s] INFO:colcon.colcon_core.shell:Creating package script '/home/leon/Dev/TUM/autonome-systeme/project/Autonomous-Systems-Sub-Terrain-Challenge-GR04/ros2_ws/install/mav_planning_msgs/share/mav_planning_msgs/package.zsh'
[31.309s] Level 1:colcon.colcon_core.environment:create_file_with_runtime_dependencies(/home/leon/Dev/TUM/autonome-systeme/project/Autonomous-Systems-Sub-Terrain-Challenge-GR04/ros2_ws/install/mav_planning_msgs/share/colcon-core/packages/mav_planning_msgs)
[40.582s] DEBUG:colcon.colcon_core.event_handler.log_command:Invoked command in '/home/leon/Dev/TUM/autonome-systeme/project/Autonomous-Systems-Sub-Terrain-Challenge-GR04/ros2_ws/build/simulation' returned '0': AMENT_PREFIX_PATH=/home/leon/Dev/TUM/autonome-systeme/project/Autonomous-Systems-Sub-Terrain-Challenge-GR04/ros2_ws/install/mav_msgs:${AMENT_PREFIX_PATH} CMAKE_PREFIX_PATH=/home/leon/Dev/TUM/autonome-systeme/project/Autonomous-Systems-Sub-Terrain-Challenge-GR04/ros2_ws/install/mav_msgs:/opt/ros/jazzy/opt/gz_math_vendor:/opt/ros/jazzy/opt/gz_utils_vendor:/opt/ros/jazzy/opt/gz_cmake_vendor:/opt/ros/jazzy DEBUGINFOD_URLS=https://debuginfod.ubuntu.com LD_LIBRARY_PATH=/home/leon/Dev/TUM/autonome-systeme/project/Autonomous-Systems-Sub-Terrain-Challenge-GR04/ros2_ws/install/mav_msgs/lib:${LD_LIBRARY_PATH} PYTHONPATH=/home/leon/Dev/TUM/autonome-systeme/project/Autonomous-Systems-Sub-Terrain-Challenge-GR04/ros2_ws/install/mav_msgs/lib/python3.12/site-packages:${PYTHONPATH} /usr/bin/cmake --build /home/leon/Dev/TUM/autonome-systeme/project/Autonomous-Systems-Sub-Terrain-Challenge-GR04/ros2_ws/build/simulation -- -j12 -l12
[40.584s] DEBUG:colcon.colcon_core.event_handler.log_command:Invoking command in '/home/leon/Dev/TUM/autonome-systeme/project/Autonomous-Systems-Sub-Terrain-Challenge-GR04/ros2_ws/build/simulation': AMENT_PREFIX_PATH=/home/leon/Dev/TUM/autonome-systeme/project/Autonomous-Systems-Sub-Terrain-Challenge-GR04/ros2_ws/install/mav_msgs:${AMENT_PREFIX_PATH} CMAKE_PREFIX_PATH=/home/leon/Dev/TUM/autonome-systeme/project/Autonomous-Systems-Sub-Terrain-Challenge-GR04/ros2_ws/install/mav_msgs:/opt/ros/jazzy/opt/gz_math_vendor:/opt/ros/jazzy/opt/gz_utils_vendor:/opt/ros/jazzy/opt/gz_cmake_vendor:/opt/ros/jazzy DEBUGINFOD_URLS=https://debuginfod.ubuntu.com LD_LIBRARY_PATH=/home/leon/Dev/TUM/autonome-systeme/project/Autonomous-Systems-Sub-Terrain-Challenge-GR04/ros2_ws/install/mav_msgs/lib:${LD_LIBRARY_PATH} PYTHONPATH=/home/leon/Dev/TUM/autonome-systeme/project/Autonomous-Systems-Sub-Terrain-Challenge-GR04/ros2_ws/install/mav_msgs/lib/python3.12/site-packages:${PYTHONPATH} /usr/bin/cmake --install /home/leon/Dev/TUM/autonome-systeme/project/Autonomous-Systems-Sub-Terrain-Challenge-GR04/ros2_ws/build/simulation
[40.628s] Level 1:colcon.colcon_core.environment:create_environment_scripts_only(simulation)
[40.629s] DEBUG:colcon.colcon_core.event_handler.log_command:Invoked command in '/home/leon/Dev/TUM/autonome-systeme/project/Autonomous-Systems-Sub-Terrain-Challenge-GR04/ros2_ws/build/simulation' returned '0': AMENT_PREFIX_PATH=/home/leon/Dev/TUM/autonome-systeme/project/Autonomous-Systems-Sub-Terrain-Challenge-GR04/ros2_ws/install/mav_msgs:${AMENT_PREFIX_PATH} CMAKE_PREFIX_PATH=/home/leon/Dev/TUM/autonome-systeme/project/Autonomous-Systems-Sub-Terrain-Challenge-GR04/ros2_ws/install/mav_msgs:/opt/ros/jazzy/opt/gz_math_vendor:/opt/ros/jazzy/opt/gz_utils_vendor:/opt/ros/jazzy/opt/gz_cmake_vendor:/opt/ros/jazzy DEBUGINFOD_URLS=https://debuginfod.ubuntu.com LD_LIBRARY_PATH=/home/leon/Dev/TUM/autonome-systeme/project/Autonomous-Systems-Sub-Terrain-Challenge-GR04/ros2_ws/install/mav_msgs/lib:${LD_LIBRARY_PATH} PYTHONPATH=/home/leon/Dev/TUM/autonome-systeme/project/Autonomous-Systems-Sub-Terrain-Challenge-GR04/ros2_ws/install/mav_msgs/lib/python3.12/site-packages:${PYTHONPATH} /usr/bin/cmake --install /home/leon/Dev/TUM/autonome-systeme/project/Autonomous-Systems-Sub-Terrain-Challenge-GR04/ros2_ws/build/simulation
[40.629s] Level 1:colcon.colcon_core.environment:checking '/home/leon/Dev/TUM/autonome-systeme/project/Autonomous-Systems-Sub-Terrain-Challenge-GR04/ros2_ws/install/simulation' for CMake module files
[40.630s] Level 1:colcon.colcon_core.environment:checking '/home/leon/Dev/TUM/autonome-systeme/project/Autonomous-Systems-Sub-Terrain-Challenge-GR04/ros2_ws/install/simulation' for CMake config files
[40.630s] Level 1:colcon.colcon_core.shell:create_environment_hook('simulation', 'cmake_prefix_path')
[40.630s] INFO:colcon.colcon_core.shell:Creating environment hook '/home/leon/Dev/TUM/autonome-systeme/project/Autonomous-Systems-Sub-Terrain-Challenge-GR04/ros2_ws/install/simulation/share/simulation/hook/cmake_prefix_path.ps1'
[40.631s] INFO:colcon.colcon_core.shell:Creating environment descriptor '/home/leon/Dev/TUM/autonome-systeme/project/Autonomous-Systems-Sub-Terrain-Challenge-GR04/ros2_ws/install/simulation/share/simulation/hook/cmake_prefix_path.dsv'
[40.631s] INFO:colcon.colcon_core.shell:Creating environment hook '/home/leon/Dev/TUM/autonome-systeme/project/Autonomous-Systems-Sub-Terrain-Challenge-GR04/ros2_ws/install/simulation/share/simulation/hook/cmake_prefix_path.sh'
[40.632s] Level 1:colcon.colcon_core.environment:checking '/home/leon/Dev/TUM/autonome-systeme/project/Autonomous-Systems-Sub-Terrain-Challenge-GR04/ros2_ws/install/simulation/lib'
[40.632s] Level 1:colcon.colcon_core.shell:create_environment_hook('simulation', 'ld_library_path_lib')
[40.632s] INFO:colcon.colcon_core.shell:Creating environment hook '/home/leon/Dev/TUM/autonome-systeme/project/Autonomous-Systems-Sub-Terrain-Challenge-GR04/ros2_ws/install/simulation/share/simulation/hook/ld_library_path_lib.ps1'
[40.632s] INFO:colcon.colcon_core.shell:Creating environment descriptor '/home/leon/Dev/TUM/autonome-systeme/project/Autonomous-Systems-Sub-Terrain-Challenge-GR04/ros2_ws/install/simulation/share/simulation/hook/ld_library_path_lib.dsv'
[40.633s] INFO:colcon.colcon_core.shell:Creating environment hook '/home/leon/Dev/TUM/autonome-systeme/project/Autonomous-Systems-Sub-Terrain-Challenge-GR04/ros2_ws/install/simulation/share/simulation/hook/ld_library_path_lib.sh'
[40.633s] Level 1:colcon.colcon_core.environment:checking '/home/leon/Dev/TUM/autonome-systeme/project/Autonomous-Systems-Sub-Terrain-Challenge-GR04/ros2_ws/install/simulation/bin'
[40.633s] Level 1:colcon.colcon_core.environment:checking '/home/leon/Dev/TUM/autonome-systeme/project/Autonomous-Systems-Sub-Terrain-Challenge-GR04/ros2_ws/install/simulation/lib/pkgconfig/simulation.pc'
[40.633s] Level 1:colcon.colcon_core.environment:checking '/home/leon/Dev/TUM/autonome-systeme/project/Autonomous-Systems-Sub-Terrain-Challenge-GR04/ros2_ws/install/simulation/lib/python3.12/site-packages'
[40.634s] Level 1:colcon.colcon_core.environment:checking '/home/leon/Dev/TUM/autonome-systeme/project/Autonomous-Systems-Sub-Terrain-Challenge-GR04/ros2_ws/install/simulation/bin'
[40.634s] INFO:colcon.colcon_core.shell:Creating package script '/home/leon/Dev/TUM/autonome-systeme/project/Autonomous-Systems-Sub-Terrain-Challenge-GR04/ros2_ws/install/simulation/share/simulation/package.ps1'
[40.634s] INFO:colcon.colcon_core.shell:Creating package descriptor '/home/leon/Dev/TUM/autonome-systeme/project/Autonomous-Systems-Sub-Terrain-Challenge-GR04/ros2_ws/install/simulation/share/simulation/package.dsv'
[40.635s] INFO:colcon.colcon_core.shell:Creating package script '/home/leon/Dev/TUM/autonome-systeme/project/Autonomous-Systems-Sub-Terrain-Challenge-GR04/ros2_ws/install/simulation/share/simulation/package.sh'
[40.635s] INFO:colcon.colcon_core.shell:Creating package script '/home/leon/Dev/TUM/autonome-systeme/project/Autonomous-Systems-Sub-Terrain-Challenge-GR04/ros2_ws/install/simulation/share/simulation/package.bash'
[40.635s] INFO:colcon.colcon_core.shell:Creating package script '/home/leon/Dev/TUM/autonome-systeme/project/Autonomous-Systems-Sub-Terrain-Challenge-GR04/ros2_ws/install/simulation/share/simulation/package.zsh'
[40.636s] Level 1:colcon.colcon_core.environment:create_file_with_runtime_dependencies(/home/leon/Dev/TUM/autonome-systeme/project/Autonomous-Systems-Sub-Terrain-Challenge-GR04/ros2_ws/install/simulation/share/colcon-core/packages/simulation)
[40.636s] Level 1:colcon.colcon_core.environment:create_environment_scripts_only(simulation)
[40.636s] Level 1:colcon.colcon_core.environment:checking '/home/leon/Dev/TUM/autonome-systeme/project/Autonomous-Systems-Sub-Terrain-Challenge-GR04/ros2_ws/install/simulation' for CMake module files
[40.637s] Level 1:colcon.colcon_core.environment:checking '/home/leon/Dev/TUM/autonome-systeme/project/Autonomous-Systems-Sub-Terrain-Challenge-GR04/ros2_ws/install/simulation' for CMake config files
[40.637s] Level 1:colcon.colcon_core.shell:create_environment_hook('simulation', 'cmake_prefix_path')
[40.637s] INFO:colcon.colcon_core.shell:Creating environment hook '/home/leon/Dev/TUM/autonome-systeme/project/Autonomous-Systems-Sub-Terrain-Challenge-GR04/ros2_ws/install/simulation/share/simulation/hook/cmake_prefix_path.ps1'
[40.637s] INFO:colcon.colcon_core.shell:Creating environment descriptor '/home/leon/Dev/TUM/autonome-systeme/project/Autonomous-Systems-Sub-Terrain-Challenge-GR04/ros2_ws/install/simulation/share/simulation/hook/cmake_prefix_path.dsv'
[40.638s] INFO:colcon.colcon_core.shell:Creating environment hook '/home/leon/Dev/TUM/autonome-systeme/project/Autonomous-Systems-Sub-Terrain-Challenge-GR04/ros2_ws/install/simulation/share/simulation/hook/cmake_prefix_path.sh'
[40.638s] Level 1:colcon.colcon_core.environment:checking '/home/leon/Dev/TUM/autonome-systeme/project/Autonomous-Systems-Sub-Terrain-Challenge-GR04/ros2_ws/install/simulation/lib'
[40.638s] Level 1:colcon.colcon_core.shell:create_environment_hook('simulation', 'ld_library_path_lib')
[40.638s] INFO:colcon.colcon_core.shell:Creating environment hook '/home/leon/Dev/TUM/autonome-systeme/project/Autonomous-Systems-Sub-Terrain-Challenge-GR04/ros2_ws/install/simulation/share/simulation/hook/ld_library_path_lib.ps1'
[40.639s] INFO:colcon.colcon_core.shell:Creating environment descriptor '/home/leon/Dev/TUM/autonome-systeme/project/Autonomous-Systems-Sub-Terrain-Challenge-GR04/ros2_ws/install/simulation/share/simulation/hook/ld_library_path_lib.dsv'
[40.639s] INFO:colcon.colcon_core.shell:Creating environment hook '/home/leon/Dev/TUM/autonome-systeme/project/Autonomous-Systems-Sub-Terrain-Challenge-GR04/ros2_ws/install/simulation/share/simulation/hook/ld_library_path_lib.sh'
[40.639s] Level 1:colcon.colcon_core.environment:checking '/home/leon/Dev/TUM/autonome-systeme/project/Autonomous-Systems-Sub-Terrain-Challenge-GR04/ros2_ws/install/simulation/bin'
[40.639s] Level 1:colcon.colcon_core.environment:checking '/home/leon/Dev/TUM/autonome-systeme/project/Autonomous-Systems-Sub-Terrain-Challenge-GR04/ros2_ws/install/simulation/lib/pkgconfig/simulation.pc'
[40.639s] Level 1:colcon.colcon_core.environment:checking '/home/leon/Dev/TUM/autonome-systeme/project/Autonomous-Systems-Sub-Terrain-Challenge-GR04/ros2_ws/install/simulation/lib/python3.12/site-packages'
[40.640s] Level 1:colcon.colcon_core.environment:checking '/home/leon/Dev/TUM/autonome-systeme/project/Autonomous-Systems-Sub-Terrain-Challenge-GR04/ros2_ws/install/simulation/bin'
[40.640s] INFO:colcon.colcon_core.shell:Creating package script '/home/leon/Dev/TUM/autonome-systeme/project/Autonomous-Systems-Sub-Terrain-Challenge-GR04/ros2_ws/install/simulation/share/simulation/package.ps1'
[40.640s] INFO:colcon.colcon_core.shell:Creating package descriptor '/home/leon/Dev/TUM/autonome-systeme/project/Autonomous-Systems-Sub-Terrain-Challenge-GR04/ros2_ws/install/simulation/share/simulation/package.dsv'
[40.641s] INFO:colcon.colcon_core.shell:Creating package script '/home/leon/Dev/TUM/autonome-systeme/project/Autonomous-Systems-Sub-Terrain-Challenge-GR04/ros2_ws/install/simulation/share/simulation/package.sh'
[40.641s] INFO:colcon.colcon_core.shell:Creating package script '/home/leon/Dev/TUM/autonome-systeme/project/Autonomous-Systems-Sub-Terrain-Challenge-GR04/ros2_ws/install/simulation/share/simulation/package.bash'
[40.642s] INFO:colcon.colcon_core.shell:Creating package script '/home/leon/Dev/TUM/autonome-systeme/project/Autonomous-Systems-Sub-Terrain-Challenge-GR04/ros2_ws/install/simulation/share/simulation/package.zsh'
[40.642s] Level 1:colcon.colcon_core.environment:create_file_with_runtime_dependencies(/home/leon/Dev/TUM/autonome-systeme/project/Autonomous-Systems-Sub-Terrain-Challenge-GR04/ros2_ws/install/simulation/share/colcon-core/packages/simulation)
[40.642s] DEBUG:colcon.colcon_parallel_executor.executor.parallel:closing loop
[40.643s] DEBUG:colcon.colcon_parallel_executor.executor.parallel:loop closed
[40.643s] DEBUG:colcon.colcon_parallel_executor.executor.parallel:run_until_complete finished with '0'
[40.643s] DEBUG:colcon.colcon_core.event_reactor:joining thread
[40.657s] INFO:colcon.colcon_core.plugin_system:Skipping extension 'colcon_notification.desktop_notification.terminal_notifier': Not used on non-Darwin systems
[40.657s] INFO:colcon.colcon_core.plugin_system:Skipping extension 'colcon_notification.desktop_notification.win32': Not used on non-Windows systems
[40.657s] INFO:colcon.colcon_notification.desktop_notification:Sending desktop notification using 'notify2'
[40.687s] DEBUG:colcon.colcon_core.event_reactor:joined thread
[40.687s] INFO:colcon.colcon_core.shell:Creating prefix script '/home/leon/Dev/TUM/autonome-systeme/project/Autonomous-Systems-Sub-Terrain-Challenge-GR04/ros2_ws/install/local_setup.ps1'
[40.688s] INFO:colcon.colcon_core.shell:Creating prefix util module '/home/leon/Dev/TUM/autonome-systeme/project/Autonomous-Systems-Sub-Terrain-Challenge-GR04/ros2_ws/install/_local_setup_util_ps1.py'
[40.689s] INFO:colcon.colcon_core.shell:Creating prefix chain script '/home/leon/Dev/TUM/autonome-systeme/project/Autonomous-Systems-Sub-Terrain-Challenge-GR04/ros2_ws/install/setup.ps1'
[40.690s] INFO:colcon.colcon_core.shell:Creating prefix script '/home/leon/Dev/TUM/autonome-systeme/project/Autonomous-Systems-Sub-Terrain-Challenge-GR04/ros2_ws/install/local_setup.sh'
[40.692s] INFO:colcon.colcon_core.shell:Creating prefix util module '/home/leon/Dev/TUM/autonome-systeme/project/Autonomous-Systems-Sub-Terrain-Challenge-GR04/ros2_ws/install/_local_setup_util_sh.py'
[40.692s] INFO:colcon.colcon_core.shell:Creating prefix chain script '/home/leon/Dev/TUM/autonome-systeme/project/Autonomous-Systems-Sub-Terrain-Challenge-GR04/ros2_ws/install/setup.sh'
[40.693s] INFO:colcon.colcon_core.shell:Creating prefix script '/home/leon/Dev/TUM/autonome-systeme/project/Autonomous-Systems-Sub-Terrain-Challenge-GR04/ros2_ws/install/local_setup.bash'
[40.694s] INFO:colcon.colcon_core.shell:Creating prefix chain script '/home/leon/Dev/TUM/autonome-systeme/project/Autonomous-Systems-Sub-Terrain-Challenge-GR04/ros2_ws/install/setup.bash'
[40.694s] INFO:colcon.colcon_core.shell:Creating prefix script '/home/leon/Dev/TUM/autonome-systeme/project/Autonomous-Systems-Sub-Terrain-Challenge-GR04/ros2_ws/install/local_setup.zsh'
[40.695s] INFO:colcon.colcon_core.shell:Creating prefix chain script '/home/leon/Dev/TUM/autonome-systeme/project/Autonomous-Systems-Sub-Terrain-Challenge-GR04/ros2_ws/install/setup.zsh'
