-- The C compiler identification is GNU 13.3.0
-- The CXX compiler identification is GNU 13.3.0
-- Detecting C compiler ABI info
-- Detecting C compiler ABI info - done
-- Check for working C compiler: /usr/bin/ccache - skipped
-- Detecting C compile features
-- Detecting C compile features - done
-- Detecting CXX compiler ABI info
-- Detecting CXX compiler ABI info - done
-- Check for working CXX compiler: /usr/bin/ccache - skipped
-- Detecting CXX compile features
-- Detecting CXX compile features - done
-- Found ament_cmake: 2.5.4 (/opt/ros/jazzy/share/ament_cmake/cmake)
-- Found Python3: /usr/bin/python3 (found version "3.12.3") found components: Interpreter 
-- Found rosidl_default_generators: 1.6.0 (/opt/ros/jazzy/share/rosidl_default_generators/cmake)
-- Using all available rosidl_typesupport_c: rosidl_typesupport_fastrtps_c;rosidl_typesupport_introspection_c
-- Using all available rosidl_typesupport_cpp: rosidl_typesupport_fastrtps_cpp;rosidl_typesupport_introspection_cpp
-- Found rosidl_adapter: 4.6.6 (/opt/ros/jazzy/share/rosidl_adapter/cmake)
-- Found geometry_msgs: 5.3.6 (/opt/ros/jazzy/share/geometry_msgs/cmake)
-- Found nav_msgs: 5.3.6 (/opt/ros/jazzy/share/nav_msgs/cmake)
-- Found trajectory_msgs: 5.3.6 (/opt/ros/jazzy/share/trajectory_msgs/cmake)
-- Found ament_cmake_ros: 0.12.0 (/opt/ros/jazzy/share/ament_cmake_ros/cmake)
-- Using all available rosidl_typesupport_c: rosidl_typesupport_fastrtps_c;rosidl_typesupport_introspection_c
-- Using all available rosidl_typesupport_cpp: rosidl_typesupport_fastrtps_cpp;rosidl_typesupport_introspection_cpp
-- Found python_cmake_module: 0.11.1 (/opt/ros/jazzy/share/python_cmake_module/cmake)
-- Found PythonExtra: /usr/bin/python3  
-- Found Python3: /usr/bin/python3 (found version "3.12.3") found components: Interpreter Development NumPy Development.Module Development.Embed 
-- Configuring done (3.6s)
-- Generating done (0.0s)
-- Build files have been written to: /home/leon/Dev/TUM/autonome-systeme/project/Autonomous-Systems-Sub-Terrain-Challenge-GR04/ros2_ws/build/mav_msgs
[  1%] [34m[1mGenerating type hashes for ROS interfaces[0m
[  1%] Built target ament_cmake_python_copy_mav_msgs
running egg_info
creating mav_msgs.egg-info
writing mav_msgs.egg-info/PKG-INFO
writing dependency_links to mav_msgs.egg-info/dependency_links.txt
writing top-level names to mav_msgs.egg-info/top_level.txt
writing manifest file 'mav_msgs.egg-info/SOURCES.txt'
reading manifest file 'mav_msgs.egg-info/SOURCES.txt'
writing manifest file 'mav_msgs.egg-info/SOURCES.txt'
[  1%] Built target ament_cmake_python_build_mav_msgs_egg
[  1%] Built target mav_msgs__rosidl_generator_type_description
[  2%] [34m[1mGenerating C code for ROS interfaces[0m
[  2%] [34m[1mGenerating C++ code for ROS interfaces[0m
[  2%] Built target mav_msgs__cpp
[  6%] [32mBuilding C object CMakeFiles/mav_msgs__rosidl_generator_c.dir/rosidl_generator_c/mav_msgs/msg/detail/attitude_thrust__type_support.c.o[0m
[  6%] [32mBuilding C object CMakeFiles/mav_msgs__rosidl_generator_c.dir/rosidl_generator_c/mav_msgs/msg/detail/attitude_thrust__description.c.o[0m
[  6%] [32mBuilding C object CMakeFiles/mav_msgs__rosidl_generator_c.dir/rosidl_generator_c/mav_msgs/msg/detail/actuators__functions.c.o[0m
[  6%] [32mBuilding C object CMakeFiles/mav_msgs__rosidl_generator_c.dir/rosidl_generator_c/mav_msgs/msg/detail/filtered_sensor_data__functions.c.o[0m
[  8%] [32mBuilding C object CMakeFiles/mav_msgs__rosidl_generator_c.dir/rosidl_generator_c/mav_msgs/msg/detail/attitude_thrust__functions.c.o[0m
[  8%] [32mBuilding C object CMakeFiles/mav_msgs__rosidl_generator_c.dir/rosidl_generator_c/mav_msgs/msg/detail/gps_waypoint__description.c.o[0m
[  9%] [32mBuilding C object CMakeFiles/mav_msgs__rosidl_generator_c.dir/rosidl_generator_c/mav_msgs/msg/detail/filtered_sensor_data__type_support.c.o[0m
[ 10%] [32mBuilding C object CMakeFiles/mav_msgs__rosidl_generator_c.dir/rosidl_generator_c/mav_msgs/msg/detail/actuators__type_support.c.o[0m
[ 11%] [32mBuilding C object CMakeFiles/mav_msgs__rosidl_generator_c.dir/rosidl_generator_c/mav_msgs/msg/detail/gps_waypoint__type_support.c.o[0m
[ 12%] [32mBuilding C object CMakeFiles/mav_msgs__rosidl_generator_c.dir/rosidl_generator_c/mav_msgs/msg/detail/gps_waypoint__functions.c.o[0m
[ 13%] [32mBuilding C object CMakeFiles/mav_msgs__rosidl_generator_c.dir/rosidl_generator_c/mav_msgs/msg/detail/filtered_sensor_data__description.c.o[0m
[ 14%] [32mBuilding C object CMakeFiles/mav_msgs__rosidl_generator_c.dir/rosidl_generator_c/mav_msgs/msg/detail/actuators__description.c.o[0m
[ 16%] [32mBuilding C object CMakeFiles/mav_msgs__rosidl_generator_c.dir/rosidl_generator_c/mav_msgs/msg/detail/rate_thrust__description.c.o[0m
[ 16%] [32mBuilding C object CMakeFiles/mav_msgs__rosidl_generator_c.dir/rosidl_generator_c/mav_msgs/msg/detail/rate_thrust__functions.c.o[0m
[ 17%] [32mBuilding C object CMakeFiles/mav_msgs__rosidl_generator_c.dir/rosidl_generator_c/mav_msgs/msg/detail/rate_thrust__type_support.c.o[0m
[ 18%] [32mBuilding C object CMakeFiles/mav_msgs__rosidl_generator_c.dir/rosidl_generator_c/mav_msgs/msg/detail/roll_pitch_yawrate_thrust__description.c.o[0m
[ 19%] [32mBuilding C object CMakeFiles/mav_msgs__rosidl_generator_c.dir/rosidl_generator_c/mav_msgs/msg/detail/roll_pitch_yawrate_thrust__functions.c.o[0m
[ 20%] [32mBuilding C object CMakeFiles/mav_msgs__rosidl_generator_c.dir/rosidl_generator_c/mav_msgs/msg/detail/roll_pitch_yawrate_thrust__type_support.c.o[0m
[ 21%] [32mBuilding C object CMakeFiles/mav_msgs__rosidl_generator_c.dir/rosidl_generator_c/mav_msgs/msg/detail/status__description.c.o[0m
[ 22%] [32mBuilding C object CMakeFiles/mav_msgs__rosidl_generator_c.dir/rosidl_generator_c/mav_msgs/msg/detail/status__functions.c.o[0m
[ 23%] [32mBuilding C object CMakeFiles/mav_msgs__rosidl_generator_c.dir/rosidl_generator_c/mav_msgs/msg/detail/status__type_support.c.o[0m
[ 24%] [32mBuilding C object CMakeFiles/mav_msgs__rosidl_generator_c.dir/rosidl_generator_c/mav_msgs/msg/detail/torque_thrust__description.c.o[0m
[ 25%] [32mBuilding C object CMakeFiles/mav_msgs__rosidl_generator_c.dir/rosidl_generator_c/mav_msgs/msg/detail/torque_thrust__functions.c.o[0m
[ 25%] [32mBuilding C object CMakeFiles/mav_msgs__rosidl_generator_c.dir/rosidl_generator_c/mav_msgs/msg/detail/torque_thrust__type_support.c.o[0m
[ 26%] [32m[1mLinking C shared library libmav_msgs__rosidl_generator_c.so[0m
[ 26%] Built target mav_msgs__rosidl_generator_c
[ 31%] [34m[1mGenerating C type support for eProsima Fast-RTPS[0m
[ 31%] [34m[1mGenerating C++ type support for eProsima Fast-RTPS[0m
[ 31%] [34m[1mGenerating C++ introspection for ROS interfaces[0m
[ 31%] [34m[1mGenerating C++ type support dispatch for ROS interfaces[0m
[ 31%] [34m[1mGenerating C introspection for ROS interfaces[0m
[ 31%] [34m[1mGenerating C type support dispatch for ROS interfaces[0m
[ 32%] [32mBuilding CXX object CMakeFiles/mav_msgs__rosidl_typesupport_cpp.dir/rosidl_typesupport_cpp/mav_msgs/msg/status__type_support.cpp.o[0m
[ 33%] [32mBuilding CXX object CMakeFiles/mav_msgs__rosidl_typesupport_cpp.dir/rosidl_typesupport_cpp/mav_msgs/msg/filtered_sensor_data__type_support.cpp.o[0m
[ 34%] [32mBuilding CXX object CMakeFiles/mav_msgs__rosidl_typesupport_cpp.dir/rosidl_typesupport_cpp/mav_msgs/msg/actuators__type_support.cpp.o[0m
[ 35%] [32mBuilding CXX object CMakeFiles/mav_msgs__rosidl_typesupport_cpp.dir/rosidl_typesupport_cpp/mav_msgs/msg/attitude_thrust__type_support.cpp.o[0m
[ 36%] [32mBuilding CXX object CMakeFiles/mav_msgs__rosidl_typesupport_cpp.dir/rosidl_typesupport_cpp/mav_msgs/msg/roll_pitch_yawrate_thrust__type_support.cpp.o[0m
[ 36%] [32mBuilding CXX object CMakeFiles/mav_msgs__rosidl_typesupport_cpp.dir/rosidl_typesupport_cpp/mav_msgs/msg/gps_waypoint__type_support.cpp.o[0m
[ 37%] [32mBuilding CXX object CMakeFiles/mav_msgs__rosidl_typesupport_cpp.dir/rosidl_typesupport_cpp/mav_msgs/msg/rate_thrust__type_support.cpp.o[0m
[ 38%] [32mBuilding CXX object CMakeFiles/mav_msgs__rosidl_typesupport_c.dir/rosidl_typesupport_c/mav_msgs/msg/actuators__type_support.cpp.o[0m
[ 39%] [32mBuilding CXX object CMakeFiles/mav_msgs__rosidl_typesupport_c.dir/rosidl_typesupport_c/mav_msgs/msg/attitude_thrust__type_support.cpp.o[0m
[ 40%] [32mBuilding CXX object CMakeFiles/mav_msgs__rosidl_typesupport_introspection_cpp.dir/rosidl_typesupport_introspection_cpp/mav_msgs/msg/detail/actuators__type_support.cpp.o[0m
[ 41%] [32mBuilding CXX object CMakeFiles/mav_msgs__rosidl_typesupport_c.dir/rosidl_typesupport_c/mav_msgs/msg/filtered_sensor_data__type_support.cpp.o[0m
[ 42%] [32mBuilding C object CMakeFiles/mav_msgs__rosidl_typesupport_introspection_c.dir/rosidl_typesupport_introspection_c/mav_msgs/msg/detail/actuators__type_support.c.o[0m
[ 43%] [32mBuilding C object CMakeFiles/mav_msgs__rosidl_typesupport_introspection_c.dir/rosidl_typesupport_introspection_c/mav_msgs/msg/detail/attitude_thrust__type_support.c.o[0m
[ 44%] [32mBuilding CXX object CMakeFiles/mav_msgs__rosidl_typesupport_fastrtps_cpp.dir/rosidl_typesupport_fastrtps_cpp/mav_msgs/msg/detail/dds_fastrtps/actuators__type_support.cpp.o[0m
[ 45%] [32mBuilding CXX object CMakeFiles/mav_msgs__rosidl_typesupport_c.dir/rosidl_typesupport_c/mav_msgs/msg/gps_waypoint__type_support.cpp.o[0m
[ 46%] [32mBuilding CXX object CMakeFiles/mav_msgs__rosidl_typesupport_fastrtps_cpp.dir/rosidl_typesupport_fastrtps_cpp/mav_msgs/msg/detail/dds_fastrtps/attitude_thrust__type_support.cpp.o[0m
[ 47%] [32mBuilding CXX object CMakeFiles/mav_msgs__rosidl_typesupport_c.dir/rosidl_typesupport_c/mav_msgs/msg/rate_thrust__type_support.cpp.o[0m
[ 48%] [32mBuilding CXX object CMakeFiles/mav_msgs__rosidl_typesupport_introspection_cpp.dir/rosidl_typesupport_introspection_cpp/mav_msgs/msg/detail/attitude_thrust__type_support.cpp.o[0m
[ 49%] [32mBuilding CXX object CMakeFiles/mav_msgs__rosidl_typesupport_fastrtps_cpp.dir/rosidl_typesupport_fastrtps_cpp/mav_msgs/msg/detail/dds_fastrtps/filtered_sensor_data__type_support.cpp.o[0m
[ 50%] [32mBuilding C object CMakeFiles/mav_msgs__rosidl_typesupport_introspection_c.dir/rosidl_typesupport_introspection_c/mav_msgs/msg/detail/filtered_sensor_data__type_support.c.o[0m
[ 51%] [32mBuilding CXX object CMakeFiles/mav_msgs__rosidl_typesupport_fastrtps_c.dir/rosidl_typesupport_fastrtps_c/mav_msgs/msg/detail/actuators__type_support_c.cpp.o[0m
[ 52%] [32mBuilding CXX object CMakeFiles/mav_msgs__rosidl_typesupport_introspection_cpp.dir/rosidl_typesupport_introspection_cpp/mav_msgs/msg/detail/filtered_sensor_data__type_support.cpp.o[0m
[ 53%] [32mBuilding CXX object CMakeFiles/mav_msgs__rosidl_typesupport_cpp.dir/rosidl_typesupport_cpp/mav_msgs/msg/torque_thrust__type_support.cpp.o[0m
[ 54%] [32mBuilding CXX object CMakeFiles/mav_msgs__rosidl_typesupport_introspection_cpp.dir/rosidl_typesupport_introspection_cpp/mav_msgs/msg/detail/gps_waypoint__type_support.cpp.o[0m
[ 55%] [32mBuilding CXX object CMakeFiles/mav_msgs__rosidl_typesupport_fastrtps_c.dir/rosidl_typesupport_fastrtps_c/mav_msgs/msg/detail/attitude_thrust__type_support_c.cpp.o[0m
[ 56%] [32mBuilding CXX object CMakeFiles/mav_msgs__rosidl_typesupport_c.dir/rosidl_typesupport_c/mav_msgs/msg/roll_pitch_yawrate_thrust__type_support.cpp.o[0m
[ 57%] [32mBuilding C object CMakeFiles/mav_msgs__rosidl_typesupport_introspection_c.dir/rosidl_typesupport_introspection_c/mav_msgs/msg/detail/gps_waypoint__type_support.c.o[0m
[ 58%] [32mBuilding CXX object CMakeFiles/mav_msgs__rosidl_typesupport_c.dir/rosidl_typesupport_c/mav_msgs/msg/status__type_support.cpp.o[0m
[ 59%] [32mBuilding C object CMakeFiles/mav_msgs__rosidl_typesupport_introspection_c.dir/rosidl_typesupport_introspection_c/mav_msgs/msg/detail/rate_thrust__type_support.c.o[0m
[ 60%] [32mBuilding CXX object CMakeFiles/mav_msgs__rosidl_typesupport_introspection_cpp.dir/rosidl_typesupport_introspection_cpp/mav_msgs/msg/detail/rate_thrust__type_support.cpp.o[0m
[ 61%] [32mBuilding CXX object CMakeFiles/mav_msgs__rosidl_typesupport_c.dir/rosidl_typesupport_c/mav_msgs/msg/torque_thrust__type_support.cpp.o[0m
[ 62%] [32mBuilding CXX object CMakeFiles/mav_msgs__rosidl_typesupport_fastrtps_cpp.dir/rosidl_typesupport_fastrtps_cpp/mav_msgs/msg/detail/dds_fastrtps/gps_waypoint__type_support.cpp.o[0m
[ 63%] [32mBuilding C object CMakeFiles/mav_msgs__rosidl_typesupport_introspection_c.dir/rosidl_typesupport_introspection_c/mav_msgs/msg/detail/roll_pitch_yawrate_thrust__type_support.c.o[0m
[ 64%] [32m[1mLinking CXX shared library libmav_msgs__rosidl_typesupport_cpp.so[0m
[ 65%] [32mBuilding C object CMakeFiles/mav_msgs__rosidl_typesupport_introspection_c.dir/rosidl_typesupport_introspection_c/mav_msgs/msg/detail/status__type_support.c.o[0m
[ 66%] [32mBuilding CXX object CMakeFiles/mav_msgs__rosidl_typesupport_fastrtps_cpp.dir/rosidl_typesupport_fastrtps_cpp/mav_msgs/msg/detail/dds_fastrtps/rate_thrust__type_support.cpp.o[0m
[ 67%] [32m[1mLinking CXX shared library libmav_msgs__rosidl_typesupport_c.so[0m
[ 67%] Built target mav_msgs__rosidl_typesupport_cpp
[ 68%] [32mBuilding CXX object CMakeFiles/mav_msgs__rosidl_typesupport_introspection_cpp.dir/rosidl_typesupport_introspection_cpp/mav_msgs/msg/detail/roll_pitch_yawrate_thrust__type_support.cpp.o[0m
[ 69%] [32mBuilding CXX object CMakeFiles/mav_msgs__rosidl_typesupport_fastrtps_c.dir/rosidl_typesupport_fastrtps_c/mav_msgs/msg/detail/filtered_sensor_data__type_support_c.cpp.o[0m
[ 70%] [32mBuilding C object CMakeFiles/mav_msgs__rosidl_typesupport_introspection_c.dir/rosidl_typesupport_introspection_c/mav_msgs/msg/detail/torque_thrust__type_support.c.o[0m
[ 71%] [32mBuilding CXX object CMakeFiles/mav_msgs__rosidl_typesupport_fastrtps_cpp.dir/rosidl_typesupport_fastrtps_cpp/mav_msgs/msg/detail/dds_fastrtps/roll_pitch_yawrate_thrust__type_support.cpp.o[0m
[ 72%] [32mBuilding CXX object CMakeFiles/mav_msgs__rosidl_typesupport_fastrtps_c.dir/rosidl_typesupport_fastrtps_c/mav_msgs/msg/detail/gps_waypoint__type_support_c.cpp.o[0m
[ 72%] Built target mav_msgs__rosidl_typesupport_c
[ 73%] [32mBuilding CXX object CMakeFiles/mav_msgs__rosidl_typesupport_introspection_cpp.dir/rosidl_typesupport_introspection_cpp/mav_msgs/msg/detail/status__type_support.cpp.o[0m
[ 74%] [32mBuilding CXX object CMakeFiles/mav_msgs__rosidl_typesupport_introspection_cpp.dir/rosidl_typesupport_introspection_cpp/mav_msgs/msg/detail/torque_thrust__type_support.cpp.o[0m
[ 75%] [32mBuilding CXX object CMakeFiles/mav_msgs__rosidl_typesupport_fastrtps_cpp.dir/rosidl_typesupport_fastrtps_cpp/mav_msgs/msg/detail/dds_fastrtps/status__type_support.cpp.o[0m
[ 76%] [32m[1mLinking C shared library libmav_msgs__rosidl_typesupport_introspection_c.so[0m
[ 77%] [32mBuilding CXX object CMakeFiles/mav_msgs__rosidl_typesupport_fastrtps_cpp.dir/rosidl_typesupport_fastrtps_cpp/mav_msgs/msg/detail/dds_fastrtps/torque_thrust__type_support.cpp.o[0m
[ 77%] Built target mav_msgs__rosidl_typesupport_introspection_c
[ 78%] [32mBuilding CXX object CMakeFiles/mav_msgs__rosidl_typesupport_fastrtps_c.dir/rosidl_typesupport_fastrtps_c/mav_msgs/msg/detail/rate_thrust__type_support_c.cpp.o[0m
[ 79%] [32mBuilding CXX object CMakeFiles/mav_msgs__rosidl_typesupport_fastrtps_c.dir/rosidl_typesupport_fastrtps_c/mav_msgs/msg/detail/roll_pitch_yawrate_thrust__type_support_c.cpp.o[0m
[ 80%] [32mBuilding CXX object CMakeFiles/mav_msgs__rosidl_typesupport_fastrtps_c.dir/rosidl_typesupport_fastrtps_c/mav_msgs/msg/detail/status__type_support_c.cpp.o[0m
[ 81%] [32mBuilding CXX object CMakeFiles/mav_msgs__rosidl_typesupport_fastrtps_c.dir/rosidl_typesupport_fastrtps_c/mav_msgs/msg/detail/torque_thrust__type_support_c.cpp.o[0m
[ 82%] [32m[1mLinking CXX shared library libmav_msgs__rosidl_typesupport_introspection_cpp.so[0m
[ 82%] Built target mav_msgs__rosidl_typesupport_introspection_cpp
[ 83%] [32m[1mLinking CXX shared library libmav_msgs__rosidl_typesupport_fastrtps_cpp.so[0m
[ 83%] Built target mav_msgs__rosidl_typesupport_fastrtps_cpp
[ 84%] [32m[1mLinking CXX shared library libmav_msgs__rosidl_typesupport_fastrtps_c.so[0m
[ 84%] Built target mav_msgs__rosidl_typesupport_fastrtps_c
[ 84%] Built target mav_msgs
[ 85%] [34m[1mGenerating Python code for ROS interfaces[0m
[ 85%] Built target mav_msgs__py
[ 90%] [32mBuilding C object CMakeFiles/mav_msgs__rosidl_generator_py.dir/rosidl_generator_py/mav_msgs/msg/_status_s.c.o[0m
[ 90%] [32mBuilding C object CMakeFiles/mav_msgs__rosidl_generator_py.dir/rosidl_generator_py/mav_msgs/msg/_rate_thrust_s.c.o[0m
[ 90%] [32mBuilding C object CMakeFiles/mav_msgs__rosidl_generator_py.dir/rosidl_generator_py/mav_msgs/msg/_filtered_sensor_data_s.c.o[0m
[ 92%] [32mBuilding C object CMakeFiles/mav_msgs__rosidl_generator_py.dir/rosidl_generator_py/mav_msgs/msg/_gps_waypoint_s.c.o[0m
[ 92%] [32mBuilding C object CMakeFiles/mav_msgs__rosidl_generator_py.dir/rosidl_generator_py/mav_msgs/msg/_attitude_thrust_s.c.o[0m
[ 92%] [32mBuilding C object CMakeFiles/mav_msgs__rosidl_generator_py.dir/rosidl_generator_py/mav_msgs/msg/_torque_thrust_s.c.o[0m
[ 90%] [32mBuilding C object CMakeFiles/mav_msgs__rosidl_generator_py.dir/rosidl_generator_py/mav_msgs/msg/_actuators_s.c.o[0m
[ 93%] [32mBuilding C object CMakeFiles/mav_msgs__rosidl_generator_py.dir/rosidl_generator_py/mav_msgs/msg/_roll_pitch_yawrate_thrust_s.c.o[0m
[ 94%] [32m[1mLinking C shared library libmav_msgs__rosidl_generator_py.so[0m
[ 94%] Built target mav_msgs__rosidl_generator_py
[ 97%] [32mBuilding C object CMakeFiles/mav_msgs_s__rosidl_typesupport_c.dir/rosidl_generator_py/mav_msgs/_mav_msgs_s.ep.rosidl_typesupport_c.c.o[0m
[ 97%] [32mBuilding C object CMakeFiles/mav_msgs_s__rosidl_typesupport_introspection_c.dir/rosidl_generator_py/mav_msgs/_mav_msgs_s.ep.rosidl_typesupport_introspection_c.c.o[0m
[ 97%] [32mBuilding C object CMakeFiles/mav_msgs_s__rosidl_typesupport_fastrtps_c.dir/rosidl_generator_py/mav_msgs/_mav_msgs_s.ep.rosidl_typesupport_fastrtps_c.c.o[0m
[ 99%] [32m[1mLinking C shared module rosidl_generator_py/mav_msgs/mav_msgs_s__rosidl_typesupport_c.so[0m
[ 99%] [32m[1mLinking C shared module rosidl_generator_py/mav_msgs/mav_msgs_s__rosidl_typesupport_introspection_c.so[0m
[100%] [32m[1mLinking C shared module rosidl_generator_py/mav_msgs/mav_msgs_s__rosidl_typesupport_fastrtps_c.so[0m
[100%] Built target mav_msgs_s__rosidl_typesupport_introspection_c
[100%] Built target mav_msgs_s__rosidl_typesupport_c
[100%] Built target mav_msgs_s__rosidl_typesupport_fastrtps_c
-- Install configuration: ""
-- Installing: /home/leon/Dev/TUM/autonome-systeme/project/Autonomous-Systems-Sub-Terrain-Challenge-GR04/ros2_ws/install/mav_msgs/share/ament_index/resource_index/rosidl_interfaces/mav_msgs
-- Installing: /home/leon/Dev/TUM/autonome-systeme/project/Autonomous-Systems-Sub-Terrain-Challenge-GR04/ros2_ws/install/mav_msgs/share/mav_msgs/msg/Actuators.json
-- Installing: /home/leon/Dev/TUM/autonome-systeme/project/Autonomous-Systems-Sub-Terrain-Challenge-GR04/ros2_ws/install/mav_msgs/share/mav_msgs/msg/AttitudeThrust.json
-- Installing: /home/leon/Dev/TUM/autonome-systeme/project/Autonomous-Systems-Sub-Terrain-Challenge-GR04/ros2_ws/install/mav_msgs/share/mav_msgs/msg/FilteredSensorData.json
-- Installing: /home/leon/Dev/TUM/autonome-systeme/project/Autonomous-Systems-Sub-Terrain-Challenge-GR04/ros2_ws/install/mav_msgs/share/mav_msgs/msg/GpsWaypoint.json
-- Installing: /home/leon/Dev/TUM/autonome-systeme/project/Autonomous-Systems-Sub-Terrain-Challenge-GR04/ros2_ws/install/mav_msgs/share/mav_msgs/msg/RateThrust.json
-- Installing: /home/leon/Dev/TUM/autonome-systeme/project/Autonomous-Systems-Sub-Terrain-Challenge-GR04/ros2_ws/install/mav_msgs/share/mav_msgs/msg/RollPitchYawrateThrust.json
-- Installing: /home/leon/Dev/TUM/autonome-systeme/project/Autonomous-Systems-Sub-Terrain-Challenge-GR04/ros2_ws/install/mav_msgs/share/mav_msgs/msg/Status.json
-- Installing: /home/leon/Dev/TUM/autonome-systeme/project/Autonomous-Systems-Sub-Terrain-Challenge-GR04/ros2_ws/install/mav_msgs/share/mav_msgs/msg/TorqueThrust.json
-- Installing: /home/leon/Dev/TUM/autonome-systeme/project/Autonomous-Systems-Sub-Terrain-Challenge-GR04/ros2_ws/install/mav_msgs/include/mav_msgs/mav_msgs
-- Installing: /home/leon/Dev/TUM/autonome-systeme/project/Autonomous-Systems-Sub-Terrain-Challenge-GR04/ros2_ws/install/mav_msgs/include/mav_msgs/mav_msgs/msg
-- Installing: /home/leon/Dev/TUM/autonome-systeme/project/Autonomous-Systems-Sub-Terrain-Challenge-GR04/ros2_ws/install/mav_msgs/include/mav_msgs/mav_msgs/msg/status.h
-- Installing: /home/leon/Dev/TUM/autonome-systeme/project/Autonomous-Systems-Sub-Terrain-Challenge-GR04/ros2_ws/install/mav_msgs/include/mav_msgs/mav_msgs/msg/gps_waypoint.h
-- Installing: /home/leon/Dev/TUM/autonome-systeme/project/Autonomous-Systems-Sub-Terrain-Challenge-GR04/ros2_ws/install/mav_msgs/include/mav_msgs/mav_msgs/msg/filtered_sensor_data.h
-- Installing: /home/leon/Dev/TUM/autonome-systeme/project/Autonomous-Systems-Sub-Terrain-Challenge-GR04/ros2_ws/install/mav_msgs/include/mav_msgs/mav_msgs/msg/actuators.h
-- Installing: /home/leon/Dev/TUM/autonome-systeme/project/Autonomous-Systems-Sub-Terrain-Challenge-GR04/ros2_ws/install/mav_msgs/include/mav_msgs/mav_msgs/msg/attitude_thrust.h
-- Installing: /home/leon/Dev/TUM/autonome-systeme/project/Autonomous-Systems-Sub-Terrain-Challenge-GR04/ros2_ws/install/mav_msgs/include/mav_msgs/mav_msgs/msg/roll_pitch_yawrate_thrust.h
-- Installing: /home/leon/Dev/TUM/autonome-systeme/project/Autonomous-Systems-Sub-Terrain-Challenge-GR04/ros2_ws/install/mav_msgs/include/mav_msgs/mav_msgs/msg/rate_thrust.h
-- Installing: /home/leon/Dev/TUM/autonome-systeme/project/Autonomous-Systems-Sub-Terrain-Challenge-GR04/ros2_ws/install/mav_msgs/include/mav_msgs/mav_msgs/msg/rosidl_generator_c__visibility_control.h
-- Installing: /home/leon/Dev/TUM/autonome-systeme/project/Autonomous-Systems-Sub-Terrain-Challenge-GR04/ros2_ws/install/mav_msgs/include/mav_msgs/mav_msgs/msg/detail
-- Installing: /home/leon/Dev/TUM/autonome-systeme/project/Autonomous-Systems-Sub-Terrain-Challenge-GR04/ros2_ws/install/mav_msgs/include/mav_msgs/mav_msgs/msg/detail/torque_thrust__type_support.c
-- Installing: /home/leon/Dev/TUM/autonome-systeme/project/Autonomous-Systems-Sub-Terrain-Challenge-GR04/ros2_ws/install/mav_msgs/include/mav_msgs/mav_msgs/msg/detail/actuators__struct.h
-- Installing: /home/leon/Dev/TUM/autonome-systeme/project/Autonomous-Systems-Sub-Terrain-Challenge-GR04/ros2_ws/install/mav_msgs/include/mav_msgs/mav_msgs/msg/detail/status__struct.h
-- Installing: /home/leon/Dev/TUM/autonome-systeme/project/Autonomous-Systems-Sub-Terrain-Challenge-GR04/ros2_ws/install/mav_msgs/include/mav_msgs/mav_msgs/msg/detail/status__type_support.h
-- Installing: /home/leon/Dev/TUM/autonome-systeme/project/Autonomous-Systems-Sub-Terrain-Challenge-GR04/ros2_ws/install/mav_msgs/include/mav_msgs/mav_msgs/msg/detail/gps_waypoint__functions.c
-- Installing: /home/leon/Dev/TUM/autonome-systeme/project/Autonomous-Systems-Sub-Terrain-Challenge-GR04/ros2_ws/install/mav_msgs/include/mav_msgs/mav_msgs/msg/detail/gps_waypoint__type_support.c
-- Installing: /home/leon/Dev/TUM/autonome-systeme/project/Autonomous-Systems-Sub-Terrain-Challenge-GR04/ros2_ws/install/mav_msgs/include/mav_msgs/mav_msgs/msg/detail/attitude_thrust__type_support.c
-- Installing: /home/leon/Dev/TUM/autonome-systeme/project/Autonomous-Systems-Sub-Terrain-Challenge-GR04/ros2_ws/install/mav_msgs/include/mav_msgs/mav_msgs/msg/detail/filtered_sensor_data__struct.h
-- Installing: /home/leon/Dev/TUM/autonome-systeme/project/Autonomous-Systems-Sub-Terrain-Challenge-GR04/ros2_ws/install/mav_msgs/include/mav_msgs/mav_msgs/msg/detail/actuators__description.c
-- Installing: /home/leon/Dev/TUM/autonome-systeme/project/Autonomous-Systems-Sub-Terrain-Challenge-GR04/ros2_ws/install/mav_msgs/include/mav_msgs/mav_msgs/msg/detail/roll_pitch_yawrate_thrust__functions.c
-- Installing: /home/leon/Dev/TUM/autonome-systeme/project/Autonomous-Systems-Sub-Terrain-Challenge-GR04/ros2_ws/install/mav_msgs/include/mav_msgs/mav_msgs/msg/detail/filtered_sensor_data__type_support.c
-- Installing: /home/leon/Dev/TUM/autonome-systeme/project/Autonomous-Systems-Sub-Terrain-Challenge-GR04/ros2_ws/install/mav_msgs/include/mav_msgs/mav_msgs/msg/detail/filtered_sensor_data__functions.h
-- Installing: /home/leon/Dev/TUM/autonome-systeme/project/Autonomous-Systems-Sub-Terrain-Challenge-GR04/ros2_ws/install/mav_msgs/include/mav_msgs/mav_msgs/msg/detail/actuators__type_support.h
-- Installing: /home/leon/Dev/TUM/autonome-systeme/project/Autonomous-Systems-Sub-Terrain-Challenge-GR04/ros2_ws/install/mav_msgs/include/mav_msgs/mav_msgs/msg/detail/filtered_sensor_data__description.c
-- Installing: /home/leon/Dev/TUM/autonome-systeme/project/Autonomous-Systems-Sub-Terrain-Challenge-GR04/ros2_ws/install/mav_msgs/include/mav_msgs/mav_msgs/msg/detail/torque_thrust__struct.h
-- Installing: /home/leon/Dev/TUM/autonome-systeme/project/Autonomous-Systems-Sub-Terrain-Challenge-GR04/ros2_ws/install/mav_msgs/include/mav_msgs/mav_msgs/msg/detail/attitude_thrust__description.c
-- Installing: /home/leon/Dev/TUM/autonome-systeme/project/Autonomous-Systems-Sub-Terrain-Challenge-GR04/ros2_ws/install/mav_msgs/include/mav_msgs/mav_msgs/msg/detail/rate_thrust__type_support.c
-- Installing: /home/leon/Dev/TUM/autonome-systeme/project/Autonomous-Systems-Sub-Terrain-Challenge-GR04/ros2_ws/install/mav_msgs/include/mav_msgs/mav_msgs/msg/detail/roll_pitch_yawrate_thrust__type_support.h
-- Installing: /home/leon/Dev/TUM/autonome-systeme/project/Autonomous-Systems-Sub-Terrain-Challenge-GR04/ros2_ws/install/mav_msgs/include/mav_msgs/mav_msgs/msg/detail/rate_thrust__functions.c
-- Installing: /home/leon/Dev/TUM/autonome-systeme/project/Autonomous-Systems-Sub-Terrain-Challenge-GR04/ros2_ws/install/mav_msgs/include/mav_msgs/mav_msgs/msg/detail/attitude_thrust__type_support.h
-- Installing: /home/leon/Dev/TUM/autonome-systeme/project/Autonomous-Systems-Sub-Terrain-Challenge-GR04/ros2_ws/install/mav_msgs/include/mav_msgs/mav_msgs/msg/detail/torque_thrust__description.c
-- Installing: /home/leon/Dev/TUM/autonome-systeme/project/Autonomous-Systems-Sub-Terrain-Challenge-GR04/ros2_ws/install/mav_msgs/include/mav_msgs/mav_msgs/msg/detail/torque_thrust__type_support.h
-- Installing: /home/leon/Dev/TUM/autonome-systeme/project/Autonomous-Systems-Sub-Terrain-Challenge-GR04/ros2_ws/install/mav_msgs/include/mav_msgs/mav_msgs/msg/detail/roll_pitch_yawrate_thrust__description.c
-- Installing: /home/leon/Dev/TUM/autonome-systeme/project/Autonomous-Systems-Sub-Terrain-Challenge-GR04/ros2_ws/install/mav_msgs/include/mav_msgs/mav_msgs/msg/detail/gps_waypoint__functions.h
-- Installing: /home/leon/Dev/TUM/autonome-systeme/project/Autonomous-Systems-Sub-Terrain-Challenge-GR04/ros2_ws/install/mav_msgs/include/mav_msgs/mav_msgs/msg/detail/attitude_thrust__functions.c
-- Installing: /home/leon/Dev/TUM/autonome-systeme/project/Autonomous-Systems-Sub-Terrain-Challenge-GR04/ros2_ws/install/mav_msgs/include/mav_msgs/mav_msgs/msg/detail/filtered_sensor_data__type_support.h
-- Installing: /home/leon/Dev/TUM/autonome-systeme/project/Autonomous-Systems-Sub-Terrain-Challenge-GR04/ros2_ws/install/mav_msgs/include/mav_msgs/mav_msgs/msg/detail/status__description.c
-- Installing: /home/leon/Dev/TUM/autonome-systeme/project/Autonomous-Systems-Sub-Terrain-Challenge-GR04/ros2_ws/install/mav_msgs/include/mav_msgs/mav_msgs/msg/detail/rate_thrust__description.c
-- Installing: /home/leon/Dev/TUM/autonome-systeme/project/Autonomous-Systems-Sub-Terrain-Challenge-GR04/ros2_ws/install/mav_msgs/include/mav_msgs/mav_msgs/msg/detail/gps_waypoint__description.c
-- Installing: /home/leon/Dev/TUM/autonome-systeme/project/Autonomous-Systems-Sub-Terrain-Challenge-GR04/ros2_ws/install/mav_msgs/include/mav_msgs/mav_msgs/msg/detail/rate_thrust__functions.h
-- Installing: /home/leon/Dev/TUM/autonome-systeme/project/Autonomous-Systems-Sub-Terrain-Challenge-GR04/ros2_ws/install/mav_msgs/include/mav_msgs/mav_msgs/msg/detail/actuators__functions.h
-- Installing: /home/leon/Dev/TUM/autonome-systeme/project/Autonomous-Systems-Sub-Terrain-Challenge-GR04/ros2_ws/install/mav_msgs/include/mav_msgs/mav_msgs/msg/detail/status__functions.c
-- Installing: /home/leon/Dev/TUM/autonome-systeme/project/Autonomous-Systems-Sub-Terrain-Challenge-GR04/ros2_ws/install/mav_msgs/include/mav_msgs/mav_msgs/msg/detail/torque_thrust__functions.h
-- Installing: /home/leon/Dev/TUM/autonome-systeme/project/Autonomous-Systems-Sub-Terrain-Challenge-GR04/ros2_ws/install/mav_msgs/include/mav_msgs/mav_msgs/msg/detail/roll_pitch_yawrate_thrust__functions.h
-- Installing: /home/leon/Dev/TUM/autonome-systeme/project/Autonomous-Systems-Sub-Terrain-Challenge-GR04/ros2_ws/install/mav_msgs/include/mav_msgs/mav_msgs/msg/detail/status__functions.h
-- Installing: /home/leon/Dev/TUM/autonome-systeme/project/Autonomous-Systems-Sub-Terrain-Challenge-GR04/ros2_ws/install/mav_msgs/include/mav_msgs/mav_msgs/msg/detail/rate_thrust__struct.h
-- Installing: /home/leon/Dev/TUM/autonome-systeme/project/Autonomous-Systems-Sub-Terrain-Challenge-GR04/ros2_ws/install/mav_msgs/include/mav_msgs/mav_msgs/msg/detail/actuators__functions.c
-- Installing: /home/leon/Dev/TUM/autonome-systeme/project/Autonomous-Systems-Sub-Terrain-Challenge-GR04/ros2_ws/install/mav_msgs/include/mav_msgs/mav_msgs/msg/detail/actuators__type_support.c
-- Installing: /home/leon/Dev/TUM/autonome-systeme/project/Autonomous-Systems-Sub-Terrain-Challenge-GR04/ros2_ws/install/mav_msgs/include/mav_msgs/mav_msgs/msg/detail/rate_thrust__type_support.h
-- Installing: /home/leon/Dev/TUM/autonome-systeme/project/Autonomous-Systems-Sub-Terrain-Challenge-GR04/ros2_ws/install/mav_msgs/include/mav_msgs/mav_msgs/msg/detail/torque_thrust__functions.c
-- Installing: /home/leon/Dev/TUM/autonome-systeme/project/Autonomous-Systems-Sub-Terrain-Challenge-GR04/ros2_ws/install/mav_msgs/include/mav_msgs/mav_msgs/msg/detail/attitude_thrust__functions.h
-- Installing: /home/leon/Dev/TUM/autonome-systeme/project/Autonomous-Systems-Sub-Terrain-Challenge-GR04/ros2_ws/install/mav_msgs/include/mav_msgs/mav_msgs/msg/detail/gps_waypoint__struct.h
-- Installing: /home/leon/Dev/TUM/autonome-systeme/project/Autonomous-Systems-Sub-Terrain-Challenge-GR04/ros2_ws/install/mav_msgs/include/mav_msgs/mav_msgs/msg/detail/attitude_thrust__struct.h
-- Installing: /home/leon/Dev/TUM/autonome-systeme/project/Autonomous-Systems-Sub-Terrain-Challenge-GR04/ros2_ws/install/mav_msgs/include/mav_msgs/mav_msgs/msg/detail/roll_pitch_yawrate_thrust__struct.h
-- Installing: /home/leon/Dev/TUM/autonome-systeme/project/Autonomous-Systems-Sub-Terrain-Challenge-GR04/ros2_ws/install/mav_msgs/include/mav_msgs/mav_msgs/msg/detail/roll_pitch_yawrate_thrust__type_support.c
-- Installing: /home/leon/Dev/TUM/autonome-systeme/project/Autonomous-Systems-Sub-Terrain-Challenge-GR04/ros2_ws/install/mav_msgs/include/mav_msgs/mav_msgs/msg/detail/gps_waypoint__type_support.h
-- Installing: /home/leon/Dev/TUM/autonome-systeme/project/Autonomous-Systems-Sub-Terrain-Challenge-GR04/ros2_ws/install/mav_msgs/include/mav_msgs/mav_msgs/msg/detail/filtered_sensor_data__functions.c
-- Installing: /home/leon/Dev/TUM/autonome-systeme/project/Autonomous-Systems-Sub-Terrain-Challenge-GR04/ros2_ws/install/mav_msgs/include/mav_msgs/mav_msgs/msg/detail/status__type_support.c
-- Installing: /home/leon/Dev/TUM/autonome-systeme/project/Autonomous-Systems-Sub-Terrain-Challenge-GR04/ros2_ws/install/mav_msgs/include/mav_msgs/mav_msgs/msg/torque_thrust.h
-- Installing: /home/leon/Dev/TUM/autonome-systeme/project/Autonomous-Systems-Sub-Terrain-Challenge-GR04/ros2_ws/install/mav_msgs/share/mav_msgs/environment/library_path.sh
-- Installing: /home/leon/Dev/TUM/autonome-systeme/project/Autonomous-Systems-Sub-Terrain-Challenge-GR04/ros2_ws/install/mav_msgs/share/mav_msgs/environment/library_path.dsv
-- Installing: /home/leon/Dev/TUM/autonome-systeme/project/Autonomous-Systems-Sub-Terrain-Challenge-GR04/ros2_ws/install/mav_msgs/lib/libmav_msgs__rosidl_generator_c.so
-- Set non-toolchain portion of runtime path of "/home/leon/Dev/TUM/autonome-systeme/project/Autonomous-Systems-Sub-Terrain-Challenge-GR04/ros2_ws/install/mav_msgs/lib/libmav_msgs__rosidl_generator_c.so" to ""
-- Up-to-date: /home/leon/Dev/TUM/autonome-systeme/project/Autonomous-Systems-Sub-Terrain-Challenge-GR04/ros2_ws/install/mav_msgs/include/mav_msgs/mav_msgs
-- Up-to-date: /home/leon/Dev/TUM/autonome-systeme/project/Autonomous-Systems-Sub-Terrain-Challenge-GR04/ros2_ws/install/mav_msgs/include/mav_msgs/mav_msgs/msg
-- Installing: /home/leon/Dev/TUM/autonome-systeme/project/Autonomous-Systems-Sub-Terrain-Challenge-GR04/ros2_ws/install/mav_msgs/include/mav_msgs/mav_msgs/msg/rosidl_typesupport_fastrtps_c__visibility_control.h
-- Up-to-date: /home/leon/Dev/TUM/autonome-systeme/project/Autonomous-Systems-Sub-Terrain-Challenge-GR04/ros2_ws/install/mav_msgs/include/mav_msgs/mav_msgs/msg/detail
-- Installing: /home/leon/Dev/TUM/autonome-systeme/project/Autonomous-Systems-Sub-Terrain-Challenge-GR04/ros2_ws/install/mav_msgs/include/mav_msgs/mav_msgs/msg/detail/status__rosidl_typesupport_fastrtps_c.h
-- Installing: /home/leon/Dev/TUM/autonome-systeme/project/Autonomous-Systems-Sub-Terrain-Challenge-GR04/ros2_ws/install/mav_msgs/include/mav_msgs/mav_msgs/msg/detail/rate_thrust__rosidl_typesupport_fastrtps_c.h
-- Installing: /home/leon/Dev/TUM/autonome-systeme/project/Autonomous-Systems-Sub-Terrain-Challenge-GR04/ros2_ws/install/mav_msgs/include/mav_msgs/mav_msgs/msg/detail/gps_waypoint__rosidl_typesupport_fastrtps_c.h
-- Installing: /home/leon/Dev/TUM/autonome-systeme/project/Autonomous-Systems-Sub-Terrain-Challenge-GR04/ros2_ws/install/mav_msgs/include/mav_msgs/mav_msgs/msg/detail/filtered_sensor_data__rosidl_typesupport_fastrtps_c.h
-- Installing: /home/leon/Dev/TUM/autonome-systeme/project/Autonomous-Systems-Sub-Terrain-Challenge-GR04/ros2_ws/install/mav_msgs/include/mav_msgs/mav_msgs/msg/detail/actuators__rosidl_typesupport_fastrtps_c.h
-- Installing: /home/leon/Dev/TUM/autonome-systeme/project/Autonomous-Systems-Sub-Terrain-Challenge-GR04/ros2_ws/install/mav_msgs/include/mav_msgs/mav_msgs/msg/detail/roll_pitch_yawrate_thrust__rosidl_typesupport_fastrtps_c.h
-- Installing: /home/leon/Dev/TUM/autonome-systeme/project/Autonomous-Systems-Sub-Terrain-Challenge-GR04/ros2_ws/install/mav_msgs/include/mav_msgs/mav_msgs/msg/detail/attitude_thrust__rosidl_typesupport_fastrtps_c.h
-- Installing: /home/leon/Dev/TUM/autonome-systeme/project/Autonomous-Systems-Sub-Terrain-Challenge-GR04/ros2_ws/install/mav_msgs/include/mav_msgs/mav_msgs/msg/detail/torque_thrust__rosidl_typesupport_fastrtps_c.h
-- Installing: /home/leon/Dev/TUM/autonome-systeme/project/Autonomous-Systems-Sub-Terrain-Challenge-GR04/ros2_ws/install/mav_msgs/lib/libmav_msgs__rosidl_typesupport_fastrtps_c.so
-- Set non-toolchain portion of runtime path of "/home/leon/Dev/TUM/autonome-systeme/project/Autonomous-Systems-Sub-Terrain-Challenge-GR04/ros2_ws/install/mav_msgs/lib/libmav_msgs__rosidl_typesupport_fastrtps_c.so" to ""
-- Up-to-date: /home/leon/Dev/TUM/autonome-systeme/project/Autonomous-Systems-Sub-Terrain-Challenge-GR04/ros2_ws/install/mav_msgs/include/mav_msgs/mav_msgs
-- Up-to-date: /home/leon/Dev/TUM/autonome-systeme/project/Autonomous-Systems-Sub-Terrain-Challenge-GR04/ros2_ws/install/mav_msgs/include/mav_msgs/mav_msgs/msg
-- Installing: /home/leon/Dev/TUM/autonome-systeme/project/Autonomous-Systems-Sub-Terrain-Challenge-GR04/ros2_ws/install/mav_msgs/include/mav_msgs/mav_msgs/msg/rosidl_typesupport_introspection_c__visibility_control.h
-- Up-to-date: /home/leon/Dev/TUM/autonome-systeme/project/Autonomous-Systems-Sub-Terrain-Challenge-GR04/ros2_ws/install/mav_msgs/include/mav_msgs/mav_msgs/msg/detail
-- Installing: /home/leon/Dev/TUM/autonome-systeme/project/Autonomous-Systems-Sub-Terrain-Challenge-GR04/ros2_ws/install/mav_msgs/include/mav_msgs/mav_msgs/msg/detail/torque_thrust__type_support.c
-- Installing: /home/leon/Dev/TUM/autonome-systeme/project/Autonomous-Systems-Sub-Terrain-Challenge-GR04/ros2_ws/install/mav_msgs/include/mav_msgs/mav_msgs/msg/detail/gps_waypoint__type_support.c
-- Installing: /home/leon/Dev/TUM/autonome-systeme/project/Autonomous-Systems-Sub-Terrain-Challenge-GR04/ros2_ws/install/mav_msgs/include/mav_msgs/mav_msgs/msg/detail/attitude_thrust__type_support.c
-- Installing: /home/leon/Dev/TUM/autonome-systeme/project/Autonomous-Systems-Sub-Terrain-Challenge-GR04/ros2_ws/install/mav_msgs/include/mav_msgs/mav_msgs/msg/detail/filtered_sensor_data__type_support.c
-- Installing: /home/leon/Dev/TUM/autonome-systeme/project/Autonomous-Systems-Sub-Terrain-Challenge-GR04/ros2_ws/install/mav_msgs/include/mav_msgs/mav_msgs/msg/detail/gps_waypoint__rosidl_typesupport_introspection_c.h
-- Installing: /home/leon/Dev/TUM/autonome-systeme/project/Autonomous-Systems-Sub-Terrain-Challenge-GR04/ros2_ws/install/mav_msgs/include/mav_msgs/mav_msgs/msg/detail/roll_pitch_yawrate_thrust__rosidl_typesupport_introspection_c.h
-- Installing: /home/leon/Dev/TUM/autonome-systeme/project/Autonomous-Systems-Sub-Terrain-Challenge-GR04/ros2_ws/install/mav_msgs/include/mav_msgs/mav_msgs/msg/detail/filtered_sensor_data__rosidl_typesupport_introspection_c.h
-- Installing: /home/leon/Dev/TUM/autonome-systeme/project/Autonomous-Systems-Sub-Terrain-Challenge-GR04/ros2_ws/install/mav_msgs/include/mav_msgs/mav_msgs/msg/detail/rate_thrust__type_support.c
-- Installing: /home/leon/Dev/TUM/autonome-systeme/project/Autonomous-Systems-Sub-Terrain-Challenge-GR04/ros2_ws/install/mav_msgs/include/mav_msgs/mav_msgs/msg/detail/attitude_thrust__rosidl_typesupport_introspection_c.h
-- Installing: /home/leon/Dev/TUM/autonome-systeme/project/Autonomous-Systems-Sub-Terrain-Challenge-GR04/ros2_ws/install/mav_msgs/include/mav_msgs/mav_msgs/msg/detail/status__rosidl_typesupport_introspection_c.h
-- Installing: /home/leon/Dev/TUM/autonome-systeme/project/Autonomous-Systems-Sub-Terrain-Challenge-GR04/ros2_ws/install/mav_msgs/include/mav_msgs/mav_msgs/msg/detail/torque_thrust__rosidl_typesupport_introspection_c.h
-- Installing: /home/leon/Dev/TUM/autonome-systeme/project/Autonomous-Systems-Sub-Terrain-Challenge-GR04/ros2_ws/install/mav_msgs/include/mav_msgs/mav_msgs/msg/detail/actuators__type_support.c
-- Installing: /home/leon/Dev/TUM/autonome-systeme/project/Autonomous-Systems-Sub-Terrain-Challenge-GR04/ros2_ws/install/mav_msgs/include/mav_msgs/mav_msgs/msg/detail/actuators__rosidl_typesupport_introspection_c.h
-- Installing: /home/leon/Dev/TUM/autonome-systeme/project/Autonomous-Systems-Sub-Terrain-Challenge-GR04/ros2_ws/install/mav_msgs/include/mav_msgs/mav_msgs/msg/detail/roll_pitch_yawrate_thrust__type_support.c
-- Installing: /home/leon/Dev/TUM/autonome-systeme/project/Autonomous-Systems-Sub-Terrain-Challenge-GR04/ros2_ws/install/mav_msgs/include/mav_msgs/mav_msgs/msg/detail/rate_thrust__rosidl_typesupport_introspection_c.h
-- Installing: /home/leon/Dev/TUM/autonome-systeme/project/Autonomous-Systems-Sub-Terrain-Challenge-GR04/ros2_ws/install/mav_msgs/include/mav_msgs/mav_msgs/msg/detail/status__type_support.c
-- Installing: /home/leon/Dev/TUM/autonome-systeme/project/Autonomous-Systems-Sub-Terrain-Challenge-GR04/ros2_ws/install/mav_msgs/lib/libmav_msgs__rosidl_typesupport_introspection_c.so
-- Set non-toolchain portion of runtime path of "/home/leon/Dev/TUM/autonome-systeme/project/Autonomous-Systems-Sub-Terrain-Challenge-GR04/ros2_ws/install/mav_msgs/lib/libmav_msgs__rosidl_typesupport_introspection_c.so" to ""
-- Installing: /home/leon/Dev/TUM/autonome-systeme/project/Autonomous-Systems-Sub-Terrain-Challenge-GR04/ros2_ws/install/mav_msgs/lib/libmav_msgs__rosidl_typesupport_c.so
-- Set non-toolchain portion of runtime path of "/home/leon/Dev/TUM/autonome-systeme/project/Autonomous-Systems-Sub-Terrain-Challenge-GR04/ros2_ws/install/mav_msgs/lib/libmav_msgs__rosidl_typesupport_c.so" to ""
-- Up-to-date: /home/leon/Dev/TUM/autonome-systeme/project/Autonomous-Systems-Sub-Terrain-Challenge-GR04/ros2_ws/install/mav_msgs/include/mav_msgs/mav_msgs
-- Up-to-date: /home/leon/Dev/TUM/autonome-systeme/project/Autonomous-Systems-Sub-Terrain-Challenge-GR04/ros2_ws/install/mav_msgs/include/mav_msgs/mav_msgs/msg
-- Installing: /home/leon/Dev/TUM/autonome-systeme/project/Autonomous-Systems-Sub-Terrain-Challenge-GR04/ros2_ws/install/mav_msgs/include/mav_msgs/mav_msgs/msg/torque_thrust.hpp
-- Installing: /home/leon/Dev/TUM/autonome-systeme/project/Autonomous-Systems-Sub-Terrain-Challenge-GR04/ros2_ws/install/mav_msgs/include/mav_msgs/mav_msgs/msg/gps_waypoint.hpp
-- Installing: /home/leon/Dev/TUM/autonome-systeme/project/Autonomous-Systems-Sub-Terrain-Challenge-GR04/ros2_ws/install/mav_msgs/include/mav_msgs/mav_msgs/msg/rate_thrust.hpp
-- Installing: /home/leon/Dev/TUM/autonome-systeme/project/Autonomous-Systems-Sub-Terrain-Challenge-GR04/ros2_ws/install/mav_msgs/include/mav_msgs/mav_msgs/msg/attitude_thrust.hpp
-- Installing: /home/leon/Dev/TUM/autonome-systeme/project/Autonomous-Systems-Sub-Terrain-Challenge-GR04/ros2_ws/install/mav_msgs/include/mav_msgs/mav_msgs/msg/rosidl_generator_cpp__visibility_control.hpp
-- Installing: /home/leon/Dev/TUM/autonome-systeme/project/Autonomous-Systems-Sub-Terrain-Challenge-GR04/ros2_ws/install/mav_msgs/include/mav_msgs/mav_msgs/msg/status.hpp
-- Installing: /home/leon/Dev/TUM/autonome-systeme/project/Autonomous-Systems-Sub-Terrain-Challenge-GR04/ros2_ws/install/mav_msgs/include/mav_msgs/mav_msgs/msg/roll_pitch_yawrate_thrust.hpp
-- Up-to-date: /home/leon/Dev/TUM/autonome-systeme/project/Autonomous-Systems-Sub-Terrain-Challenge-GR04/ros2_ws/install/mav_msgs/include/mav_msgs/mav_msgs/msg/detail
-- Installing: /home/leon/Dev/TUM/autonome-systeme/project/Autonomous-Systems-Sub-Terrain-Challenge-GR04/ros2_ws/install/mav_msgs/include/mav_msgs/mav_msgs/msg/detail/torque_thrust__traits.hpp
-- Installing: /home/leon/Dev/TUM/autonome-systeme/project/Autonomous-Systems-Sub-Terrain-Challenge-GR04/ros2_ws/install/mav_msgs/include/mav_msgs/mav_msgs/msg/detail/rate_thrust__builder.hpp
-- Installing: /home/leon/Dev/TUM/autonome-systeme/project/Autonomous-Systems-Sub-Terrain-Challenge-GR04/ros2_ws/install/mav_msgs/include/mav_msgs/mav_msgs/msg/detail/rate_thrust__type_support.hpp
-- Installing: /home/leon/Dev/TUM/autonome-systeme/project/Autonomous-Systems-Sub-Terrain-Challenge-GR04/ros2_ws/install/mav_msgs/include/mav_msgs/mav_msgs/msg/detail/attitude_thrust__traits.hpp
-- Installing: /home/leon/Dev/TUM/autonome-systeme/project/Autonomous-Systems-Sub-Terrain-Challenge-GR04/ros2_ws/install/mav_msgs/include/mav_msgs/mav_msgs/msg/detail/actuators__builder.hpp
-- Installing: /home/leon/Dev/TUM/autonome-systeme/project/Autonomous-Systems-Sub-Terrain-Challenge-GR04/ros2_ws/install/mav_msgs/include/mav_msgs/mav_msgs/msg/detail/status__type_support.hpp
-- Installing: /home/leon/Dev/TUM/autonome-systeme/project/Autonomous-Systems-Sub-Terrain-Challenge-GR04/ros2_ws/install/mav_msgs/include/mav_msgs/mav_msgs/msg/detail/filtered_sensor_data__traits.hpp
-- Installing: /home/leon/Dev/TUM/autonome-systeme/project/Autonomous-Systems-Sub-Terrain-Challenge-GR04/ros2_ws/install/mav_msgs/include/mav_msgs/mav_msgs/msg/detail/torque_thrust__builder.hpp
-- Installing: /home/leon/Dev/TUM/autonome-systeme/project/Autonomous-Systems-Sub-Terrain-Challenge-GR04/ros2_ws/install/mav_msgs/include/mav_msgs/mav_msgs/msg/detail/actuators__traits.hpp
-- Installing: /home/leon/Dev/TUM/autonome-systeme/project/Autonomous-Systems-Sub-Terrain-Challenge-GR04/ros2_ws/install/mav_msgs/include/mav_msgs/mav_msgs/msg/detail/filtered_sensor_data__struct.hpp
-- Installing: /home/leon/Dev/TUM/autonome-systeme/project/Autonomous-Systems-Sub-Terrain-Challenge-GR04/ros2_ws/install/mav_msgs/include/mav_msgs/mav_msgs/msg/detail/rate_thrust__traits.hpp
-- Installing: /home/leon/Dev/TUM/autonome-systeme/project/Autonomous-Systems-Sub-Terrain-Challenge-GR04/ros2_ws/install/mav_msgs/include/mav_msgs/mav_msgs/msg/detail/status__struct.hpp
-- Installing: /home/leon/Dev/TUM/autonome-systeme/project/Autonomous-Systems-Sub-Terrain-Challenge-GR04/ros2_ws/install/mav_msgs/include/mav_msgs/mav_msgs/msg/detail/roll_pitch_yawrate_thrust__struct.hpp
-- Installing: /home/leon/Dev/TUM/autonome-systeme/project/Autonomous-Systems-Sub-Terrain-Challenge-GR04/ros2_ws/install/mav_msgs/include/mav_msgs/mav_msgs/msg/detail/status__builder.hpp
-- Installing: /home/leon/Dev/TUM/autonome-systeme/project/Autonomous-Systems-Sub-Terrain-Challenge-GR04/ros2_ws/install/mav_msgs/include/mav_msgs/mav_msgs/msg/detail/gps_waypoint__traits.hpp
-- Installing: /home/leon/Dev/TUM/autonome-systeme/project/Autonomous-Systems-Sub-Terrain-Challenge-GR04/ros2_ws/install/mav_msgs/include/mav_msgs/mav_msgs/msg/detail/actuators__type_support.hpp
-- Installing: /home/leon/Dev/TUM/autonome-systeme/project/Autonomous-Systems-Sub-Terrain-Challenge-GR04/ros2_ws/install/mav_msgs/include/mav_msgs/mav_msgs/msg/detail/gps_waypoint__builder.hpp
-- Installing: /home/leon/Dev/TUM/autonome-systeme/project/Autonomous-Systems-Sub-Terrain-Challenge-GR04/ros2_ws/install/mav_msgs/include/mav_msgs/mav_msgs/msg/detail/status__traits.hpp
-- Installing: /home/leon/Dev/TUM/autonome-systeme/project/Autonomous-Systems-Sub-Terrain-Challenge-GR04/ros2_ws/install/mav_msgs/include/mav_msgs/mav_msgs/msg/detail/roll_pitch_yawrate_thrust__builder.hpp
-- Installing: /home/leon/Dev/TUM/autonome-systeme/project/Autonomous-Systems-Sub-Terrain-Challenge-GR04/ros2_ws/install/mav_msgs/include/mav_msgs/mav_msgs/msg/detail/gps_waypoint__type_support.hpp
-- Installing: /home/leon/Dev/TUM/autonome-systeme/project/Autonomous-Systems-Sub-Terrain-Challenge-GR04/ros2_ws/install/mav_msgs/include/mav_msgs/mav_msgs/msg/detail/roll_pitch_yawrate_thrust__type_support.hpp
-- Installing: /home/leon/Dev/TUM/autonome-systeme/project/Autonomous-Systems-Sub-Terrain-Challenge-GR04/ros2_ws/install/mav_msgs/include/mav_msgs/mav_msgs/msg/detail/rate_thrust__struct.hpp
-- Installing: /home/leon/Dev/TUM/autonome-systeme/project/Autonomous-Systems-Sub-Terrain-Challenge-GR04/ros2_ws/install/mav_msgs/include/mav_msgs/mav_msgs/msg/detail/torque_thrust__struct.hpp
-- Installing: /home/leon/Dev/TUM/autonome-systeme/project/Autonomous-Systems-Sub-Terrain-Challenge-GR04/ros2_ws/install/mav_msgs/include/mav_msgs/mav_msgs/msg/detail/actuators__struct.hpp
-- Installing: /home/leon/Dev/TUM/autonome-systeme/project/Autonomous-Systems-Sub-Terrain-Challenge-GR04/ros2_ws/install/mav_msgs/include/mav_msgs/mav_msgs/msg/detail/gps_waypoint__struct.hpp
-- Installing: /home/leon/Dev/TUM/autonome-systeme/project/Autonomous-Systems-Sub-Terrain-Challenge-GR04/ros2_ws/install/mav_msgs/include/mav_msgs/mav_msgs/msg/detail/filtered_sensor_data__builder.hpp
-- Installing: /home/leon/Dev/TUM/autonome-systeme/project/Autonomous-Systems-Sub-Terrain-Challenge-GR04/ros2_ws/install/mav_msgs/include/mav_msgs/mav_msgs/msg/detail/torque_thrust__type_support.hpp
-- Installing: /home/leon/Dev/TUM/autonome-systeme/project/Autonomous-Systems-Sub-Terrain-Challenge-GR04/ros2_ws/install/mav_msgs/include/mav_msgs/mav_msgs/msg/detail/attitude_thrust__struct.hpp
-- Installing: /home/leon/Dev/TUM/autonome-systeme/project/Autonomous-Systems-Sub-Terrain-Challenge-GR04/ros2_ws/install/mav_msgs/include/mav_msgs/mav_msgs/msg/detail/attitude_thrust__type_support.hpp
-- Installing: /home/leon/Dev/TUM/autonome-systeme/project/Autonomous-Systems-Sub-Terrain-Challenge-GR04/ros2_ws/install/mav_msgs/include/mav_msgs/mav_msgs/msg/detail/filtered_sensor_data__type_support.hpp
-- Installing: /home/leon/Dev/TUM/autonome-systeme/project/Autonomous-Systems-Sub-Terrain-Challenge-GR04/ros2_ws/install/mav_msgs/include/mav_msgs/mav_msgs/msg/detail/roll_pitch_yawrate_thrust__traits.hpp
-- Installing: /home/leon/Dev/TUM/autonome-systeme/project/Autonomous-Systems-Sub-Terrain-Challenge-GR04/ros2_ws/install/mav_msgs/include/mav_msgs/mav_msgs/msg/detail/attitude_thrust__builder.hpp
-- Installing: /home/leon/Dev/TUM/autonome-systeme/project/Autonomous-Systems-Sub-Terrain-Challenge-GR04/ros2_ws/install/mav_msgs/include/mav_msgs/mav_msgs/msg/actuators.hpp
-- Installing: /home/leon/Dev/TUM/autonome-systeme/project/Autonomous-Systems-Sub-Terrain-Challenge-GR04/ros2_ws/install/mav_msgs/include/mav_msgs/mav_msgs/msg/filtered_sensor_data.hpp
-- Up-to-date: /home/leon/Dev/TUM/autonome-systeme/project/Autonomous-Systems-Sub-Terrain-Challenge-GR04/ros2_ws/install/mav_msgs/include/mav_msgs/mav_msgs
-- Up-to-date: /home/leon/Dev/TUM/autonome-systeme/project/Autonomous-Systems-Sub-Terrain-Challenge-GR04/ros2_ws/install/mav_msgs/include/mav_msgs/mav_msgs/msg
-- Installing: /home/leon/Dev/TUM/autonome-systeme/project/Autonomous-Systems-Sub-Terrain-Challenge-GR04/ros2_ws/install/mav_msgs/include/mav_msgs/mav_msgs/msg/rosidl_typesupport_fastrtps_cpp__visibility_control.h
-- Up-to-date: /home/leon/Dev/TUM/autonome-systeme/project/Autonomous-Systems-Sub-Terrain-Challenge-GR04/ros2_ws/install/mav_msgs/include/mav_msgs/mav_msgs/msg/detail
-- Installing: /home/leon/Dev/TUM/autonome-systeme/project/Autonomous-Systems-Sub-Terrain-Challenge-GR04/ros2_ws/install/mav_msgs/include/mav_msgs/mav_msgs/msg/detail/attitude_thrust__rosidl_typesupport_fastrtps_cpp.hpp
-- Installing: /home/leon/Dev/TUM/autonome-systeme/project/Autonomous-Systems-Sub-Terrain-Challenge-GR04/ros2_ws/install/mav_msgs/include/mav_msgs/mav_msgs/msg/detail/dds_fastrtps
-- Installing: /home/leon/Dev/TUM/autonome-systeme/project/Autonomous-Systems-Sub-Terrain-Challenge-GR04/ros2_ws/install/mav_msgs/include/mav_msgs/mav_msgs/msg/detail/roll_pitch_yawrate_thrust__rosidl_typesupport_fastrtps_cpp.hpp
-- Installing: /home/leon/Dev/TUM/autonome-systeme/project/Autonomous-Systems-Sub-Terrain-Challenge-GR04/ros2_ws/install/mav_msgs/include/mav_msgs/mav_msgs/msg/detail/torque_thrust__rosidl_typesupport_fastrtps_cpp.hpp
-- Installing: /home/leon/Dev/TUM/autonome-systeme/project/Autonomous-Systems-Sub-Terrain-Challenge-GR04/ros2_ws/install/mav_msgs/include/mav_msgs/mav_msgs/msg/detail/actuators__rosidl_typesupport_fastrtps_cpp.hpp
-- Installing: /home/leon/Dev/TUM/autonome-systeme/project/Autonomous-Systems-Sub-Terrain-Challenge-GR04/ros2_ws/install/mav_msgs/include/mav_msgs/mav_msgs/msg/detail/rate_thrust__rosidl_typesupport_fastrtps_cpp.hpp
-- Installing: /home/leon/Dev/TUM/autonome-systeme/project/Autonomous-Systems-Sub-Terrain-Challenge-GR04/ros2_ws/install/mav_msgs/include/mav_msgs/mav_msgs/msg/detail/filtered_sensor_data__rosidl_typesupport_fastrtps_cpp.hpp
-- Installing: /home/leon/Dev/TUM/autonome-systeme/project/Autonomous-Systems-Sub-Terrain-Challenge-GR04/ros2_ws/install/mav_msgs/include/mav_msgs/mav_msgs/msg/detail/gps_waypoint__rosidl_typesupport_fastrtps_cpp.hpp
-- Installing: /home/leon/Dev/TUM/autonome-systeme/project/Autonomous-Systems-Sub-Terrain-Challenge-GR04/ros2_ws/install/mav_msgs/include/mav_msgs/mav_msgs/msg/detail/status__rosidl_typesupport_fastrtps_cpp.hpp
-- Installing: /home/leon/Dev/TUM/autonome-systeme/project/Autonomous-Systems-Sub-Terrain-Challenge-GR04/ros2_ws/install/mav_msgs/lib/libmav_msgs__rosidl_typesupport_fastrtps_cpp.so
-- Set non-toolchain portion of runtime path of "/home/leon/Dev/TUM/autonome-systeme/project/Autonomous-Systems-Sub-Terrain-Challenge-GR04/ros2_ws/install/mav_msgs/lib/libmav_msgs__rosidl_typesupport_fastrtps_cpp.so" to ""
-- Up-to-date: /home/leon/Dev/TUM/autonome-systeme/project/Autonomous-Systems-Sub-Terrain-Challenge-GR04/ros2_ws/install/mav_msgs/include/mav_msgs/mav_msgs
-- Up-to-date: /home/leon/Dev/TUM/autonome-systeme/project/Autonomous-Systems-Sub-Terrain-Challenge-GR04/ros2_ws/install/mav_msgs/include/mav_msgs/mav_msgs/msg
-- Up-to-date: /home/leon/Dev/TUM/autonome-systeme/project/Autonomous-Systems-Sub-Terrain-Challenge-GR04/ros2_ws/install/mav_msgs/include/mav_msgs/mav_msgs/msg/detail
-- Installing: /home/leon/Dev/TUM/autonome-systeme/project/Autonomous-Systems-Sub-Terrain-Challenge-GR04/ros2_ws/install/mav_msgs/include/mav_msgs/mav_msgs/msg/detail/torque_thrust__rosidl_typesupport_introspection_cpp.hpp
-- Installing: /home/leon/Dev/TUM/autonome-systeme/project/Autonomous-Systems-Sub-Terrain-Challenge-GR04/ros2_ws/install/mav_msgs/include/mav_msgs/mav_msgs/msg/detail/status__type_support.cpp
-- Installing: /home/leon/Dev/TUM/autonome-systeme/project/Autonomous-Systems-Sub-Terrain-Challenge-GR04/ros2_ws/install/mav_msgs/include/mav_msgs/mav_msgs/msg/detail/actuators__rosidl_typesupport_introspection_cpp.hpp
-- Installing: /home/leon/Dev/TUM/autonome-systeme/project/Autonomous-Systems-Sub-Terrain-Challenge-GR04/ros2_ws/install/mav_msgs/include/mav_msgs/mav_msgs/msg/detail/roll_pitch_yawrate_thrust__rosidl_typesupport_introspection_cpp.hpp
-- Installing: /home/leon/Dev/TUM/autonome-systeme/project/Autonomous-Systems-Sub-Terrain-Challenge-GR04/ros2_ws/install/mav_msgs/include/mav_msgs/mav_msgs/msg/detail/actuators__type_support.cpp
-- Installing: /home/leon/Dev/TUM/autonome-systeme/project/Autonomous-Systems-Sub-Terrain-Challenge-GR04/ros2_ws/install/mav_msgs/include/mav_msgs/mav_msgs/msg/detail/torque_thrust__type_support.cpp
-- Installing: /home/leon/Dev/TUM/autonome-systeme/project/Autonomous-Systems-Sub-Terrain-Challenge-GR04/ros2_ws/install/mav_msgs/include/mav_msgs/mav_msgs/msg/detail/roll_pitch_yawrate_thrust__type_support.cpp
-- Installing: /home/leon/Dev/TUM/autonome-systeme/project/Autonomous-Systems-Sub-Terrain-Challenge-GR04/ros2_ws/install/mav_msgs/include/mav_msgs/mav_msgs/msg/detail/filtered_sensor_data__rosidl_typesupport_introspection_cpp.hpp
-- Installing: /home/leon/Dev/TUM/autonome-systeme/project/Autonomous-Systems-Sub-Terrain-Challenge-GR04/ros2_ws/install/mav_msgs/include/mav_msgs/mav_msgs/msg/detail/gps_waypoint__rosidl_typesupport_introspection_cpp.hpp
-- Installing: /home/leon/Dev/TUM/autonome-systeme/project/Autonomous-Systems-Sub-Terrain-Challenge-GR04/ros2_ws/install/mav_msgs/include/mav_msgs/mav_msgs/msg/detail/attitude_thrust__type_support.cpp
-- Installing: /home/leon/Dev/TUM/autonome-systeme/project/Autonomous-Systems-Sub-Terrain-Challenge-GR04/ros2_ws/install/mav_msgs/include/mav_msgs/mav_msgs/msg/detail/attitude_thrust__rosidl_typesupport_introspection_cpp.hpp
-- Installing: /home/leon/Dev/TUM/autonome-systeme/project/Autonomous-Systems-Sub-Terrain-Challenge-GR04/ros2_ws/install/mav_msgs/include/mav_msgs/mav_msgs/msg/detail/filtered_sensor_data__type_support.cpp
-- Installing: /home/leon/Dev/TUM/autonome-systeme/project/Autonomous-Systems-Sub-Terrain-Challenge-GR04/ros2_ws/install/mav_msgs/include/mav_msgs/mav_msgs/msg/detail/gps_waypoint__type_support.cpp
-- Installing: /home/leon/Dev/TUM/autonome-systeme/project/Autonomous-Systems-Sub-Terrain-Challenge-GR04/ros2_ws/install/mav_msgs/include/mav_msgs/mav_msgs/msg/detail/rate_thrust__type_support.cpp
-- Installing: /home/leon/Dev/TUM/autonome-systeme/project/Autonomous-Systems-Sub-Terrain-Challenge-GR04/ros2_ws/install/mav_msgs/include/mav_msgs/mav_msgs/msg/detail/status__rosidl_typesupport_introspection_cpp.hpp
-- Installing: /home/leon/Dev/TUM/autonome-systeme/project/Autonomous-Systems-Sub-Terrain-Challenge-GR04/ros2_ws/install/mav_msgs/include/mav_msgs/mav_msgs/msg/detail/rate_thrust__rosidl_typesupport_introspection_cpp.hpp
-- Installing: /home/leon/Dev/TUM/autonome-systeme/project/Autonomous-Systems-Sub-Terrain-Challenge-GR04/ros2_ws/install/mav_msgs/lib/libmav_msgs__rosidl_typesupport_introspection_cpp.so
-- Set non-toolchain portion of runtime path of "/home/leon/Dev/TUM/autonome-systeme/project/Autonomous-Systems-Sub-Terrain-Challenge-GR04/ros2_ws/install/mav_msgs/lib/libmav_msgs__rosidl_typesupport_introspection_cpp.so" to ""
-- Installing: /home/leon/Dev/TUM/autonome-systeme/project/Autonomous-Systems-Sub-Terrain-Challenge-GR04/ros2_ws/install/mav_msgs/lib/libmav_msgs__rosidl_typesupport_cpp.so
-- Set non-toolchain portion of runtime path of "/home/leon/Dev/TUM/autonome-systeme/project/Autonomous-Systems-Sub-Terrain-Challenge-GR04/ros2_ws/install/mav_msgs/lib/libmav_msgs__rosidl_typesupport_cpp.so" to ""
-- Installing: /home/leon/Dev/TUM/autonome-systeme/project/Autonomous-Systems-Sub-Terrain-Challenge-GR04/ros2_ws/install/mav_msgs/share/mav_msgs/environment/pythonpath.sh
-- Installing: /home/leon/Dev/TUM/autonome-systeme/project/Autonomous-Systems-Sub-Terrain-Challenge-GR04/ros2_ws/install/mav_msgs/share/mav_msgs/environment/pythonpath.dsv
-- Installing: /home/leon/Dev/TUM/autonome-systeme/project/Autonomous-Systems-Sub-Terrain-Challenge-GR04/ros2_ws/install/mav_msgs/lib/python3.12/site-packages/mav_msgs-3.3.3-py3.12.egg-info
-- Installing: /home/leon/Dev/TUM/autonome-systeme/project/Autonomous-Systems-Sub-Terrain-Challenge-GR04/ros2_ws/install/mav_msgs/lib/python3.12/site-packages/mav_msgs-3.3.3-py3.12.egg-info/top_level.txt
-- Installing: /home/leon/Dev/TUM/autonome-systeme/project/Autonomous-Systems-Sub-Terrain-Challenge-GR04/ros2_ws/install/mav_msgs/lib/python3.12/site-packages/mav_msgs-3.3.3-py3.12.egg-info/dependency_links.txt
-- Installing: /home/leon/Dev/TUM/autonome-systeme/project/Autonomous-Systems-Sub-Terrain-Challenge-GR04/ros2_ws/install/mav_msgs/lib/python3.12/site-packages/mav_msgs-3.3.3-py3.12.egg-info/PKG-INFO
-- Installing: /home/leon/Dev/TUM/autonome-systeme/project/Autonomous-Systems-Sub-Terrain-Challenge-GR04/ros2_ws/install/mav_msgs/lib/python3.12/site-packages/mav_msgs-3.3.3-py3.12.egg-info/SOURCES.txt
-- Installing: /home/leon/Dev/TUM/autonome-systeme/project/Autonomous-Systems-Sub-Terrain-Challenge-GR04/ros2_ws/install/mav_msgs/lib/python3.12/site-packages/mav_msgs
-- Installing: /home/leon/Dev/TUM/autonome-systeme/project/Autonomous-Systems-Sub-Terrain-Challenge-GR04/ros2_ws/install/mav_msgs/lib/python3.12/site-packages/mav_msgs/mav_msgs_s__rosidl_typesupport_fastrtps_c.so
-- Installing: /home/leon/Dev/TUM/autonome-systeme/project/Autonomous-Systems-Sub-Terrain-Challenge-GR04/ros2_ws/install/mav_msgs/lib/python3.12/site-packages/mav_msgs/__init__.py
-- Installing: /home/leon/Dev/TUM/autonome-systeme/project/Autonomous-Systems-Sub-Terrain-Challenge-GR04/ros2_ws/install/mav_msgs/lib/python3.12/site-packages/mav_msgs/mav_msgs_s__rosidl_typesupport_introspection_c.so
-- Installing: /home/leon/Dev/TUM/autonome-systeme/project/Autonomous-Systems-Sub-Terrain-Challenge-GR04/ros2_ws/install/mav_msgs/lib/python3.12/site-packages/mav_msgs/_mav_msgs_s.ep.rosidl_typesupport_fastrtps_c.c
-- Installing: /home/leon/Dev/TUM/autonome-systeme/project/Autonomous-Systems-Sub-Terrain-Challenge-GR04/ros2_ws/install/mav_msgs/lib/python3.12/site-packages/mav_msgs/_mav_msgs_s.ep.rosidl_typesupport_c.c
-- Installing: /home/leon/Dev/TUM/autonome-systeme/project/Autonomous-Systems-Sub-Terrain-Challenge-GR04/ros2_ws/install/mav_msgs/lib/python3.12/site-packages/mav_msgs/msg
-- Installing: /home/leon/Dev/TUM/autonome-systeme/project/Autonomous-Systems-Sub-Terrain-Challenge-GR04/ros2_ws/install/mav_msgs/lib/python3.12/site-packages/mav_msgs/msg/_actuators.py
-- Installing: /home/leon/Dev/TUM/autonome-systeme/project/Autonomous-Systems-Sub-Terrain-Challenge-GR04/ros2_ws/install/mav_msgs/lib/python3.12/site-packages/mav_msgs/msg/__init__.py
-- Installing: /home/leon/Dev/TUM/autonome-systeme/project/Autonomous-Systems-Sub-Terrain-Challenge-GR04/ros2_ws/install/mav_msgs/lib/python3.12/site-packages/mav_msgs/msg/_gps_waypoint.py
-- Installing: /home/leon/Dev/TUM/autonome-systeme/project/Autonomous-Systems-Sub-Terrain-Challenge-GR04/ros2_ws/install/mav_msgs/lib/python3.12/site-packages/mav_msgs/msg/_torque_thrust_s.c
-- Installing: /home/leon/Dev/TUM/autonome-systeme/project/Autonomous-Systems-Sub-Terrain-Challenge-GR04/ros2_ws/install/mav_msgs/lib/python3.12/site-packages/mav_msgs/msg/_attitude_thrust.py
-- Installing: /home/leon/Dev/TUM/autonome-systeme/project/Autonomous-Systems-Sub-Terrain-Challenge-GR04/ros2_ws/install/mav_msgs/lib/python3.12/site-packages/mav_msgs/msg/_status_s.c
-- Installing: /home/leon/Dev/TUM/autonome-systeme/project/Autonomous-Systems-Sub-Terrain-Challenge-GR04/ros2_ws/install/mav_msgs/lib/python3.12/site-packages/mav_msgs/msg/_rate_thrust_s.c
-- Installing: /home/leon/Dev/TUM/autonome-systeme/project/Autonomous-Systems-Sub-Terrain-Challenge-GR04/ros2_ws/install/mav_msgs/lib/python3.12/site-packages/mav_msgs/msg/_actuators_s.c
-- Installing: /home/leon/Dev/TUM/autonome-systeme/project/Autonomous-Systems-Sub-Terrain-Challenge-GR04/ros2_ws/install/mav_msgs/lib/python3.12/site-packages/mav_msgs/msg/_gps_waypoint_s.c
-- Installing: /home/leon/Dev/TUM/autonome-systeme/project/Autonomous-Systems-Sub-Terrain-Challenge-GR04/ros2_ws/install/mav_msgs/lib/python3.12/site-packages/mav_msgs/msg/_rate_thrust.py
-- Installing: /home/leon/Dev/TUM/autonome-systeme/project/Autonomous-Systems-Sub-Terrain-Challenge-GR04/ros2_ws/install/mav_msgs/lib/python3.12/site-packages/mav_msgs/msg/_torque_thrust.py
-- Installing: /home/leon/Dev/TUM/autonome-systeme/project/Autonomous-Systems-Sub-Terrain-Challenge-GR04/ros2_ws/install/mav_msgs/lib/python3.12/site-packages/mav_msgs/msg/_filtered_sensor_data_s.c
-- Installing: /home/leon/Dev/TUM/autonome-systeme/project/Autonomous-Systems-Sub-Terrain-Challenge-GR04/ros2_ws/install/mav_msgs/lib/python3.12/site-packages/mav_msgs/msg/_roll_pitch_yawrate_thrust.py
-- Installing: /home/leon/Dev/TUM/autonome-systeme/project/Autonomous-Systems-Sub-Terrain-Challenge-GR04/ros2_ws/install/mav_msgs/lib/python3.12/site-packages/mav_msgs/msg/_filtered_sensor_data.py
-- Installing: /home/leon/Dev/TUM/autonome-systeme/project/Autonomous-Systems-Sub-Terrain-Challenge-GR04/ros2_ws/install/mav_msgs/lib/python3.12/site-packages/mav_msgs/msg/_status.py
-- Installing: /home/leon/Dev/TUM/autonome-systeme/project/Autonomous-Systems-Sub-Terrain-Challenge-GR04/ros2_ws/install/mav_msgs/lib/python3.12/site-packages/mav_msgs/msg/_attitude_thrust_s.c
-- Installing: /home/leon/Dev/TUM/autonome-systeme/project/Autonomous-Systems-Sub-Terrain-Challenge-GR04/ros2_ws/install/mav_msgs/lib/python3.12/site-packages/mav_msgs/msg/_roll_pitch_yawrate_thrust_s.c
-- Installing: /home/leon/Dev/TUM/autonome-systeme/project/Autonomous-Systems-Sub-Terrain-Challenge-GR04/ros2_ws/install/mav_msgs/lib/python3.12/site-packages/mav_msgs/mav_msgs_s__rosidl_typesupport_c.so
-- Installing: /home/leon/Dev/TUM/autonome-systeme/project/Autonomous-Systems-Sub-Terrain-Challenge-GR04/ros2_ws/install/mav_msgs/lib/python3.12/site-packages/mav_msgs/_mav_msgs_s.ep.rosidl_typesupport_introspection_c.c
Listing '/home/leon/Dev/TUM/autonome-systeme/project/Autonomous-Systems-Sub-Terrain-Challenge-GR04/ros2_ws/install/mav_msgs/lib/python3.12/site-packages/mav_msgs'...
Compiling '/home/leon/Dev/TUM/autonome-systeme/project/Autonomous-Systems-Sub-Terrain-Challenge-GR04/ros2_ws/install/mav_msgs/lib/python3.12/site-packages/mav_msgs/__init__.py'...
Listing '/home/leon/Dev/TUM/autonome-systeme/project/Autonomous-Systems-Sub-Terrain-Challenge-GR04/ros2_ws/install/mav_msgs/lib/python3.12/site-packages/mav_msgs/msg'...
Compiling '/home/leon/Dev/TUM/autonome-systeme/project/Autonomous-Systems-Sub-Terrain-Challenge-GR04/ros2_ws/install/mav_msgs/lib/python3.12/site-packages/mav_msgs/msg/__init__.py'...
Compiling '/home/leon/Dev/TUM/autonome-systeme/project/Autonomous-Systems-Sub-Terrain-Challenge-GR04/ros2_ws/install/mav_msgs/lib/python3.12/site-packages/mav_msgs/msg/_actuators.py'...
Compiling '/home/leon/Dev/TUM/autonome-systeme/project/Autonomous-Systems-Sub-Terrain-Challenge-GR04/ros2_ws/install/mav_msgs/lib/python3.12/site-packages/mav_msgs/msg/_attitude_thrust.py'...
Compiling '/home/leon/Dev/TUM/autonome-systeme/project/Autonomous-Systems-Sub-Terrain-Challenge-GR04/ros2_ws/install/mav_msgs/lib/python3.12/site-packages/mav_msgs/msg/_filtered_sensor_data.py'...
Compiling '/home/leon/Dev/TUM/autonome-systeme/project/Autonomous-Systems-Sub-Terrain-Challenge-GR04/ros2_ws/install/mav_msgs/lib/python3.12/site-packages/mav_msgs/msg/_gps_waypoint.py'...
Compiling '/home/leon/Dev/TUM/autonome-systeme/project/Autonomous-Systems-Sub-Terrain-Challenge-GR04/ros2_ws/install/mav_msgs/lib/python3.12/site-packages/mav_msgs/msg/_rate_thrust.py'...
Compiling '/home/leon/Dev/TUM/autonome-systeme/project/Autonomous-Systems-Sub-Terrain-Challenge-GR04/ros2_ws/install/mav_msgs/lib/python3.12/site-packages/mav_msgs/msg/_roll_pitch_yawrate_thrust.py'...
Compiling '/home/leon/Dev/TUM/autonome-systeme/project/Autonomous-Systems-Sub-Terrain-Challenge-GR04/ros2_ws/install/mav_msgs/lib/python3.12/site-packages/mav_msgs/msg/_status.py'...
Compiling '/home/leon/Dev/TUM/autonome-systeme/project/Autonomous-Systems-Sub-Terrain-Challenge-GR04/ros2_ws/install/mav_msgs/lib/python3.12/site-packages/mav_msgs/msg/_torque_thrust.py'...
-- Installing: /home/leon/Dev/TUM/autonome-systeme/project/Autonomous-Systems-Sub-Terrain-Challenge-GR04/ros2_ws/install/mav_msgs/lib/python3.12/site-packages/mav_msgs/mav_msgs_s__rosidl_typesupport_fastrtps_c.so
-- Set non-toolchain portion of runtime path of "/home/leon/Dev/TUM/autonome-systeme/project/Autonomous-Systems-Sub-Terrain-Challenge-GR04/ros2_ws/install/mav_msgs/lib/python3.12/site-packages/mav_msgs/mav_msgs_s__rosidl_typesupport_fastrtps_c.so" to ""
-- Installing: /home/leon/Dev/TUM/autonome-systeme/project/Autonomous-Systems-Sub-Terrain-Challenge-GR04/ros2_ws/install/mav_msgs/lib/python3.12/site-packages/mav_msgs/mav_msgs_s__rosidl_typesupport_introspection_c.so
-- Set non-toolchain portion of runtime path of "/home/leon/Dev/TUM/autonome-systeme/project/Autonomous-Systems-Sub-Terrain-Challenge-GR04/ros2_ws/install/mav_msgs/lib/python3.12/site-packages/mav_msgs/mav_msgs_s__rosidl_typesupport_introspection_c.so" to ""
-- Installing: /home/leon/Dev/TUM/autonome-systeme/project/Autonomous-Systems-Sub-Terrain-Challenge-GR04/ros2_ws/install/mav_msgs/lib/python3.12/site-packages/mav_msgs/mav_msgs_s__rosidl_typesupport_c.so
-- Set non-toolchain portion of runtime path of "/home/leon/Dev/TUM/autonome-systeme/project/Autonomous-Systems-Sub-Terrain-Challenge-GR04/ros2_ws/install/mav_msgs/lib/python3.12/site-packages/mav_msgs/mav_msgs_s__rosidl_typesupport_c.so" to ""
-- Installing: /home/leon/Dev/TUM/autonome-systeme/project/Autonomous-Systems-Sub-Terrain-Challenge-GR04/ros2_ws/install/mav_msgs/lib/libmav_msgs__rosidl_generator_py.so
-- Set non-toolchain portion of runtime path of "/home/leon/Dev/TUM/autonome-systeme/project/Autonomous-Systems-Sub-Terrain-Challenge-GR04/ros2_ws/install/mav_msgs/lib/libmav_msgs__rosidl_generator_py.so" to ""
-- Installing: /home/leon/Dev/TUM/autonome-systeme/project/Autonomous-Systems-Sub-Terrain-Challenge-GR04/ros2_ws/install/mav_msgs/share/mav_msgs/msg/Actuators.idl
-- Installing: /home/leon/Dev/TUM/autonome-systeme/project/Autonomous-Systems-Sub-Terrain-Challenge-GR04/ros2_ws/install/mav_msgs/share/mav_msgs/msg/AttitudeThrust.idl
-- Installing: /home/leon/Dev/TUM/autonome-systeme/project/Autonomous-Systems-Sub-Terrain-Challenge-GR04/ros2_ws/install/mav_msgs/share/mav_msgs/msg/FilteredSensorData.idl
-- Installing: /home/leon/Dev/TUM/autonome-systeme/project/Autonomous-Systems-Sub-Terrain-Challenge-GR04/ros2_ws/install/mav_msgs/share/mav_msgs/msg/GpsWaypoint.idl
-- Installing: /home/leon/Dev/TUM/autonome-systeme/project/Autonomous-Systems-Sub-Terrain-Challenge-GR04/ros2_ws/install/mav_msgs/share/mav_msgs/msg/RateThrust.idl
-- Installing: /home/leon/Dev/TUM/autonome-systeme/project/Autonomous-Systems-Sub-Terrain-Challenge-GR04/ros2_ws/install/mav_msgs/share/mav_msgs/msg/RollPitchYawrateThrust.idl
-- Installing: /home/leon/Dev/TUM/autonome-systeme/project/Autonomous-Systems-Sub-Terrain-Challenge-GR04/ros2_ws/install/mav_msgs/share/mav_msgs/msg/Status.idl
-- Installing: /home/leon/Dev/TUM/autonome-systeme/project/Autonomous-Systems-Sub-Terrain-Challenge-GR04/ros2_ws/install/mav_msgs/share/mav_msgs/msg/TorqueThrust.idl
-- Installing: /home/leon/Dev/TUM/autonome-systeme/project/Autonomous-Systems-Sub-Terrain-Challenge-GR04/ros2_ws/install/mav_msgs/share/mav_msgs/msg/Actuators.msg
-- Installing: /home/leon/Dev/TUM/autonome-systeme/project/Autonomous-Systems-Sub-Terrain-Challenge-GR04/ros2_ws/install/mav_msgs/share/mav_msgs/msg/AttitudeThrust.msg
-- Installing: /home/leon/Dev/TUM/autonome-systeme/project/Autonomous-Systems-Sub-Terrain-Challenge-GR04/ros2_ws/install/mav_msgs/share/mav_msgs/msg/FilteredSensorData.msg
-- Installing: /home/leon/Dev/TUM/autonome-systeme/project/Autonomous-Systems-Sub-Terrain-Challenge-GR04/ros2_ws/install/mav_msgs/share/mav_msgs/msg/GpsWaypoint.msg
-- Installing: /home/leon/Dev/TUM/autonome-systeme/project/Autonomous-Systems-Sub-Terrain-Challenge-GR04/ros2_ws/install/mav_msgs/share/mav_msgs/msg/RateThrust.msg
-- Installing: /home/leon/Dev/TUM/autonome-systeme/project/Autonomous-Systems-Sub-Terrain-Challenge-GR04/ros2_ws/install/mav_msgs/share/mav_msgs/msg/RollPitchYawrateThrust.msg
-- Installing: /home/leon/Dev/TUM/autonome-systeme/project/Autonomous-Systems-Sub-Terrain-Challenge-GR04/ros2_ws/install/mav_msgs/share/mav_msgs/msg/Status.msg
-- Installing: /home/leon/Dev/TUM/autonome-systeme/project/Autonomous-Systems-Sub-Terrain-Challenge-GR04/ros2_ws/install/mav_msgs/share/mav_msgs/msg/TorqueThrust.msg
-- Up-to-date: /home/leon/Dev/TUM/autonome-systeme/project/Autonomous-Systems-Sub-Terrain-Challenge-GR04/ros2_ws/install/mav_msgs/include/mav_msgs
-- Up-to-date: /home/leon/Dev/TUM/autonome-systeme/project/Autonomous-Systems-Sub-Terrain-Challenge-GR04/ros2_ws/install/mav_msgs/include/mav_msgs/mav_msgs
-- Installing: /home/leon/Dev/TUM/autonome-systeme/project/Autonomous-Systems-Sub-Terrain-Challenge-GR04/ros2_ws/install/mav_msgs/include/mav_msgs/mav_msgs/default_topics.hpp
-- Installing: /home/leon/Dev/TUM/autonome-systeme/project/Autonomous-Systems-Sub-Terrain-Challenge-GR04/ros2_ws/install/mav_msgs/include/mav_msgs/mav_msgs/common.hpp
-- Installing: /home/leon/Dev/TUM/autonome-systeme/project/Autonomous-Systems-Sub-Terrain-Challenge-GR04/ros2_ws/install/mav_msgs/include/mav_msgs/mav_msgs/eigen_mav_msgs.hpp
-- Installing: /home/leon/Dev/TUM/autonome-systeme/project/Autonomous-Systems-Sub-Terrain-Challenge-GR04/ros2_ws/install/mav_msgs/include/mav_msgs/mav_msgs/default_values.hpp
-- Installing: /home/leon/Dev/TUM/autonome-systeme/project/Autonomous-Systems-Sub-Terrain-Challenge-GR04/ros2_ws/install/mav_msgs/include/mav_msgs/mav_msgs/conversions.hpp
-- Installing: /home/leon/Dev/TUM/autonome-systeme/project/Autonomous-Systems-Sub-Terrain-Challenge-GR04/ros2_ws/install/mav_msgs/share/ament_index/resource_index/package_run_dependencies/mav_msgs
-- Installing: /home/leon/Dev/TUM/autonome-systeme/project/Autonomous-Systems-Sub-Terrain-Challenge-GR04/ros2_ws/install/mav_msgs/share/ament_index/resource_index/parent_prefix_path/mav_msgs
-- Installing: /home/leon/Dev/TUM/autonome-systeme/project/Autonomous-Systems-Sub-Terrain-Challenge-GR04/ros2_ws/install/mav_msgs/share/mav_msgs/environment/ament_prefix_path.sh
-- Installing: /home/leon/Dev/TUM/autonome-systeme/project/Autonomous-Systems-Sub-Terrain-Challenge-GR04/ros2_ws/install/mav_msgs/share/mav_msgs/environment/ament_prefix_path.dsv
-- Installing: /home/leon/Dev/TUM/autonome-systeme/project/Autonomous-Systems-Sub-Terrain-Challenge-GR04/ros2_ws/install/mav_msgs/share/mav_msgs/environment/path.sh
-- Installing: /home/leon/Dev/TUM/autonome-systeme/project/Autonomous-Systems-Sub-Terrain-Challenge-GR04/ros2_ws/install/mav_msgs/share/mav_msgs/environment/path.dsv
-- Installing: /home/leon/Dev/TUM/autonome-systeme/project/Autonomous-Systems-Sub-Terrain-Challenge-GR04/ros2_ws/install/mav_msgs/share/mav_msgs/local_setup.bash
-- Installing: /home/leon/Dev/TUM/autonome-systeme/project/Autonomous-Systems-Sub-Terrain-Challenge-GR04/ros2_ws/install/mav_msgs/share/mav_msgs/local_setup.sh
-- Installing: /home/leon/Dev/TUM/autonome-systeme/project/Autonomous-Systems-Sub-Terrain-Challenge-GR04/ros2_ws/install/mav_msgs/share/mav_msgs/local_setup.zsh
-- Installing: /home/leon/Dev/TUM/autonome-systeme/project/Autonomous-Systems-Sub-Terrain-Challenge-GR04/ros2_ws/install/mav_msgs/share/mav_msgs/local_setup.dsv
-- Installing: /home/leon/Dev/TUM/autonome-systeme/project/Autonomous-Systems-Sub-Terrain-Challenge-GR04/ros2_ws/install/mav_msgs/share/mav_msgs/package.dsv
-- Installing: /home/leon/Dev/TUM/autonome-systeme/project/Autonomous-Systems-Sub-Terrain-Challenge-GR04/ros2_ws/install/mav_msgs/share/ament_index/resource_index/packages/mav_msgs
-- Installing: /home/leon/Dev/TUM/autonome-systeme/project/Autonomous-Systems-Sub-Terrain-Challenge-GR04/ros2_ws/install/mav_msgs/share/mav_msgs/cmake/export_mav_msgs__rosidl_generator_cExport.cmake
-- Installing: /home/leon/Dev/TUM/autonome-systeme/project/Autonomous-Systems-Sub-Terrain-Challenge-GR04/ros2_ws/install/mav_msgs/share/mav_msgs/cmake/export_mav_msgs__rosidl_generator_cExport-noconfig.cmake
-- Installing: /home/leon/Dev/TUM/autonome-systeme/project/Autonomous-Systems-Sub-Terrain-Challenge-GR04/ros2_ws/install/mav_msgs/share/mav_msgs/cmake/export_mav_msgs__rosidl_typesupport_fastrtps_cExport.cmake
-- Installing: /home/leon/Dev/TUM/autonome-systeme/project/Autonomous-Systems-Sub-Terrain-Challenge-GR04/ros2_ws/install/mav_msgs/share/mav_msgs/cmake/export_mav_msgs__rosidl_typesupport_fastrtps_cExport-noconfig.cmake
-- Installing: /home/leon/Dev/TUM/autonome-systeme/project/Autonomous-Systems-Sub-Terrain-Challenge-GR04/ros2_ws/install/mav_msgs/share/mav_msgs/cmake/mav_msgs__rosidl_typesupport_introspection_cExport.cmake
-- Installing: /home/leon/Dev/TUM/autonome-systeme/project/Autonomous-Systems-Sub-Terrain-Challenge-GR04/ros2_ws/install/mav_msgs/share/mav_msgs/cmake/mav_msgs__rosidl_typesupport_introspection_cExport-noconfig.cmake
-- Installing: /home/leon/Dev/TUM/autonome-systeme/project/Autonomous-Systems-Sub-Terrain-Challenge-GR04/ros2_ws/install/mav_msgs/share/mav_msgs/cmake/mav_msgs__rosidl_typesupport_cExport.cmake
-- Installing: /home/leon/Dev/TUM/autonome-systeme/project/Autonomous-Systems-Sub-Terrain-Challenge-GR04/ros2_ws/install/mav_msgs/share/mav_msgs/cmake/mav_msgs__rosidl_typesupport_cExport-noconfig.cmake
-- Installing: /home/leon/Dev/TUM/autonome-systeme/project/Autonomous-Systems-Sub-Terrain-Challenge-GR04/ros2_ws/install/mav_msgs/share/mav_msgs/cmake/export_mav_msgs__rosidl_generator_cppExport.cmake
-- Installing: /home/leon/Dev/TUM/autonome-systeme/project/Autonomous-Systems-Sub-Terrain-Challenge-GR04/ros2_ws/install/mav_msgs/share/mav_msgs/cmake/export_mav_msgs__rosidl_typesupport_fastrtps_cppExport.cmake
-- Installing: /home/leon/Dev/TUM/autonome-systeme/project/Autonomous-Systems-Sub-Terrain-Challenge-GR04/ros2_ws/install/mav_msgs/share/mav_msgs/cmake/export_mav_msgs__rosidl_typesupport_fastrtps_cppExport-noconfig.cmake
-- Installing: /home/leon/Dev/TUM/autonome-systeme/project/Autonomous-Systems-Sub-Terrain-Challenge-GR04/ros2_ws/install/mav_msgs/share/mav_msgs/cmake/mav_msgs__rosidl_typesupport_introspection_cppExport.cmake
-- Installing: /home/leon/Dev/TUM/autonome-systeme/project/Autonomous-Systems-Sub-Terrain-Challenge-GR04/ros2_ws/install/mav_msgs/share/mav_msgs/cmake/mav_msgs__rosidl_typesupport_introspection_cppExport-noconfig.cmake
-- Installing: /home/leon/Dev/TUM/autonome-systeme/project/Autonomous-Systems-Sub-Terrain-Challenge-GR04/ros2_ws/install/mav_msgs/share/mav_msgs/cmake/mav_msgs__rosidl_typesupport_cppExport.cmake
-- Installing: /home/leon/Dev/TUM/autonome-systeme/project/Autonomous-Systems-Sub-Terrain-Challenge-GR04/ros2_ws/install/mav_msgs/share/mav_msgs/cmake/mav_msgs__rosidl_typesupport_cppExport-noconfig.cmake
-- Installing: /home/leon/Dev/TUM/autonome-systeme/project/Autonomous-Systems-Sub-Terrain-Challenge-GR04/ros2_ws/install/mav_msgs/share/mav_msgs/cmake/export_mav_msgs__rosidl_generator_pyExport.cmake
-- Installing: /home/leon/Dev/TUM/autonome-systeme/project/Autonomous-Systems-Sub-Terrain-Challenge-GR04/ros2_ws/install/mav_msgs/share/mav_msgs/cmake/export_mav_msgs__rosidl_generator_pyExport-noconfig.cmake
-- Installing: /home/leon/Dev/TUM/autonome-systeme/project/Autonomous-Systems-Sub-Terrain-Challenge-GR04/ros2_ws/install/mav_msgs/share/mav_msgs/cmake/rosidl_cmake-extras.cmake
-- Installing: /home/leon/Dev/TUM/autonome-systeme/project/Autonomous-Systems-Sub-Terrain-Challenge-GR04/ros2_ws/install/mav_msgs/share/mav_msgs/cmake/ament_cmake_export_dependencies-extras.cmake
-- Installing: /home/leon/Dev/TUM/autonome-systeme/project/Autonomous-Systems-Sub-Terrain-Challenge-GR04/ros2_ws/install/mav_msgs/share/mav_msgs/cmake/ament_cmake_export_include_directories-extras.cmake
-- Installing: /home/leon/Dev/TUM/autonome-systeme/project/Autonomous-Systems-Sub-Terrain-Challenge-GR04/ros2_ws/install/mav_msgs/share/mav_msgs/cmake/ament_cmake_export_libraries-extras.cmake
-- Installing: /home/leon/Dev/TUM/autonome-systeme/project/Autonomous-Systems-Sub-Terrain-Challenge-GR04/ros2_ws/install/mav_msgs/share/mav_msgs/cmake/ament_cmake_export_targets-extras.cmake
-- Installing: /home/leon/Dev/TUM/autonome-systeme/project/Autonomous-Systems-Sub-Terrain-Challenge-GR04/ros2_ws/install/mav_msgs/share/mav_msgs/cmake/rosidl_cmake_export_typesupport_targets-extras.cmake
-- Installing: /home/leon/Dev/TUM/autonome-systeme/project/Autonomous-Systems-Sub-Terrain-Challenge-GR04/ros2_ws/install/mav_msgs/share/mav_msgs/cmake/rosidl_cmake_export_typesupport_libraries-extras.cmake
-- Installing: /home/leon/Dev/TUM/autonome-systeme/project/Autonomous-Systems-Sub-Terrain-Challenge-GR04/ros2_ws/install/mav_msgs/share/mav_msgs/cmake/mav_msgsConfig.cmake
-- Installing: /home/leon/Dev/TUM/autonome-systeme/project/Autonomous-Systems-Sub-Terrain-Challenge-GR04/ros2_ws/install/mav_msgs/share/mav_msgs/cmake/mav_msgsConfig-version.cmake
-- Installing: /home/leon/Dev/TUM/autonome-systeme/project/Autonomous-Systems-Sub-Terrain-Challenge-GR04/ros2_ws/install/mav_msgs/share/mav_msgs/package.xml
