[0.014s] Invoking command in '/home/leon/Dev/TUM/autonome-systeme/project/Autonomous-Systems-Sub-Terrain-Challenge-GR04/ros2_ws/build/controller_pkg': AMENT_PREFIX_PATH=/home/leon/Dev/TUM/autonome-systeme/project/Autonomous-Systems-Sub-Terrain-Challenge-GR04/ros2_ws/install/mav_msgs:${AMENT_PREFIX_PATH} CMAKE_PREFIX_PATH=/home/leon/Dev/TUM/autonome-systeme/project/Autonomous-Systems-Sub-Terrain-Challenge-GR04/ros2_ws/install/mav_msgs:/opt/ros/jazzy/opt/gz_math_vendor:/opt/ros/jazzy/opt/gz_utils_vendor:/opt/ros/jazzy/opt/gz_cmake_vendor:/opt/ros/jazzy DEBUGINFOD_URLS=https://debuginfod.ubuntu.com LD_LIBRARY_PATH=/home/leon/Dev/TUM/autonome-systeme/project/Autonomous-Systems-Sub-Terrain-Challenge-GR04/ros2_ws/install/mav_msgs/lib:${LD_LIBRARY_PATH} PYTHONPATH=/home/leon/Dev/TUM/autonome-systeme/project/Autonomous-Systems-Sub-Terrain-Challenge-GR04/ros2_ws/install/mav_msgs/lib/python3.12/site-packages:${PYTHONPATH} /usr/bin/cmake /home/leon/Dev/TUM/autonome-systeme/project/Autonomous-Systems-Sub-Terrain-Challenge-GR04/ros2_ws/src/controller_pkg -DCMAKE_INSTALL_PREFIX=/home/leon/Dev/TUM/autonome-systeme/project/Autonomous-Systems-Sub-Terrain-Challenge-GR04/ros2_ws/install/controller_pkg
[0.078s] -- The C compiler identification is GNU 13.3.0
[0.143s] -- The CXX compiler identification is GNU 13.3.0
[0.158s] -- Detecting C compiler ABI info
[0.248s] -- Detecting C compiler ABI info - done
[0.255s] -- Check for working C compiler: /usr/bin/ccache - skipped
[0.257s] -- Detecting C compile features
[0.258s] -- Detecting C compile features - done
[0.263s] -- Detecting CXX compiler ABI info
[0.364s] -- Detecting CXX compiler ABI info - done
[0.371s] -- Check for working CXX compiler: /usr/bin/ccache - skipped
[0.372s] -- Detecting CXX compile features
[0.372s] -- Detecting CXX compile features - done
[0.375s] -- Found ament_cmake: 2.5.4 (/opt/ros/jazzy/share/ament_cmake/cmake)
[0.528s] -- Found Python3: /usr/bin/python3 (found version "3.12.3") found components: Interpreter 
[0.640s] -- Found rclcpp: 28.1.13 (/opt/ros/jazzy/share/rclcpp/cmake)
[0.679s] -- Found rosidl_generator_c: 4.6.6 (/opt/ros/jazzy/share/rosidl_generator_c/cmake)
[0.690s] -- Found rosidl_generator_cpp: 4.6.6 (/opt/ros/jazzy/share/rosidl_generator_cpp/cmake)
[0.707s] -- Using all available rosidl_typesupport_c: rosidl_typesupport_fastrtps_c;rosidl_typesupport_introspection_c
[0.726s] -- Using all available rosidl_typesupport_cpp: rosidl_typesupport_fastrtps_cpp;rosidl_typesupport_introspection_cpp
[0.831s] -- Found rmw_implementation_cmake: 7.3.2 (/opt/ros/jazzy/share/rmw_implementation_cmake/cmake)
[0.837s] -- Found rmw_fastrtps_cpp: 8.4.3 (/opt/ros/jazzy/share/rmw_fastrtps_cpp/cmake)
[0.941s] -- Found OpenSSL: /usr/lib/x86_64-linux-gnu/libcrypto.so (found version "3.0.13")  
[0.965s] -- Found FastRTPS: /opt/ros/jazzy/include (Required is at least version "2.13") 
[0.992s] -- Using RMW implementation 'rmw_fastrtps_cpp' as default
[1.093s] -- Found std_msgs: 5.3.6 (/opt/ros/jazzy/share/std_msgs/cmake)
[1.108s] -- Found geometry_msgs: 5.3.6 (/opt/ros/jazzy/share/geometry_msgs/cmake)
[1.125s] -- Found tf2: 0.36.16 (/opt/ros/jazzy/share/tf2/cmake)
[1.132s] -- Found tf2_ros: 0.36.16 (/opt/ros/jazzy/share/tf2_ros/cmake)
[1.283s] -- Found tf2_eigen: 0.36.16 (/opt/ros/jazzy/share/tf2_eigen/cmake)
[1.293s] -- Found mav_msgs: 3.3.3 (/home/leon/Dev/TUM/autonome-systeme/project/Autonomous-Systems-Sub-Terrain-Challenge-GR04/ros2_ws/install/mav_msgs/share/mav_msgs/cmake)
[1.352s] -- Found trajectory_msgs: 5.3.6 (/opt/ros/jazzy/share/trajectory_msgs/cmake)
[1.372s] -- Found Eigen3: TRUE (found version "3.4.0") 
[1.489s] -- Configuring done (1.5s)
[1.511s] -- Generating done (0.0s)
[1.518s] -- Build files have been written to: /home/leon/Dev/TUM/autonome-systeme/project/Autonomous-Systems-Sub-Terrain-Challenge-GR04/ros2_ws/build/controller_pkg
[1.540s] Invoked command in '/home/leon/Dev/TUM/autonome-systeme/project/Autonomous-Systems-Sub-Terrain-Challenge-GR04/ros2_ws/build/controller_pkg' returned '0': AMENT_PREFIX_PATH=/home/leon/Dev/TUM/autonome-systeme/project/Autonomous-Systems-Sub-Terrain-Challenge-GR04/ros2_ws/install/mav_msgs:${AMENT_PREFIX_PATH} CMAKE_PREFIX_PATH=/home/leon/Dev/TUM/autonome-systeme/project/Autonomous-Systems-Sub-Terrain-Challenge-GR04/ros2_ws/install/mav_msgs:/opt/ros/jazzy/opt/gz_math_vendor:/opt/ros/jazzy/opt/gz_utils_vendor:/opt/ros/jazzy/opt/gz_cmake_vendor:/opt/ros/jazzy DEBUGINFOD_URLS=https://debuginfod.ubuntu.com LD_LIBRARY_PATH=/home/leon/Dev/TUM/autonome-systeme/project/Autonomous-Systems-Sub-Terrain-Challenge-GR04/ros2_ws/install/mav_msgs/lib:${LD_LIBRARY_PATH} PYTHONPATH=/home/leon/Dev/TUM/autonome-systeme/project/Autonomous-Systems-Sub-Terrain-Challenge-GR04/ros2_ws/install/mav_msgs/lib/python3.12/site-packages:${PYTHONPATH} /usr/bin/cmake /home/leon/Dev/TUM/autonome-systeme/project/Autonomous-Systems-Sub-Terrain-Challenge-GR04/ros2_ws/src/controller_pkg -DCMAKE_INSTALL_PREFIX=/home/leon/Dev/TUM/autonome-systeme/project/Autonomous-Systems-Sub-Terrain-Challenge-GR04/ros2_ws/install/controller_pkg
[1.541s] Invoking command in '/home/leon/Dev/TUM/autonome-systeme/project/Autonomous-Systems-Sub-Terrain-Challenge-GR04/ros2_ws/build/controller_pkg': AMENT_PREFIX_PATH=/home/leon/Dev/TUM/autonome-systeme/project/Autonomous-Systems-Sub-Terrain-Challenge-GR04/ros2_ws/install/mav_msgs:${AMENT_PREFIX_PATH} CMAKE_PREFIX_PATH=/home/leon/Dev/TUM/autonome-systeme/project/Autonomous-Systems-Sub-Terrain-Challenge-GR04/ros2_ws/install/mav_msgs:/opt/ros/jazzy/opt/gz_math_vendor:/opt/ros/jazzy/opt/gz_utils_vendor:/opt/ros/jazzy/opt/gz_cmake_vendor:/opt/ros/jazzy DEBUGINFOD_URLS=https://debuginfod.ubuntu.com LD_LIBRARY_PATH=/home/leon/Dev/TUM/autonome-systeme/project/Autonomous-Systems-Sub-Terrain-Challenge-GR04/ros2_ws/install/mav_msgs/lib:${LD_LIBRARY_PATH} PYTHONPATH=/home/leon/Dev/TUM/autonome-systeme/project/Autonomous-Systems-Sub-Terrain-Challenge-GR04/ros2_ws/install/mav_msgs/lib/python3.12/site-packages:${PYTHONPATH} /usr/bin/cmake --build /home/leon/Dev/TUM/autonome-systeme/project/Autonomous-Systems-Sub-Terrain-Challenge-GR04/ros2_ws/build/controller_pkg -- -j12 -l12
[1.618s] [ 50%] [32mBuilding CXX object CMakeFiles/controller_node.dir/src/controller_wrapper.cpp.o[0m
[7.121s] [100%] [32m[1mLinking CXX executable controller_node[0m
[8.115s] [100%] Built target controller_node
[8.129s] Invoked command in '/home/leon/Dev/TUM/autonome-systeme/project/Autonomous-Systems-Sub-Terrain-Challenge-GR04/ros2_ws/build/controller_pkg' returned '0': AMENT_PREFIX_PATH=/home/leon/Dev/TUM/autonome-systeme/project/Autonomous-Systems-Sub-Terrain-Challenge-GR04/ros2_ws/install/mav_msgs:${AMENT_PREFIX_PATH} CMAKE_PREFIX_PATH=/home/leon/Dev/TUM/autonome-systeme/project/Autonomous-Systems-Sub-Terrain-Challenge-GR04/ros2_ws/install/mav_msgs:/opt/ros/jazzy/opt/gz_math_vendor:/opt/ros/jazzy/opt/gz_utils_vendor:/opt/ros/jazzy/opt/gz_cmake_vendor:/opt/ros/jazzy DEBUGINFOD_URLS=https://debuginfod.ubuntu.com LD_LIBRARY_PATH=/home/leon/Dev/TUM/autonome-systeme/project/Autonomous-Systems-Sub-Terrain-Challenge-GR04/ros2_ws/install/mav_msgs/lib:${LD_LIBRARY_PATH} PYTHONPATH=/home/leon/Dev/TUM/autonome-systeme/project/Autonomous-Systems-Sub-Terrain-Challenge-GR04/ros2_ws/install/mav_msgs/lib/python3.12/site-packages:${PYTHONPATH} /usr/bin/cmake --build /home/leon/Dev/TUM/autonome-systeme/project/Autonomous-Systems-Sub-Terrain-Challenge-GR04/ros2_ws/build/controller_pkg -- -j12 -l12
[8.132s] Invoking command in '/home/leon/Dev/TUM/autonome-systeme/project/Autonomous-Systems-Sub-Terrain-Challenge-GR04/ros2_ws/build/controller_pkg': AMENT_PREFIX_PATH=/home/leon/Dev/TUM/autonome-systeme/project/Autonomous-Systems-Sub-Terrain-Challenge-GR04/ros2_ws/install/mav_msgs:${AMENT_PREFIX_PATH} CMAKE_PREFIX_PATH=/home/leon/Dev/TUM/autonome-systeme/project/Autonomous-Systems-Sub-Terrain-Challenge-GR04/ros2_ws/install/mav_msgs:/opt/ros/jazzy/opt/gz_math_vendor:/opt/ros/jazzy/opt/gz_utils_vendor:/opt/ros/jazzy/opt/gz_cmake_vendor:/opt/ros/jazzy DEBUGINFOD_URLS=https://debuginfod.ubuntu.com LD_LIBRARY_PATH=/home/leon/Dev/TUM/autonome-systeme/project/Autonomous-Systems-Sub-Terrain-Challenge-GR04/ros2_ws/install/mav_msgs/lib:${LD_LIBRARY_PATH} PYTHONPATH=/home/leon/Dev/TUM/autonome-systeme/project/Autonomous-Systems-Sub-Terrain-Challenge-GR04/ros2_ws/install/mav_msgs/lib/python3.12/site-packages:${PYTHONPATH} /usr/bin/cmake --install /home/leon/Dev/TUM/autonome-systeme/project/Autonomous-Systems-Sub-Terrain-Challenge-GR04/ros2_ws/build/controller_pkg
[8.149s] -- Install configuration: ""
[8.149s] -- Installing: /home/leon/Dev/TUM/autonome-systeme/project/Autonomous-Systems-Sub-Terrain-Challenge-GR04/ros2_ws/install/controller_pkg/lib/controller_pkg/controller_node
[8.150s] -- Set non-toolchain portion of runtime path of "/home/leon/Dev/TUM/autonome-systeme/project/Autonomous-Systems-Sub-Terrain-Challenge-GR04/ros2_ws/install/controller_pkg/lib/controller_pkg/controller_node" to ""
[8.150s] -- Installing: /home/leon/Dev/TUM/autonome-systeme/project/Autonomous-Systems-Sub-Terrain-Challenge-GR04/ros2_ws/install/controller_pkg/lib/libcontroller_lib.so
[8.166s] -- Installing: /home/leon/Dev/TUM/autonome-systeme/project/Autonomous-Systems-Sub-Terrain-Challenge-GR04/ros2_ws/install/controller_pkg/share/controller_pkg/launch
[8.166s] -- Installing: /home/leon/Dev/TUM/autonome-systeme/project/Autonomous-Systems-Sub-Terrain-Challenge-GR04/ros2_ws/install/controller_pkg/share/controller_pkg/launch/controller.launch.py
[8.166s] -- Installing: /home/leon/Dev/TUM/autonome-systeme/project/Autonomous-Systems-Sub-Terrain-Challenge-GR04/ros2_ws/install/controller_pkg/share/ament_index/resource_index/package_run_dependencies/controller_pkg
[8.166s] -- Installing: /home/leon/Dev/TUM/autonome-systeme/project/Autonomous-Systems-Sub-Terrain-Challenge-GR04/ros2_ws/install/controller_pkg/share/ament_index/resource_index/parent_prefix_path/controller_pkg
[8.167s] -- Installing: /home/leon/Dev/TUM/autonome-systeme/project/Autonomous-Systems-Sub-Terrain-Challenge-GR04/ros2_ws/install/controller_pkg/share/controller_pkg/environment/ament_prefix_path.sh
[8.167s] -- Installing: /home/leon/Dev/TUM/autonome-systeme/project/Autonomous-Systems-Sub-Terrain-Challenge-GR04/ros2_ws/install/controller_pkg/share/controller_pkg/environment/ament_prefix_path.dsv
[8.167s] -- Installing: /home/leon/Dev/TUM/autonome-systeme/project/Autonomous-Systems-Sub-Terrain-Challenge-GR04/ros2_ws/install/controller_pkg/share/controller_pkg/environment/path.sh
[8.168s] -- Installing: /home/leon/Dev/TUM/autonome-systeme/project/Autonomous-Systems-Sub-Terrain-Challenge-GR04/ros2_ws/install/controller_pkg/share/controller_pkg/environment/path.dsv
[8.168s] -- Installing: /home/leon/Dev/TUM/autonome-systeme/project/Autonomous-Systems-Sub-Terrain-Challenge-GR04/ros2_ws/install/controller_pkg/share/controller_pkg/local_setup.bash
[8.168s] -- Installing: /home/leon/Dev/TUM/autonome-systeme/project/Autonomous-Systems-Sub-Terrain-Challenge-GR04/ros2_ws/install/controller_pkg/share/controller_pkg/local_setup.sh
[8.168s] -- Installing: /home/leon/Dev/TUM/autonome-systeme/project/Autonomous-Systems-Sub-Terrain-Challenge-GR04/ros2_ws/install/controller_pkg/share/controller_pkg/local_setup.zsh
[8.168s] -- Installing: /home/leon/Dev/TUM/autonome-systeme/project/Autonomous-Systems-Sub-Terrain-Challenge-GR04/ros2_ws/install/controller_pkg/share/controller_pkg/local_setup.dsv
[8.169s] -- Installing: /home/leon/Dev/TUM/autonome-systeme/project/Autonomous-Systems-Sub-Terrain-Challenge-GR04/ros2_ws/install/controller_pkg/share/controller_pkg/package.dsv
[8.169s] -- Installing: /home/leon/Dev/TUM/autonome-systeme/project/Autonomous-Systems-Sub-Terrain-Challenge-GR04/ros2_ws/install/controller_pkg/share/ament_index/resource_index/packages/controller_pkg
[8.169s] -- Installing: /home/leon/Dev/TUM/autonome-systeme/project/Autonomous-Systems-Sub-Terrain-Challenge-GR04/ros2_ws/install/controller_pkg/share/controller_pkg/cmake/ament_cmake_export_dependencies-extras.cmake
[8.169s] -- Installing: /home/leon/Dev/TUM/autonome-systeme/project/Autonomous-Systems-Sub-Terrain-Challenge-GR04/ros2_ws/install/controller_pkg/share/controller_pkg/cmake/controller_pkgConfig.cmake
[8.169s] -- Installing: /home/leon/Dev/TUM/autonome-systeme/project/Autonomous-Systems-Sub-Terrain-Challenge-GR04/ros2_ws/install/controller_pkg/share/controller_pkg/cmake/controller_pkgConfig-version.cmake
[8.170s] -- Installing: /home/leon/Dev/TUM/autonome-systeme/project/Autonomous-Systems-Sub-Terrain-Challenge-GR04/ros2_ws/install/controller_pkg/share/controller_pkg/package.xml
[8.172s] Invoked command in '/home/leon/Dev/TUM/autonome-systeme/project/Autonomous-Systems-Sub-Terrain-Challenge-GR04/ros2_ws/build/controller_pkg' returned '0': AMENT_PREFIX_PATH=/home/leon/Dev/TUM/autonome-systeme/project/Autonomous-Systems-Sub-Terrain-Challenge-GR04/ros2_ws/install/mav_msgs:${AMENT_PREFIX_PATH} CMAKE_PREFIX_PATH=/home/leon/Dev/TUM/autonome-systeme/project/Autonomous-Systems-Sub-Terrain-Challenge-GR04/ros2_ws/install/mav_msgs:/opt/ros/jazzy/opt/gz_math_vendor:/opt/ros/jazzy/opt/gz_utils_vendor:/opt/ros/jazzy/opt/gz_cmake_vendor:/opt/ros/jazzy DEBUGINFOD_URLS=https://debuginfod.ubuntu.com LD_LIBRARY_PATH=/home/leon/Dev/TUM/autonome-systeme/project/Autonomous-Systems-Sub-Terrain-Challenge-GR04/ros2_ws/install/mav_msgs/lib:${LD_LIBRARY_PATH} PYTHONPATH=/home/leon/Dev/TUM/autonome-systeme/project/Autonomous-Systems-Sub-Terrain-Challenge-GR04/ros2_ws/install/mav_msgs/lib/python3.12/site-packages:${PYTHONPATH} /usr/bin/cmake --install /home/leon/Dev/TUM/autonome-systeme/project/Autonomous-Systems-Sub-Terrain-Challenge-GR04/ros2_ws/build/controller_pkg
